[2025-11-17T15:39:18.835+0000] {local_task_job_runner.py:120} INFO - ::group::Pre task execution logs
[2025-11-17T15:39:18.937+0000] {taskinstance.py:2076} INFO - Dependencies all met for dep_context=non-requeueable deps ti=<TaskInstance: job_ingestion_pipeline.validate_data manual__2025-11-17T15:36:50.629434+00:00 map_index=8 [queued]>
[2025-11-17T15:39:18.961+0000] {taskinstance.py:2076} INFO - Dependencies all met for dep_context=requeueable deps ti=<TaskInstance: job_ingestion_pipeline.validate_data manual__2025-11-17T15:36:50.629434+00:00 map_index=8 [queued]>
[2025-11-17T15:39:18.964+0000] {taskinstance.py:2306} INFO - Starting attempt 2 of 2
[2025-11-17T15:39:19.008+0000] {taskinstance.py:2330} INFO - Executing <Mapped(_PythonDecoratedOperator): validate_data> on 2025-11-17 15:36:50.629434+00:00
[2025-11-17T15:39:19.052+0000] {logging_mixin.py:188} WARNING - /home/***/.local/lib/python3.12/site-packages/***/task/task_runner/standard_task_runner.py:62 DeprecationWarning: This process (pid=1545) is multi-threaded, use of fork() may lead to deadlocks in the child.
[2025-11-17T15:39:19.060+0000] {standard_task_runner.py:64} INFO - Started process 1745 to run task
[2025-11-17T15:39:19.062+0000] {standard_task_runner.py:90} INFO - Running: ['***', 'tasks', 'run', 'job_ingestion_pipeline', 'validate_data', 'manual__2025-11-17T15:36:50.629434+00:00', '--job-id', '91', '--raw', '--subdir', 'DAGS_FOLDER/dag_ingestion.py', '--cfg-path', '/tmp/tmpdo1ovjqo', '--map-index', '8']
[2025-11-17T15:39:19.069+0000] {standard_task_runner.py:91} INFO - Job 91: Subtask validate_data
[2025-11-17T15:39:19.252+0000] {task_command.py:426} INFO - Running <TaskInstance: job_ingestion_pipeline.validate_data manual__2025-11-17T15:36:50.629434+00:00 map_index=8 [running]> on host 2921dde74235
[2025-11-17T15:39:19.509+0000] {taskinstance.py:2648} INFO - Exporting env vars: AIRFLOW_CTX_DAG_OWNER='***' AIRFLOW_CTX_DAG_ID='job_ingestion_pipeline' AIRFLOW_CTX_TASK_ID='validate_data' AIRFLOW_CTX_EXECUTION_DATE='2025-11-17T15:36:50.629434+00:00' AIRFLOW_CTX_TRY_NUMBER='2' AIRFLOW_CTX_DAG_RUN_ID='manual__2025-11-17T15:36:50.629434+00:00'
[2025-11-17T15:39:19.514+0000] {taskinstance.py:430} INFO - ::endgroup::
[2025-11-17T15:39:19.515+0000] {logging_mixin.py:188} INFO - üîç Validating file: /opt/***/data/raw_data/job_part_007.csv
[2025-11-17T15:39:19.665+0000] {taskinstance.py:441} INFO - ::group::Post task execution logs
[2025-11-17T15:39:19.667+0000] {taskinstance.py:2905} ERROR - Task failed with exception
Traceback (most recent call last):
  File "/home/airflow/.local/lib/python3.12/site-packages/airflow/models/taskinstance.py", line 465, in _execute_task
    result = _execute_callable(context=context, **execute_callable_kwargs)
             ^^^^^^^^^^^^^^^^^^^^^^^^^^^^^^^^^^^^^^^^^^^^^^^^^^^^^^^^^^^^^
  File "/home/airflow/.local/lib/python3.12/site-packages/airflow/models/taskinstance.py", line 432, in _execute_callable
    return execute_callable(context=context, **execute_callable_kwargs)
           ^^^^^^^^^^^^^^^^^^^^^^^^^^^^^^^^^^^^^^^^^^^^^^^^^^^^^^^^^^^^
  File "/home/airflow/.local/lib/python3.12/site-packages/airflow/models/baseoperator.py", line 401, in wrapper
    return func(self, *args, **kwargs)
           ^^^^^^^^^^^^^^^^^^^^^^^^^^^
  File "/home/airflow/.local/lib/python3.12/site-packages/airflow/decorators/base.py", line 265, in execute
    return_value = super().execute(context)
                   ^^^^^^^^^^^^^^^^^^^^^^^^
  File "/home/airflow/.local/lib/python3.12/site-packages/airflow/models/baseoperator.py", line 401, in wrapper
    return func(self, *args, **kwargs)
           ^^^^^^^^^^^^^^^^^^^^^^^^^^^
  File "/home/airflow/.local/lib/python3.12/site-packages/airflow/operators/python.py", line 235, in execute
    return_value = self.execute_callable()
                   ^^^^^^^^^^^^^^^^^^^^^^^
  File "/home/airflow/.local/lib/python3.12/site-packages/airflow/operators/python.py", line 252, in execute_callable
    return self.python_callable(*self.op_args, **self.op_kwargs)
           ^^^^^^^^^^^^^^^^^^^^^^^^^^^^^^^^^^^^^^^^^^^^^^^^^^^^^
  File "/opt/airflow/dags/dag_ingestion.py", line 72, in validate_data
    ge_df = ge.dataset.PandasDataset(df)
            ^^^^^^^^^^
AttributeError: module 'great_expectations' has no attribute 'dataset'
[2025-11-17T15:39:19.736+0000] {taskinstance.py:1206} INFO - Marking task as FAILED. dag_id=job_ingestion_pipeline, task_id=validate_data, run_id=manual__2025-11-17T15:36:50.629434+00:00, map_index=8, execution_date=20251117T153650, start_date=20251117T153918, end_date=20251117T153919
[2025-11-17T15:39:19.777+0000] {standard_task_runner.py:110} ERROR - Failed to execute job 91 for task validate_data (module 'great_expectations' has no attribute 'dataset'; 1745)
[2025-11-17T15:39:19.869+0000] {local_task_job_runner.py:243} INFO - Task exited with return code 1
[2025-11-17T15:39:19.934+0000] {taskinstance.py:3503} INFO - 0 downstream tasks scheduled from follow-on schedule check
[2025-11-17T15:39:19.940+0000] {local_task_job_runner.py:222} INFO - ::endgroup::
