[2025-11-28T23:42:01.106+0000] {local_task_job_runner.py:120} INFO - ::group::Pre task execution logs
[2025-11-28T23:42:01.184+0000] {taskinstance.py:2076} INFO - Dependencies all met for dep_context=non-requeueable deps ti=<TaskInstance: job_ingestion_pipeline.validate_data scheduled__2025-11-28T23:40:00+00:00 [queued]>
[2025-11-28T23:42:01.201+0000] {taskinstance.py:2076} INFO - Dependencies all met for dep_context=requeueable deps ti=<TaskInstance: job_ingestion_pipeline.validate_data scheduled__2025-11-28T23:40:00+00:00 [queued]>
[2025-11-28T23:42:01.203+0000] {taskinstance.py:2306} INFO - Starting attempt 1 of 1
[2025-11-28T23:42:01.229+0000] {taskinstance.py:2330} INFO - Executing <Task(_PythonDecoratedOperator): validate_data> on 2025-11-28 23:40:00+00:00
[2025-11-28T23:42:01.260+0000] {standard_task_runner.py:64} INFO - Started process 479 to run task
[2025-11-28T23:42:01.271+0000] {standard_task_runner.py:90} INFO - Running: ['***', 'tasks', 'run', 'job_ingestion_pipeline', 'validate_data', 'scheduled__2025-11-28T23:40:00+00:00', '--job-id', '364', '--raw', '--subdir', 'DAGS_FOLDER/dag_ingestion.py', '--cfg-path', '/tmp/tmponcy5lqt']
[2025-11-28T23:42:01.275+0000] {standard_task_runner.py:91} INFO - Job 364: Subtask validate_data
[2025-11-28T23:42:01.454+0000] {task_command.py:426} INFO - Running <TaskInstance: job_ingestion_pipeline.validate_data scheduled__2025-11-28T23:40:00+00:00 [running]> on host 9e1c9e9647a7
[2025-11-28T23:42:01.855+0000] {taskinstance.py:2648} INFO - Exporting env vars: AIRFLOW_CTX_DAG_OWNER='***' AIRFLOW_CTX_DAG_ID='job_ingestion_pipeline' AIRFLOW_CTX_TASK_ID='validate_data' AIRFLOW_CTX_EXECUTION_DATE='2025-11-28T23:40:00+00:00' AIRFLOW_CTX_TRY_NUMBER='1' AIRFLOW_CTX_DAG_RUN_ID='scheduled__2025-11-28T23:40:00+00:00'
[2025-11-28T23:42:01.857+0000] {taskinstance.py:430} INFO - ::endgroup::
[2025-11-28T23:42:01.994+0000] {base.py:1716} ERROR - Error while processing DataContextConfig: variables
[2025-11-28T23:42:01.995+0000] {base.py:145} ERROR - Encountered errors during loading config.  See ValidationError for more details.
[2025-11-28T23:42:01.997+0000] {taskinstance.py:441} INFO - ::group::Post task execution logs
[2025-11-28T23:42:01.998+0000] {taskinstance.py:2905} ERROR - Task failed with exception
Traceback (most recent call last):
  File "/home/airflow/.local/lib/python3.10/site-packages/airflow/models/taskinstance.py", line 465, in _execute_task
    result = _execute_callable(context=context, **execute_callable_kwargs)
  File "/home/airflow/.local/lib/python3.10/site-packages/airflow/models/taskinstance.py", line 432, in _execute_callable
    return execute_callable(context=context, **execute_callable_kwargs)
  File "/home/airflow/.local/lib/python3.10/site-packages/airflow/models/baseoperator.py", line 401, in wrapper
    return func(self, *args, **kwargs)
  File "/home/airflow/.local/lib/python3.10/site-packages/airflow/decorators/base.py", line 265, in execute
    return_value = super().execute(context)
  File "/home/airflow/.local/lib/python3.10/site-packages/airflow/models/baseoperator.py", line 401, in wrapper
    return func(self, *args, **kwargs)
  File "/home/airflow/.local/lib/python3.10/site-packages/airflow/operators/python.py", line 235, in execute
    return_value = self.execute_callable()
  File "/home/airflow/.local/lib/python3.10/site-packages/airflow/operators/python.py", line 252, in execute_callable
    return self.python_callable(*self.op_args, **self.op_kwargs)
  File "/opt/airflow/dags/dag_ingestion.py", line 85, in validate_data
    context = DataContext(GE_ROOT)
  File "/home/airflow/.local/lib/python3.10/site-packages/great_expectations/data_context/data_context/data_context.py", line 129, in DataContext
    project_config = FileDataContext._load_file_backed_project_config(
  File "/home/airflow/.local/lib/python3.10/site-packages/great_expectations/data_context/data_context/file_data_context.py", line 215, in _load_file_backed_project_config
    return DataContextConfig.from_commented_map(
  File "/home/airflow/.local/lib/python3.10/site-packages/great_expectations/data_context/types/base.py", line 139, in from_commented_map
    config: Union[dict, BYC] = schema_instance.load(commented_map)
  File "/home/airflow/.local/lib/python3.10/site-packages/marshmallow/schema.py", line 722, in load
    return self._do_load(
  File "/home/airflow/.local/lib/python3.10/site-packages/marshmallow/schema.py", line 908, in _do_load
    self.handle_error(exc, data, many=many, partial=partial)
  File "/home/airflow/.local/lib/python3.10/site-packages/great_expectations/data_context/types/base.py", line 1717, in handle_error
    raise gx_exceptions.InvalidDataContextConfigError(
great_expectations.exceptions.exceptions.InvalidDataContextConfigError: Error while processing DataContextConfig: variables
[2025-11-28T23:42:02.049+0000] {taskinstance.py:1206} INFO - Marking task as FAILED. dag_id=job_ingestion_pipeline, task_id=validate_data, run_id=scheduled__2025-11-28T23:40:00+00:00, execution_date=20251128T234000, start_date=20251128T234201, end_date=20251128T234202
[2025-11-28T23:42:02.076+0000] {standard_task_runner.py:110} ERROR - Failed to execute job 364 for task validate_data (Error while processing DataContextConfig: variables; 479)
[2025-11-28T23:42:02.156+0000] {local_task_job_runner.py:243} INFO - Task exited with return code 1
[2025-11-28T23:42:02.217+0000] {taskinstance.py:3503} INFO - 0 downstream tasks scheduled from follow-on schedule check
[2025-11-28T23:42:02.231+0000] {local_task_job_runner.py:222} INFO - ::endgroup::
