[2025-11-26T10:51:29.894+0000] {local_task_job_runner.py:120} INFO - ::group::Pre task execution logs
[2025-11-26T10:51:29.960+0000] {taskinstance.py:2076} INFO - Dependencies all met for dep_context=non-requeueable deps ti=<TaskInstance: job_ingestion_pipeline.validate_data manual__2025-11-26T10:51:11.845212+00:00 [queued]>
[2025-11-26T10:51:29.976+0000] {taskinstance.py:2076} INFO - Dependencies all met for dep_context=requeueable deps ti=<TaskInstance: job_ingestion_pipeline.validate_data manual__2025-11-26T10:51:11.845212+00:00 [queued]>
[2025-11-26T10:51:29.996+0000] {taskinstance.py:2306} INFO - Starting attempt 1 of 1
[2025-11-26T10:51:30.050+0000] {taskinstance.py:2330} INFO - Executing <Task(_PythonDecoratedOperator): validate_data> on 2025-11-26 10:51:11.845212+00:00
[2025-11-26T10:51:30.077+0000] {standard_task_runner.py:64} INFO - Started process 401 to run task
[2025-11-26T10:51:30.085+0000] {standard_task_runner.py:90} INFO - Running: ['***', 'tasks', 'run', 'job_ingestion_pipeline', 'validate_data', 'manual__2025-11-26T10:51:11.845212+00:00', '--job-id', '14', '--raw', '--subdir', 'DAGS_FOLDER/dag_ingestion.py', '--cfg-path', '/tmp/tmpjxxassyt']
[2025-11-26T10:51:30.088+0000] {standard_task_runner.py:91} INFO - Job 14: Subtask validate_data
[2025-11-26T10:51:30.242+0000] {task_command.py:426} INFO - Running <TaskInstance: job_ingestion_pipeline.validate_data manual__2025-11-26T10:51:11.845212+00:00 [running]> on host 97b560c2fa3e
[2025-11-26T10:51:28.209+0000] {taskinstance.py:2648} INFO - Exporting env vars: AIRFLOW_CTX_DAG_OWNER='***' AIRFLOW_CTX_DAG_ID='job_ingestion_pipeline' AIRFLOW_CTX_TASK_ID='validate_data' AIRFLOW_CTX_EXECUTION_DATE='2025-11-26T10:51:11.845212+00:00' AIRFLOW_CTX_TRY_NUMBER='1' AIRFLOW_CTX_DAG_RUN_ID='manual__2025-11-26T10:51:11.845212+00:00'
[2025-11-26T10:51:28.211+0000] {taskinstance.py:430} INFO - ::endgroup::
[2025-11-26T10:51:28.262+0000] {taskinstance.py:441} INFO - ::group::Post task execution logs
[2025-11-26T10:51:28.263+0000] {taskinstance.py:2905} ERROR - Task failed with exception
Traceback (most recent call last):
  File "/home/airflow/.local/lib/python3.10/site-packages/great_expectations/dataset/pandas_dataset.py", line 1227, in expect_column_values_to_be_between
    return min_comparator(temp_column) & max_comparator(temp_column)
  File "/home/airflow/.local/lib/python3.10/site-packages/great_expectations/dataset/pandas_dataset.py", line 1210, in new_comparator
    return comparator(value, comparison_value)
  File "/home/airflow/.local/lib/python3.10/site-packages/pandas/core/ops/common.py", line 76, in new_method
    return method(self, other)
  File "/home/airflow/.local/lib/python3.10/site-packages/pandas/core/arraylike.py", line 60, in __ge__
    return self._cmp_method(other, operator.ge)
  File "/home/airflow/.local/lib/python3.10/site-packages/pandas/core/series.py", line 5803, in _cmp_method
    res_values = ops.comparison_op(lvalues, rvalues, op)
  File "/home/airflow/.local/lib/python3.10/site-packages/pandas/core/ops/array_ops.py", line 346, in comparison_op
    res_values = comp_method_OBJECT_ARRAY(op, lvalues, rvalues)
  File "/home/airflow/.local/lib/python3.10/site-packages/pandas/core/ops/array_ops.py", line 131, in comp_method_OBJECT_ARRAY
    result = libops.scalar_compare(x.ravel(), y, op)
  File "ops.pyx", line 107, in pandas._libs.ops.scalar_compare
TypeError: '>=' not supported between instances of 'str' and 'float'

During handling of the above exception, another exception occurred:

Traceback (most recent call last):
  File "/home/airflow/.local/lib/python3.10/site-packages/airflow/models/taskinstance.py", line 465, in _execute_task
    result = _execute_callable(context=context, **execute_callable_kwargs)
  File "/home/airflow/.local/lib/python3.10/site-packages/airflow/models/taskinstance.py", line 432, in _execute_callable
    return execute_callable(context=context, **execute_callable_kwargs)
  File "/home/airflow/.local/lib/python3.10/site-packages/airflow/models/baseoperator.py", line 401, in wrapper
    return func(self, *args, **kwargs)
  File "/home/airflow/.local/lib/python3.10/site-packages/airflow/decorators/base.py", line 265, in execute
    return_value = super().execute(context)
  File "/home/airflow/.local/lib/python3.10/site-packages/airflow/models/baseoperator.py", line 401, in wrapper
    return func(self, *args, **kwargs)
  File "/home/airflow/.local/lib/python3.10/site-packages/airflow/operators/python.py", line 235, in execute
    return_value = self.execute_callable()
  File "/home/airflow/.local/lib/python3.10/site-packages/airflow/operators/python.py", line 252, in execute_callable
    return self.python_callable(*self.op_args, **self.op_kwargs)
  File "/opt/airflow/dags/dag_ingestion.py", line 98, in validate_data
    res_cdi = gx_df.expect_column_values_to_be_between(
  File "/home/airflow/.local/lib/python3.10/site-packages/great_expectations/data_asset/util.py", line 78, in f
    return self.mthd(obj, *args, **kwargs)
  File "/home/airflow/.local/lib/python3.10/site-packages/great_expectations/data_asset/data_asset.py", line 254, in wrapper
    raise err
  File "/home/airflow/.local/lib/python3.10/site-packages/great_expectations/data_asset/data_asset.py", line 241, in wrapper
    return_obj = func(self, **evaluation_args)
  File "/home/airflow/.local/lib/python3.10/site-packages/great_expectations/dataset/pandas_dataset.py", line 111, in inner_wrapper
    boolean_mapped_success_values = func(self, nonnull_values, *args, **kwargs)
  File "/home/airflow/.local/lib/python3.10/site-packages/great_expectations/dataset/pandas_dataset.py", line 1231, in expect_column_values_to_be_between
    raise TypeError(
TypeError: Column values, min_value, and max_value must either be None or of the same type.
[2025-11-26T10:51:28.304+0000] {taskinstance.py:1206} INFO - Marking task as FAILED. dag_id=job_ingestion_pipeline, task_id=validate_data, run_id=manual__2025-11-26T10:51:11.845212+00:00, execution_date=20251126T105111, start_date=20251126T105129, end_date=20251126T105128
[2025-11-26T10:51:28.331+0000] {standard_task_runner.py:110} ERROR - Failed to execute job 14 for task validate_data (Column values, min_value, and max_value must either be None or of the same type.; 401)
[2025-11-26T10:51:28.408+0000] {local_task_job_runner.py:243} INFO - Task exited with return code 1
[2025-11-26T10:51:28.464+0000] {taskinstance.py:3503} INFO - 0 downstream tasks scheduled from follow-on schedule check
[2025-11-26T10:51:28.477+0000] {local_task_job_runner.py:222} INFO - ::endgroup::
