[2025-11-14T16:06:01.787+0000] {local_task_job_runner.py:120} INFO - ::group::Pre task execution logs
[2025-11-14T16:06:01.872+0000] {taskinstance.py:2076} INFO - Dependencies all met for dep_context=non-requeueable deps ti=<TaskInstance: job_ingestion_pipeline.read_data scheduled__2025-11-14T16:05:00+00:00 [queued]>
[2025-11-14T16:06:01.889+0000] {taskinstance.py:2076} INFO - Dependencies all met for dep_context=requeueable deps ti=<TaskInstance: job_ingestion_pipeline.read_data scheduled__2025-11-14T16:05:00+00:00 [queued]>
[2025-11-14T16:06:01.890+0000] {taskinstance.py:2306} INFO - Starting attempt 1 of 1
[2025-11-14T16:06:01.921+0000] {taskinstance.py:2330} INFO - Executing <Task(_PythonDecoratedOperator): read_data> on 2025-11-14 16:05:00+00:00
[2025-11-14T16:06:01.954+0000] {logging_mixin.py:188} WARNING - /home/***/.local/lib/python3.12/site-packages/***/task/task_runner/standard_task_runner.py:62 DeprecationWarning: This process (pid=526) is multi-threaded, use of fork() may lead to deadlocks in the child.
[2025-11-14T16:06:01.953+0000] {standard_task_runner.py:90} INFO - Running: ['***', 'tasks', 'run', 'job_ingestion_pipeline', 'read_data', 'scheduled__2025-11-14T16:05:00+00:00', '--job-id', '135', '--raw', '--subdir', 'DAGS_FOLDER/dag_ingestion.py', '--cfg-path', '/tmp/tmp6if95sjz']
[2025-11-14T16:06:01.963+0000] {standard_task_runner.py:64} INFO - Started process 531 to run task
[2025-11-14T16:06:01.964+0000] {standard_task_runner.py:91} INFO - Job 135: Subtask read_data
[2025-11-14T16:06:02.121+0000] {task_command.py:426} INFO - Running <TaskInstance: job_ingestion_pipeline.read_data scheduled__2025-11-14T16:05:00+00:00 [running]> on host 01f98b13abaa
[2025-11-14T16:06:02.698+0000] {taskinstance.py:2648} INFO - Exporting env vars: AIRFLOW_CTX_DAG_OWNER='***' AIRFLOW_CTX_DAG_ID='job_ingestion_pipeline' AIRFLOW_CTX_TASK_ID='read_data' AIRFLOW_CTX_EXECUTION_DATE='2025-11-14T16:05:00+00:00' AIRFLOW_CTX_TRY_NUMBER='1' AIRFLOW_CTX_DAG_RUN_ID='scheduled__2025-11-14T16:05:00+00:00'
[2025-11-14T16:06:02.700+0000] {taskinstance.py:430} INFO - ::endgroup::
[2025-11-14T16:06:02.706+0000] {taskinstance.py:441} INFO - ::group::Post task execution logs
[2025-11-14T16:06:02.708+0000] {taskinstance.py:2905} ERROR - Task failed with exception
Traceback (most recent call last):
  File "/home/airflow/.local/lib/python3.12/site-packages/airflow/models/taskinstance.py", line 465, in _execute_task
    result = _execute_callable(context=context, **execute_callable_kwargs)
             ^^^^^^^^^^^^^^^^^^^^^^^^^^^^^^^^^^^^^^^^^^^^^^^^^^^^^^^^^^^^^
  File "/home/airflow/.local/lib/python3.12/site-packages/airflow/models/taskinstance.py", line 432, in _execute_callable
    return execute_callable(context=context, **execute_callable_kwargs)
           ^^^^^^^^^^^^^^^^^^^^^^^^^^^^^^^^^^^^^^^^^^^^^^^^^^^^^^^^^^^^
  File "/home/airflow/.local/lib/python3.12/site-packages/airflow/models/baseoperator.py", line 401, in wrapper
    return func(self, *args, **kwargs)
           ^^^^^^^^^^^^^^^^^^^^^^^^^^^
  File "/home/airflow/.local/lib/python3.12/site-packages/airflow/decorators/base.py", line 265, in execute
    return_value = super().execute(context)
                   ^^^^^^^^^^^^^^^^^^^^^^^^
  File "/home/airflow/.local/lib/python3.12/site-packages/airflow/models/baseoperator.py", line 401, in wrapper
    return func(self, *args, **kwargs)
           ^^^^^^^^^^^^^^^^^^^^^^^^^^^
  File "/home/airflow/.local/lib/python3.12/site-packages/airflow/operators/python.py", line 235, in execute
    return_value = self.execute_callable()
                   ^^^^^^^^^^^^^^^^^^^^^^^
  File "/home/airflow/.local/lib/python3.12/site-packages/airflow/operators/python.py", line 252, in execute_callable
    return self.python_callable(*self.op_args, **self.op_kwargs)
           ^^^^^^^^^^^^^^^^^^^^^^^^^^^^^^^^^^^^^^^^^^^^^^^^^^^^^
  File "/opt/airflow/dags/dag_ingestion.py", line 77, in read_data
    raise FileNotFoundError(f"No raw files found in {RAW}")
FileNotFoundError: No raw files found in /opt/***/data/raw_data
[2025-11-14T16:06:02.740+0000] {taskinstance.py:1206} INFO - Marking task as FAILED. dag_id=job_ingestion_pipeline, task_id=read_data, run_id=scheduled__2025-11-14T16:05:00+00:00, execution_date=20251114T160500, start_date=20251114T160601, end_date=20251114T160602
[2025-11-14T16:06:02.774+0000] {standard_task_runner.py:110} ERROR - Failed to execute job 135 for task read_data (No raw files found in /opt/***/data/raw_data; 531)
[2025-11-14T16:06:02.864+0000] {local_task_job_runner.py:243} INFO - Task exited with return code 1
[2025-11-14T16:06:02.947+0000] {taskinstance.py:3503} INFO - 0 downstream tasks scheduled from follow-on schedule check
[2025-11-14T16:06:02.960+0000] {local_task_job_runner.py:222} INFO - ::endgroup::
