[2025-11-27T23:57:29.851+0000] {local_task_job_runner.py:120} INFO - ::group::Pre task execution logs
[2025-11-27T23:57:29.881+0000] {taskinstance.py:2076} INFO - Dependencies all met for dep_context=non-requeueable deps ti=<TaskInstance: job_ingestion_pipeline.validate_data scheduled__2025-11-27T23:56:00+00:00 [queued]>
[2025-11-27T23:57:29.888+0000] {taskinstance.py:2076} INFO - Dependencies all met for dep_context=requeueable deps ti=<TaskInstance: job_ingestion_pipeline.validate_data scheduled__2025-11-27T23:56:00+00:00 [queued]>
[2025-11-27T23:57:29.889+0000] {taskinstance.py:2306} INFO - Starting attempt 1 of 1
[2025-11-27T23:57:29.902+0000] {taskinstance.py:2330} INFO - Executing <Task(_PythonDecoratedOperator): validate_data> on 2025-11-27 23:56:00+00:00
[2025-11-27T23:57:29.915+0000] {standard_task_runner.py:64} INFO - Started process 279 to run task
[2025-11-27T23:57:29.920+0000] {standard_task_runner.py:90} INFO - Running: ['***', 'tasks', 'run', 'job_ingestion_pipeline', 'validate_data', 'scheduled__2025-11-27T23:56:00+00:00', '--job-id', '110', '--raw', '--subdir', 'DAGS_FOLDER/dag_ingestion.py', '--cfg-path', '/tmp/tmp2i2ig8wa']
[2025-11-27T23:57:29.921+0000] {standard_task_runner.py:91} INFO - Job 110: Subtask validate_data
[2025-11-27T23:57:30.002+0000] {task_command.py:426} INFO - Running <TaskInstance: job_ingestion_pipeline.validate_data scheduled__2025-11-27T23:56:00+00:00 [running]> on host 9e1c9e9647a7
[2025-11-27T23:57:30.125+0000] {taskinstance.py:2648} INFO - Exporting env vars: AIRFLOW_CTX_DAG_OWNER='***' AIRFLOW_CTX_DAG_ID='job_ingestion_pipeline' AIRFLOW_CTX_TASK_ID='validate_data' AIRFLOW_CTX_EXECUTION_DATE='2025-11-27T23:56:00+00:00' AIRFLOW_CTX_TRY_NUMBER='1' AIRFLOW_CTX_DAG_RUN_ID='scheduled__2025-11-27T23:56:00+00:00'
[2025-11-27T23:57:30.126+0000] {taskinstance.py:430} INFO - ::endgroup::
[2025-11-27T23:57:30.241+0000] {file_data_context.py:224} INFO - FileDataContext loading fluent config
[2025-11-27T23:57:30.255+0000] {config.py:185} INFO - Loading 'datasources' ->
[]
[2025-11-27T23:57:30.482+0000] {warnings.py:109} WARNING - /home/***/.local/lib/python3.10/site-packages/great_expectations/data_context/data_context/abstract_data_context.py:2783: DeprecationWarning: create_expectation_suite is deprecated as of v0.15.48 and will be removed in v0.18. Please use add_expectation_suite or add_or_update_expectation_suite instead.
  warnings.warn(

[2025-11-27T23:57:30.504+0000] {warnings.py:109} WARNING - /home/***/.local/lib/python3.10/site-packages/great_expectations/data_context/data_context/abstract_data_context.py:441: DeprecationWarning: save_expectation_suite is deprecated as of v0.15.48 and will be removed in v0.18. Please use update_expectation_suite or add_or_update_expectation_suite instead.
  warnings.warn(

[2025-11-27T23:57:30.529+0000] {taskinstance.py:441} INFO - ::group::Post task execution logs
[2025-11-27T23:57:30.532+0000] {taskinstance.py:2905} ERROR - Task failed with exception
Traceback (most recent call last):
  File "/home/airflow/.local/lib/python3.10/site-packages/airflow/models/taskinstance.py", line 465, in _execute_task
    result = _execute_callable(context=context, **execute_callable_kwargs)
  File "/home/airflow/.local/lib/python3.10/site-packages/airflow/models/taskinstance.py", line 432, in _execute_callable
    return execute_callable(context=context, **execute_callable_kwargs)
  File "/home/airflow/.local/lib/python3.10/site-packages/airflow/models/baseoperator.py", line 401, in wrapper
    return func(self, *args, **kwargs)
  File "/home/airflow/.local/lib/python3.10/site-packages/airflow/decorators/base.py", line 265, in execute
    return_value = super().execute(context)
  File "/home/airflow/.local/lib/python3.10/site-packages/airflow/models/baseoperator.py", line 401, in wrapper
    return func(self, *args, **kwargs)
  File "/home/airflow/.local/lib/python3.10/site-packages/airflow/operators/python.py", line 235, in execute
    return_value = self.execute_callable()
  File "/home/airflow/.local/lib/python3.10/site-packages/airflow/operators/python.py", line 252, in execute_callable
    return self.python_callable(*self.op_args, **self.op_kwargs)
  File "/opt/airflow/dags/dag_ingestion.py", line 149, in validate_data
    ge_results = ge_df.validate(expectation_suite_name=SUITE_NAME)
TypeError: DataAsset.validate() got an unexpected keyword argument 'expectation_suite_name'
[2025-11-27T23:57:30.551+0000] {taskinstance.py:1206} INFO - Marking task as FAILED. dag_id=job_ingestion_pipeline, task_id=validate_data, run_id=scheduled__2025-11-27T23:56:00+00:00, execution_date=20251127T235600, start_date=20251127T235729, end_date=20251127T235730
[2025-11-27T23:57:30.567+0000] {standard_task_runner.py:110} ERROR - Failed to execute job 110 for task validate_data (DataAsset.validate() got an unexpected keyword argument 'expectation_suite_name'; 279)
[2025-11-27T23:57:30.587+0000] {local_task_job_runner.py:243} INFO - Task exited with return code 1
[2025-11-27T23:57:30.612+0000] {taskinstance.py:3503} INFO - 0 downstream tasks scheduled from follow-on schedule check
[2025-11-27T23:57:30.619+0000] {local_task_job_runner.py:222} INFO - ::endgroup::
