[2025-11-18T19:34:42.007+0000] {local_task_job_runner.py:120} INFO - ::group::Pre task execution logs
[2025-11-18T19:34:42.044+0000] {taskinstance.py:2076} INFO - Dependencies all met for dep_context=non-requeueable deps ti=<TaskInstance: job_ingestion_pipeline.validate_file scheduled__2025-11-18T19:33:00+00:00 [queued]>
[2025-11-18T19:34:42.052+0000] {taskinstance.py:2076} INFO - Dependencies all met for dep_context=requeueable deps ti=<TaskInstance: job_ingestion_pipeline.validate_file scheduled__2025-11-18T19:33:00+00:00 [queued]>
[2025-11-18T19:34:42.053+0000] {taskinstance.py:2306} INFO - Starting attempt 1 of 1
[2025-11-18T19:34:42.066+0000] {taskinstance.py:2330} INFO - Executing <Task(_PythonDecoratedOperator): validate_file> on 2025-11-18 19:33:00+00:00
[2025-11-18T19:34:42.085+0000] {logging_mixin.py:188} WARNING - /home/***/.local/lib/python3.12/site-packages/***/task/task_runner/standard_task_runner.py:62 DeprecationWarning: This process (pid=290) is multi-threaded, use of fork() may lead to deadlocks in the child.
[2025-11-18T19:34:42.084+0000] {standard_task_runner.py:90} INFO - Running: ['***', 'tasks', 'run', 'job_ingestion_pipeline', 'validate_file', 'scheduled__2025-11-18T19:33:00+00:00', '--job-id', '4', '--raw', '--subdir', 'DAGS_FOLDER/dag_ingestion.py', '--cfg-path', '/tmp/tmpkdmcl2lm']
[2025-11-18T19:34:42.087+0000] {standard_task_runner.py:64} INFO - Started process 318 to run task
[2025-11-18T19:34:42.087+0000] {standard_task_runner.py:91} INFO - Job 4: Subtask validate_file
[2025-11-18T19:34:42.161+0000] {task_command.py:426} INFO - Running <TaskInstance: job_ingestion_pipeline.validate_file scheduled__2025-11-18T19:33:00+00:00 [running]> on host 3fb78e4f4c28
[2025-11-18T19:34:42.280+0000] {taskinstance.py:2648} INFO - Exporting env vars: AIRFLOW_CTX_DAG_OWNER='***' AIRFLOW_CTX_DAG_ID='job_ingestion_pipeline' AIRFLOW_CTX_TASK_ID='validate_file' AIRFLOW_CTX_EXECUTION_DATE='2025-11-18T19:33:00+00:00' AIRFLOW_CTX_TRY_NUMBER='1' AIRFLOW_CTX_DAG_RUN_ID='scheduled__2025-11-18T19:33:00+00:00'
[2025-11-18T19:34:42.282+0000] {taskinstance.py:430} INFO - ::endgroup::
[2025-11-18T19:34:42.310+0000] {logging_mixin.py:188} WARNING - /home/***/.local/lib/python3.12/site-packages/great_expectations/data_context/data_context/serializable_data_context.py:159 UserWarning: Warning. An existing `great_expectations.yml` was found here: /opt/***/great_expectations.
    - No action was taken.
[2025-11-18T19:34:42.341+0000] {base.py:1147} ERROR - Error while processing DataContextConfig: datasources data_docs_site_name
[2025-11-18T19:34:42.342+0000] {base.py:133} ERROR - Encountered errors during loading config.  See ValidationError for more details.
[2025-11-18T19:34:42.342+0000] {taskinstance.py:441} INFO - ::group::Post task execution logs
[2025-11-18T19:34:42.342+0000] {taskinstance.py:2905} ERROR - Task failed with exception
Traceback (most recent call last):
  File "/home/airflow/.local/lib/python3.12/site-packages/airflow/models/taskinstance.py", line 465, in _execute_task
    result = _execute_callable(context=context, **execute_callable_kwargs)
             ^^^^^^^^^^^^^^^^^^^^^^^^^^^^^^^^^^^^^^^^^^^^^^^^^^^^^^^^^^^^^
  File "/home/airflow/.local/lib/python3.12/site-packages/airflow/models/taskinstance.py", line 432, in _execute_callable
    return execute_callable(context=context, **execute_callable_kwargs)
           ^^^^^^^^^^^^^^^^^^^^^^^^^^^^^^^^^^^^^^^^^^^^^^^^^^^^^^^^^^^^
  File "/home/airflow/.local/lib/python3.12/site-packages/airflow/models/baseoperator.py", line 401, in wrapper
    return func(self, *args, **kwargs)
           ^^^^^^^^^^^^^^^^^^^^^^^^^^^
  File "/home/airflow/.local/lib/python3.12/site-packages/airflow/decorators/base.py", line 265, in execute
    return_value = super().execute(context)
                   ^^^^^^^^^^^^^^^^^^^^^^^^
  File "/home/airflow/.local/lib/python3.12/site-packages/airflow/models/baseoperator.py", line 401, in wrapper
    return func(self, *args, **kwargs)
           ^^^^^^^^^^^^^^^^^^^^^^^^^^^
  File "/home/airflow/.local/lib/python3.12/site-packages/airflow/operators/python.py", line 235, in execute
    return_value = self.execute_callable()
                   ^^^^^^^^^^^^^^^^^^^^^^^
  File "/home/airflow/.local/lib/python3.12/site-packages/airflow/operators/python.py", line 252, in execute_callable
    return self.python_callable(*self.op_args, **self.op_kwargs)
           ^^^^^^^^^^^^^^^^^^^^^^^^^^^^^^^^^^^^^^^^^^^^^^^^^^^^^
  File "/opt/airflow/dags/dag_ingestion.py", line 36, in validate_file
    context = FileDataContext(context_root_dir=GE_ROOT)
              ^^^^^^^^^^^^^^^^^^^^^^^^^^^^^^^^^^^^^^^^^
  File "/home/airflow/.local/lib/python3.12/site-packages/great_expectations/data_context/data_context/file_data_context.py", line 63, in __init__
    self._project_config = self._init_project_config(project_config)
                           ^^^^^^^^^^^^^^^^^^^^^^^^^^^^^^^^^^^^^^^^^
  File "/home/airflow/.local/lib/python3.12/site-packages/great_expectations/data_context/data_context/file_data_context.py", line 114, in _init_project_config
    project_config = FileDataContext._load_file_backed_project_config(
                     ^^^^^^^^^^^^^^^^^^^^^^^^^^^^^^^^^^^^^^^^^^^^^^^^^
  File "/home/airflow/.local/lib/python3.12/site-packages/great_expectations/data_context/data_context/file_data_context.py", line 209, in _load_file_backed_project_config
    return DataContextConfig.from_commented_map(
           ^^^^^^^^^^^^^^^^^^^^^^^^^^^^^^^^^^^^^
  File "/home/airflow/.local/lib/python3.12/site-packages/great_expectations/data_context/types/base.py", line 127, in from_commented_map
    config: Union[dict, BYC] = schema_instance.load(commented_map)
                               ^^^^^^^^^^^^^^^^^^^^^^^^^^^^^^^^^^^
  File "/home/airflow/.local/lib/python3.12/site-packages/marshmallow/schema.py", line 722, in load
    return self._do_load(
           ^^^^^^^^^^^^^^
  File "/home/airflow/.local/lib/python3.12/site-packages/marshmallow/schema.py", line 908, in _do_load
    self.handle_error(exc, data, many=many, partial=partial)
  File "/home/airflow/.local/lib/python3.12/site-packages/great_expectations/data_context/types/base.py", line 1148, in handle_error
    raise gx_exceptions.InvalidDataContextConfigError(
great_expectations.exceptions.exceptions.InvalidDataContextConfigError: Error while processing DataContextConfig: datasources data_docs_site_name
[2025-11-18T19:34:42.361+0000] {taskinstance.py:1206} INFO - Marking task as FAILED. dag_id=job_ingestion_pipeline, task_id=validate_file, run_id=scheduled__2025-11-18T19:33:00+00:00, execution_date=20251118T193300, start_date=20251118T193442, end_date=20251118T193442
[2025-11-18T19:34:42.375+0000] {standard_task_runner.py:110} ERROR - Failed to execute job 4 for task validate_file (Error while processing DataContextConfig: datasources data_docs_site_name; 318)
[2025-11-18T19:34:42.424+0000] {local_task_job_runner.py:243} INFO - Task exited with return code 1
[2025-11-18T19:34:42.448+0000] {taskinstance.py:3503} INFO - 0 downstream tasks scheduled from follow-on schedule check
[2025-11-18T19:34:42.455+0000] {local_task_job_runner.py:222} INFO - ::endgroup::
