[2025-11-26T16:19:35.659+0000] {local_task_job_runner.py:120} INFO - ::group::Pre task execution logs
[2025-11-26T16:19:35.737+0000] {taskinstance.py:2076} INFO - Dependencies all met for dep_context=non-requeueable deps ti=<TaskInstance: job_ingestion_pipeline.validate_data manual__2025-11-26T16:19:18.795142+00:00 [queued]>
[2025-11-26T16:19:35.754+0000] {taskinstance.py:2076} INFO - Dependencies all met for dep_context=requeueable deps ti=<TaskInstance: job_ingestion_pipeline.validate_data manual__2025-11-26T16:19:18.795142+00:00 [queued]>
[2025-11-26T16:19:35.756+0000] {taskinstance.py:2306} INFO - Starting attempt 1 of 1
[2025-11-26T16:19:35.786+0000] {taskinstance.py:2330} INFO - Executing <Task(_PythonDecoratedOperator): validate_data> on 2025-11-26 16:19:18.795142+00:00
[2025-11-26T16:19:35.815+0000] {standard_task_runner.py:64} INFO - Started process 727 to run task
[2025-11-26T16:19:35.824+0000] {standard_task_runner.py:90} INFO - Running: ['***', 'tasks', 'run', 'job_ingestion_pipeline', 'validate_data', 'manual__2025-11-26T16:19:18.795142+00:00', '--job-id', '31', '--raw', '--subdir', 'DAGS_FOLDER/dag_ingestion.py', '--cfg-path', '/tmp/tmpsl50nfot']
[2025-11-26T16:19:35.827+0000] {standard_task_runner.py:91} INFO - Job 31: Subtask validate_data
[2025-11-26T16:19:35.980+0000] {task_command.py:426} INFO - Running <TaskInstance: job_ingestion_pipeline.validate_data manual__2025-11-26T16:19:18.795142+00:00 [running]> on host f6f7e97c30e8
[2025-11-26T16:19:36.367+0000] {taskinstance.py:2648} INFO - Exporting env vars: AIRFLOW_CTX_DAG_OWNER='***' AIRFLOW_CTX_DAG_ID='job_ingestion_pipeline' AIRFLOW_CTX_TASK_ID='validate_data' AIRFLOW_CTX_EXECUTION_DATE='2025-11-26T16:19:18.795142+00:00' AIRFLOW_CTX_TRY_NUMBER='1' AIRFLOW_CTX_DAG_RUN_ID='manual__2025-11-26T16:19:18.795142+00:00'
[2025-11-26T16:19:36.370+0000] {taskinstance.py:430} INFO - ::endgroup::
[2025-11-26T16:19:36.382+0000] {taskinstance.py:441} INFO - ::group::Post task execution logs
[2025-11-26T16:19:36.384+0000] {taskinstance.py:2905} ERROR - Task failed with exception
Traceback (most recent call last):
  File "/home/airflow/.local/lib/python3.10/site-packages/airflow/models/taskinstance.py", line 465, in _execute_task
    result = _execute_callable(context=context, **execute_callable_kwargs)
  File "/home/airflow/.local/lib/python3.10/site-packages/airflow/models/taskinstance.py", line 432, in _execute_callable
    return execute_callable(context=context, **execute_callable_kwargs)
  File "/home/airflow/.local/lib/python3.10/site-packages/airflow/models/baseoperator.py", line 401, in wrapper
    return func(self, *args, **kwargs)
  File "/home/airflow/.local/lib/python3.10/site-packages/airflow/decorators/base.py", line 265, in execute
    return_value = super().execute(context)
  File "/home/airflow/.local/lib/python3.10/site-packages/airflow/models/baseoperator.py", line 401, in wrapper
    return func(self, *args, **kwargs)
  File "/home/airflow/.local/lib/python3.10/site-packages/airflow/operators/python.py", line 235, in execute
    return_value = self.execute_callable()
  File "/home/airflow/.local/lib/python3.10/site-packages/airflow/operators/python.py", line 252, in execute_callable
    return self.python_callable(*self.op_args, **self.op_kwargs)
  File "/opt/airflow/dags/dag_ingestion.py", line 60, in validate_data
    df = pd.read_csv(file_path)
  File "/home/airflow/.local/lib/python3.10/site-packages/pandas/io/parsers/readers.py", line 948, in read_csv
    return _read(filepath_or_buffer, kwds)
  File "/home/airflow/.local/lib/python3.10/site-packages/pandas/io/parsers/readers.py", line 611, in _read
    parser = TextFileReader(filepath_or_buffer, **kwds)
  File "/home/airflow/.local/lib/python3.10/site-packages/pandas/io/parsers/readers.py", line 1448, in __init__
    self._engine = self._make_engine(f, self.engine)
  File "/home/airflow/.local/lib/python3.10/site-packages/pandas/io/parsers/readers.py", line 1705, in _make_engine
    self.handles = get_handle(
  File "/home/airflow/.local/lib/python3.10/site-packages/pandas/io/common.py", line 863, in get_handle
    handle = open(
FileNotFoundError: [Errno 2] No such file or directory: '/opt/airflow/data/raw_data/job_part_0020.csv'
[2025-11-26T16:19:36.420+0000] {taskinstance.py:1206} INFO - Marking task as FAILED. dag_id=job_ingestion_pipeline, task_id=validate_data, run_id=manual__2025-11-26T16:19:18.795142+00:00, execution_date=20251126T161918, start_date=20251126T161935, end_date=20251126T161936
[2025-11-26T16:19:36.448+0000] {standard_task_runner.py:110} ERROR - Failed to execute job 31 for task validate_data ([Errno 2] No such file or directory: '/opt/airflow/data/raw_data/job_part_0020.csv'; 727)
[2025-11-26T16:19:36.500+0000] {local_task_job_runner.py:243} INFO - Task exited with return code 1
[2025-11-26T16:19:36.567+0000] {taskinstance.py:3503} INFO - 0 downstream tasks scheduled from follow-on schedule check
[2025-11-26T16:19:36.815+0000] {local_task_job_runner.py:222} INFO - ::endgroup::
