[2025-11-18T18:36:18.036+0000] {local_task_job_runner.py:120} INFO - ::group::Pre task execution logs
[2025-11-18T18:36:18.109+0000] {taskinstance.py:2076} INFO - Dependencies all met for dep_context=non-requeueable deps ti=<TaskInstance: job_ingestion_pipeline.validate scheduled__2025-11-18T18:35:00+00:00 [queued]>
[2025-11-18T18:36:18.126+0000] {taskinstance.py:2076} INFO - Dependencies all met for dep_context=requeueable deps ti=<TaskInstance: job_ingestion_pipeline.validate scheduled__2025-11-18T18:35:00+00:00 [queued]>
[2025-11-18T18:36:18.128+0000] {taskinstance.py:2306} INFO - Starting attempt 1 of 1
[2025-11-18T18:36:18.152+0000] {taskinstance.py:2330} INFO - Executing <Task(_PythonDecoratedOperator): validate> on 2025-11-18 18:35:00+00:00
[2025-11-18T18:36:18.185+0000] {logging_mixin.py:188} WARNING - /home/***/.local/lib/python3.12/site-packages/***/task/task_runner/standard_task_runner.py:62 DeprecationWarning: This process (pid=354) is multi-threaded, use of fork() may lead to deadlocks in the child.
[2025-11-18T18:36:18.184+0000] {standard_task_runner.py:90} INFO - Running: ['***', 'tasks', 'run', 'job_ingestion_pipeline', 'validate', 'scheduled__2025-11-18T18:35:00+00:00', '--job-id', '10', '--raw', '--subdir', 'DAGS_FOLDER/dag_ingestion.py', '--cfg-path', '/tmp/tmpx05zjm93']
[2025-11-18T18:36:18.189+0000] {standard_task_runner.py:64} INFO - Started process 368 to run task
[2025-11-18T18:36:18.190+0000] {standard_task_runner.py:91} INFO - Job 10: Subtask validate
[2025-11-18T18:36:18.351+0000] {task_command.py:426} INFO - Running <TaskInstance: job_ingestion_pipeline.validate scheduled__2025-11-18T18:35:00+00:00 [running]> on host 0fb7a1f6e4fb
[2025-11-18T18:36:18.805+0000] {taskinstance.py:2648} INFO - Exporting env vars: AIRFLOW_CTX_DAG_OWNER='***' AIRFLOW_CTX_DAG_ID='job_ingestion_pipeline' AIRFLOW_CTX_TASK_ID='validate' AIRFLOW_CTX_EXECUTION_DATE='2025-11-18T18:35:00+00:00' AIRFLOW_CTX_TRY_NUMBER='1' AIRFLOW_CTX_DAG_RUN_ID='scheduled__2025-11-18T18:35:00+00:00'
[2025-11-18T18:36:18.808+0000] {taskinstance.py:430} INFO - ::endgroup::
[2025-11-18T18:36:18.855+0000] {file_data_context.py:218} INFO - FileDataContext loading fluent config
[2025-11-18T18:36:18.859+0000] {config.py:191} INFO - Loading 'datasources' ->
[]
[2025-11-18T18:36:19.024+0000] {taskinstance.py:441} INFO - ::group::Post task execution logs
[2025-11-18T18:36:19.025+0000] {taskinstance.py:2905} ERROR - Task failed with exception
Traceback (most recent call last):
  File "/home/airflow/.local/lib/python3.12/site-packages/airflow/models/taskinstance.py", line 465, in _execute_task
    result = _execute_callable(context=context, **execute_callable_kwargs)
             ^^^^^^^^^^^^^^^^^^^^^^^^^^^^^^^^^^^^^^^^^^^^^^^^^^^^^^^^^^^^^
  File "/home/airflow/.local/lib/python3.12/site-packages/airflow/models/taskinstance.py", line 432, in _execute_callable
    return execute_callable(context=context, **execute_callable_kwargs)
           ^^^^^^^^^^^^^^^^^^^^^^^^^^^^^^^^^^^^^^^^^^^^^^^^^^^^^^^^^^^^
  File "/home/airflow/.local/lib/python3.12/site-packages/airflow/models/baseoperator.py", line 401, in wrapper
    return func(self, *args, **kwargs)
           ^^^^^^^^^^^^^^^^^^^^^^^^^^^
  File "/home/airflow/.local/lib/python3.12/site-packages/airflow/decorators/base.py", line 265, in execute
    return_value = super().execute(context)
                   ^^^^^^^^^^^^^^^^^^^^^^^^
  File "/home/airflow/.local/lib/python3.12/site-packages/airflow/models/baseoperator.py", line 401, in wrapper
    return func(self, *args, **kwargs)
           ^^^^^^^^^^^^^^^^^^^^^^^^^^^
  File "/home/airflow/.local/lib/python3.12/site-packages/airflow/operators/python.py", line 235, in execute
    return_value = self.execute_callable()
                   ^^^^^^^^^^^^^^^^^^^^^^^
  File "/home/airflow/.local/lib/python3.12/site-packages/airflow/operators/python.py", line 252, in execute_callable
    return self.python_callable(*self.op_args, **self.op_kwargs)
           ^^^^^^^^^^^^^^^^^^^^^^^^^^^^^^^^^^^^^^^^^^^^^^^^^^^^^
  File "/opt/airflow/dags/dag_ingestion.py", line 55, in validate
    checkpoint = Checkpoint(
                 ^^^^^^^^^^^
  File "/home/airflow/.local/lib/python3.12/site-packages/pydantic/v1/main.py", line 341, in __init__
    raise validation_error
pydantic.v1.error_wrappers.ValidationError: 3 validation errors for Checkpoint
validation_definitions
  field required (type=value_error.missing)
data_context
  extra fields not permitted (type=value_error.extra)
validations
  extra fields not permitted (type=value_error.extra)
[2025-11-18T18:36:19.062+0000] {taskinstance.py:1206} INFO - Marking task as FAILED. dag_id=job_ingestion_pipeline, task_id=validate, run_id=scheduled__2025-11-18T18:35:00+00:00, execution_date=20251118T183500, start_date=20251118T183618, end_date=20251118T183619
[2025-11-18T18:36:19.301+0000] {standard_task_runner.py:110} ERROR - Failed to execute job 10 for task validate (3 validation errors for Checkpoint
validation_definitions
  field required (type=value_error.missing)
data_context
  extra fields not permitted (type=value_error.extra)
validations
  extra fields not permitted (type=value_error.extra); 368)
[2025-11-18T18:36:19.375+0000] {local_task_job_runner.py:243} INFO - Task exited with return code 1
[2025-11-18T18:36:19.426+0000] {taskinstance.py:3503} INFO - 0 downstream tasks scheduled from follow-on schedule check
[2025-11-18T18:36:19.437+0000] {local_task_job_runner.py:222} INFO - ::endgroup::
