[2025-11-26T10:56:39.127+0000] {local_task_job_runner.py:120} INFO - ::group::Pre task execution logs
[2025-11-26T10:56:39.223+0000] {taskinstance.py:2076} INFO - Dependencies all met for dep_context=non-requeueable deps ti=<TaskInstance: job_ingestion_pipeline.save_statistics manual__2025-11-26T10:56:08.378547+00:00 [queued]>
[2025-11-26T10:56:39.242+0000] {taskinstance.py:2076} INFO - Dependencies all met for dep_context=requeueable deps ti=<TaskInstance: job_ingestion_pipeline.save_statistics manual__2025-11-26T10:56:08.378547+00:00 [queued]>
[2025-11-26T10:56:39.252+0000] {taskinstance.py:2306} INFO - Starting attempt 1 of 1
[2025-11-26T10:56:39.390+0000] {taskinstance.py:2330} INFO - Executing <Task(_PythonDecoratedOperator): save_statistics> on 2025-11-26 10:56:08.378547+00:00
[2025-11-26T10:56:39.423+0000] {standard_task_runner.py:64} INFO - Started process 502 to run task
[2025-11-26T10:56:39.432+0000] {standard_task_runner.py:90} INFO - Running: ['***', 'tasks', 'run', 'job_ingestion_pipeline', 'save_statistics', 'manual__2025-11-26T10:56:08.378547+00:00', '--job-id', '28', '--raw', '--subdir', 'DAGS_FOLDER/dag_ingestion.py', '--cfg-path', '/tmp/tmpe2tonnz6']
[2025-11-26T10:56:39.436+0000] {standard_task_runner.py:91} INFO - Job 28: Subtask save_statistics
[2025-11-26T10:56:39.620+0000] {task_command.py:426} INFO - Running <TaskInstance: job_ingestion_pipeline.save_statistics manual__2025-11-26T10:56:08.378547+00:00 [running]> on host 97b560c2fa3e
[2025-11-26T10:56:39.918+0000] {taskinstance.py:2648} INFO - Exporting env vars: AIRFLOW_CTX_DAG_OWNER='***' AIRFLOW_CTX_DAG_ID='job_ingestion_pipeline' AIRFLOW_CTX_TASK_ID='save_statistics' AIRFLOW_CTX_EXECUTION_DATE='2025-11-26T10:56:08.378547+00:00' AIRFLOW_CTX_TRY_NUMBER='1' AIRFLOW_CTX_DAG_RUN_ID='manual__2025-11-26T10:56:08.378547+00:00'
[2025-11-26T10:56:39.921+0000] {taskinstance.py:430} INFO - ::endgroup::
[2025-11-26T10:56:39.958+0000] {taskinstance.py:441} INFO - ::group::Post task execution logs
[2025-11-26T10:56:39.960+0000] {taskinstance.py:2905} ERROR - Task failed with exception
Traceback (most recent call last):
  File "/home/airflow/.local/lib/python3.10/site-packages/sqlalchemy/engine/base.py", line 1910, in _execute_context
    self.dialect.do_execute(
  File "/home/airflow/.local/lib/python3.10/site-packages/sqlalchemy/engine/default.py", line 736, in do_execute
    cursor.execute(statement, parameters)
psycopg2.errors.SyntaxError: syntax error at or near ":"
LINE 7:                      'high', :issues::jsonb, '/opt/***/d...
                                     ^


The above exception was the direct cause of the following exception:

Traceback (most recent call last):
  File "/home/airflow/.local/lib/python3.10/site-packages/airflow/models/taskinstance.py", line 465, in _execute_task
    result = _execute_callable(context=context, **execute_callable_kwargs)
  File "/home/airflow/.local/lib/python3.10/site-packages/airflow/models/taskinstance.py", line 432, in _execute_callable
    return execute_callable(context=context, **execute_callable_kwargs)
  File "/home/airflow/.local/lib/python3.10/site-packages/airflow/models/baseoperator.py", line 401, in wrapper
    return func(self, *args, **kwargs)
  File "/home/airflow/.local/lib/python3.10/site-packages/airflow/decorators/base.py", line 265, in execute
    return_value = super().execute(context)
  File "/home/airflow/.local/lib/python3.10/site-packages/airflow/models/baseoperator.py", line 401, in wrapper
    return func(self, *args, **kwargs)
  File "/home/airflow/.local/lib/python3.10/site-packages/airflow/operators/python.py", line 235, in execute
    return_value = self.execute_callable()
  File "/home/airflow/.local/lib/python3.10/site-packages/airflow/operators/python.py", line 252, in execute_callable
    return self.python_callable(*self.op_args, **self.op_kwargs)
  File "/opt/airflow/dags/dag_ingestion.py", line 255, in save_statistics
    conn.execute(
  File "/home/airflow/.local/lib/python3.10/site-packages/sqlalchemy/engine/base.py", line 1385, in execute
    return meth(self, multiparams, params, _EMPTY_EXECUTION_OPTS)
  File "/home/airflow/.local/lib/python3.10/site-packages/sqlalchemy/sql/elements.py", line 334, in _execute_on_connection
    return connection._execute_clauseelement(
  File "/home/airflow/.local/lib/python3.10/site-packages/sqlalchemy/engine/base.py", line 1577, in _execute_clauseelement
    ret = self._execute_context(
  File "/home/airflow/.local/lib/python3.10/site-packages/sqlalchemy/engine/base.py", line 1953, in _execute_context
    self._handle_dbapi_exception(
  File "/home/airflow/.local/lib/python3.10/site-packages/sqlalchemy/engine/base.py", line 2134, in _handle_dbapi_exception
    util.raise_(
  File "/home/airflow/.local/lib/python3.10/site-packages/sqlalchemy/util/compat.py", line 211, in raise_
    raise exception
  File "/home/airflow/.local/lib/python3.10/site-packages/sqlalchemy/engine/base.py", line 1910, in _execute_context
    self.dialect.do_execute(
  File "/home/airflow/.local/lib/python3.10/site-packages/sqlalchemy/engine/default.py", line 736, in do_execute
    cursor.execute(statement, parameters)
sqlalchemy.exc.ProgrammingError: (psycopg2.errors.SyntaxError) syntax error at or near ":"
LINE 7:                      'high', :issues::jsonb, '/opt/***/d...
                                     ^

[SQL: 
                    INSERT INTO data_quality_stats
                    (file_name, total_rows, valid_rows, invalid_rows,
                     criticality, issues, report_path, created_at)
                    VALUES
                    (%(file_name)s, %(total_rows)s, %(valid_rows)s, %(invalid_rows)s,
                     %(criticality)s, :issues::jsonb, %(report_path)s, NOW())
                    ]
[parameters: {'file_name': 'job_part_0007.csv', 'total_rows': 981, 'valid_rows': 0, 'invalid_rows': 981, 'criticality': 'high', 'report_path': '/opt/airflow/data/reports/report_job_part_0007.csv_20251126105630.html'}]
(Background on this error at: https://sqlalche.me/e/14/f405)
[2025-11-26T10:56:40.004+0000] {taskinstance.py:1206} INFO - Marking task as FAILED. dag_id=job_ingestion_pipeline, task_id=save_statistics, run_id=manual__2025-11-26T10:56:08.378547+00:00, execution_date=20251126T105608, start_date=20251126T105639, end_date=20251126T105640
[2025-11-26T10:56:40.044+0000] {standard_task_runner.py:110} ERROR - Failed to execute job 28 for task save_statistics ((psycopg2.errors.SyntaxError) syntax error at or near ":"
LINE 7:                      'high', :issues::jsonb, '/opt/***/d...
                                     ^

[SQL: 
                    INSERT INTO data_quality_stats
                    (file_name, total_rows, valid_rows, invalid_rows,
                     criticality, issues, report_path, created_at)
                    VALUES
                    (%(file_name)s, %(total_rows)s, %(valid_rows)s, %(invalid_rows)s,
                     %(criticality)s, :issues::jsonb, %(report_path)s, NOW())
                    ]
[parameters: {'file_name': 'job_part_0007.csv', 'total_rows': 981, 'valid_rows': 0, 'invalid_rows': 981, 'criticality': 'high', 'report_path': '/opt/airflow/data/reports/report_job_part_0007.csv_20251126105630.html'}]
(Background on this error at: https://sqlalche.me/e/14/f405); 502)
[2025-11-26T10:56:40.093+0000] {local_task_job_runner.py:243} INFO - Task exited with return code 1
[2025-11-26T10:56:40.129+0000] {local_task_job_runner.py:222} INFO - ::endgroup::
