[2025-11-28T23:59:25.497+0000] {local_task_job_runner.py:120} INFO - ::group::Pre task execution logs
[2025-11-28T23:59:25.559+0000] {taskinstance.py:2076} INFO - Dependencies all met for dep_context=non-requeueable deps ti=<TaskInstance: job_ingestion_pipeline.validate_data manual__2025-11-28T23:50:13.137260+00:00 [queued]>
[2025-11-28T23:59:25.576+0000] {taskinstance.py:2076} INFO - Dependencies all met for dep_context=requeueable deps ti=<TaskInstance: job_ingestion_pipeline.validate_data manual__2025-11-28T23:50:13.137260+00:00 [queued]>
[2025-11-28T23:59:25.594+0000] {taskinstance.py:2306} INFO - Starting attempt 1 of 1
[2025-11-28T23:59:25.620+0000] {taskinstance.py:2330} INFO - Executing <Task(_PythonDecoratedOperator): validate_data> on 2025-11-28 23:50:13.137260+00:00
[2025-11-28T23:59:25.646+0000] {standard_task_runner.py:64} INFO - Started process 288 to run task
[2025-11-28T23:59:25.656+0000] {standard_task_runner.py:90} INFO - Running: ['***', 'tasks', 'run', 'job_ingestion_pipeline', 'validate_data', 'manual__2025-11-28T23:50:13.137260+00:00', '--job-id', '376', '--raw', '--subdir', 'DAGS_FOLDER/dag_ingestion.py', '--cfg-path', '/tmp/tmpm875d5qt']
[2025-11-28T23:59:25.659+0000] {standard_task_runner.py:91} INFO - Job 376: Subtask validate_data
[2025-11-28T23:59:25.803+0000] {task_command.py:426} INFO - Running <TaskInstance: job_ingestion_pipeline.validate_data manual__2025-11-28T23:50:13.137260+00:00 [running]> on host 9e1c9e9647a7
[2025-11-28T23:59:26.380+0000] {taskinstance.py:2648} INFO - Exporting env vars: AIRFLOW_CTX_DAG_OWNER='***' AIRFLOW_CTX_DAG_ID='job_ingestion_pipeline' AIRFLOW_CTX_TASK_ID='validate_data' AIRFLOW_CTX_EXECUTION_DATE='2025-11-28T23:50:13.137260+00:00' AIRFLOW_CTX_TRY_NUMBER='1' AIRFLOW_CTX_DAG_RUN_ID='manual__2025-11-28T23:50:13.137260+00:00'
[2025-11-28T23:59:26.383+0000] {taskinstance.py:430} INFO - ::endgroup::
[2025-11-28T23:59:26.466+0000] {warnings.py:109} WARNING - /home/***/.local/lib/python3.10/site-packages/great_expectations/data_context/data_context/base_data_context.py:158: DeprecationWarning: DataContext and BaseDataContext are deprecated as of v0.17.10 and will be removed in v0.20. Please use gx.get_context instead.
  warnings.warn(

[2025-11-28T23:59:26.547+0000] {taskinstance.py:441} INFO - ::group::Post task execution logs
[2025-11-28T23:59:26.548+0000] {taskinstance.py:2905} ERROR - Task failed with exception
Traceback (most recent call last):
  File "/home/airflow/.local/lib/python3.10/site-packages/airflow/models/taskinstance.py", line 465, in _execute_task
    result = _execute_callable(context=context, **execute_callable_kwargs)
  File "/home/airflow/.local/lib/python3.10/site-packages/airflow/models/taskinstance.py", line 432, in _execute_callable
    return execute_callable(context=context, **execute_callable_kwargs)
  File "/home/airflow/.local/lib/python3.10/site-packages/airflow/models/baseoperator.py", line 401, in wrapper
    return func(self, *args, **kwargs)
  File "/home/airflow/.local/lib/python3.10/site-packages/airflow/decorators/base.py", line 265, in execute
    return_value = super().execute(context)
  File "/home/airflow/.local/lib/python3.10/site-packages/airflow/models/baseoperator.py", line 401, in wrapper
    return func(self, *args, **kwargs)
  File "/home/airflow/.local/lib/python3.10/site-packages/airflow/operators/python.py", line 235, in execute
    return_value = self.execute_callable()
  File "/home/airflow/.local/lib/python3.10/site-packages/airflow/operators/python.py", line 252, in execute_callable
    return self.python_callable(*self.op_args, **self.op_kwargs)
  File "/opt/airflow/dags/dag_ingestion.py", line 85, in validate_data
    context = DataContext(GE_ROOT)
  File "/home/airflow/.local/lib/python3.10/site-packages/great_expectations/data_context/data_context/data_context.py", line 133, in DataContext
    context = BaseDataContext(
  File "/home/airflow/.local/lib/python3.10/site-packages/great_expectations/data_context/data_context/base_data_context.py", line 181, in BaseDataContext
    return get_context(
  File "/home/airflow/.local/lib/python3.10/site-packages/great_expectations/data_context/data_context/context_factory.py", line 248, in get_context
    context = _get_context(**kwargs)
  File "/home/airflow/.local/lib/python3.10/site-packages/great_expectations/data_context/data_context/context_factory.py", line 287, in _get_context
    file_context = _get_file_context(
  File "/home/airflow/.local/lib/python3.10/site-packages/great_expectations/data_context/data_context/context_factory.py", line 368, in _get_file_context
    return FileDataContext(
  File "/home/airflow/.local/lib/python3.10/site-packages/great_expectations/data_context/data_context/file_data_context.py", line 67, in __init__
    super().__init__(
  File "/home/airflow/.local/lib/python3.10/site-packages/great_expectations/data_context/data_context/serializable_data_context.py", line 69, in __init__
    super().__init__(runtime_environment=runtime_environment)
  File "/home/airflow/.local/lib/python3.10/site-packages/great_expectations/core/usage_statistics/usage_statistics.py", line 260, in usage_statistics_wrapped_method
    result = func(*args, **kwargs)
  File "/home/airflow/.local/lib/python3.10/site-packages/great_expectations/data_context/data_context/abstract_data_context.py", line 283, in __init__
    self._config_variables = self._load_config_variables()
  File "/home/airflow/.local/lib/python3.10/site-packages/great_expectations/data_context/data_context/abstract_data_context.py", line 4404, in _load_config_variables
    return config_var_provider.get_values()
  File "/home/airflow/.local/lib/python3.10/site-packages/great_expectations/core/config_provider.py", line 165, in get_values
    variables = dict(yaml.load(contents)) or {}
  File "/home/airflow/.local/lib/python3.10/site-packages/great_expectations/core/yaml_handler.py", line 67, in load
    return self._handler.load(stream=stream)
  File "/home/airflow/.local/lib/python3.10/site-packages/ruamel/yaml/main.py", line 434, in load
    return constructor.get_single_data()
  File "/home/airflow/.local/lib/python3.10/site-packages/ruamel/yaml/constructor.py", line 119, in get_single_data
    node = self.composer.get_single_node()
  File "/home/airflow/.local/lib/python3.10/site-packages/ruamel/yaml/composer.py", line 76, in get_single_node
    document = self.compose_document()
  File "/home/airflow/.local/lib/python3.10/site-packages/ruamel/yaml/composer.py", line 99, in compose_document
    node = self.compose_node(None, None)
  File "/home/airflow/.local/lib/python3.10/site-packages/ruamel/yaml/composer.py", line 143, in compose_node
    node = self.compose_mapping_node(anchor)
  File "/home/airflow/.local/lib/python3.10/site-packages/ruamel/yaml/composer.py", line 216, in compose_mapping_node
    while not self.parser.check_event(MappingEndEvent):
  File "/home/airflow/.local/lib/python3.10/site-packages/ruamel/yaml/parser.py", line 146, in check_event
    self.current_event = self.state()
  File "/home/airflow/.local/lib/python3.10/site-packages/ruamel/yaml/parser.py", line 597, in parse_block_mapping_key
    if self.scanner.check_token(KeyToken):
  File "/home/airflow/.local/lib/python3.10/site-packages/ruamel/yaml/scanner.py", line 175, in check_token
    self.fetch_more_tokens()
  File "/home/airflow/.local/lib/python3.10/site-packages/ruamel/yaml/scanner.py", line 238, in fetch_more_tokens
    return self.fetch_stream_end()
  File "/home/airflow/.local/lib/python3.10/site-packages/ruamel/yaml/scanner.py", line 460, in fetch_stream_end
    self.remove_possible_simple_key()
  File "/home/airflow/.local/lib/python3.10/site-packages/ruamel/yaml/scanner.py", line 399, in remove_possible_simple_key
    raise ScannerError(
ruamel.yaml.scanner.ScannerError: while scanning a simple key
  in "<unicode string>", line 20, column 1:
    {}
    ^ (line: 20)
could not find expected ':'
  in "<unicode string>", line 20, column 3:
    {}
      ^ (line: 20)
[2025-11-28T23:59:26.604+0000] {taskinstance.py:1206} INFO - Marking task as FAILED. dag_id=job_ingestion_pipeline, task_id=validate_data, run_id=manual__2025-11-28T23:50:13.137260+00:00, execution_date=20251128T235013, start_date=20251128T235925, end_date=20251128T235926
[2025-11-28T23:59:26.633+0000] {standard_task_runner.py:110} ERROR - Failed to execute job 376 for task validate_data (while scanning a simple key
  in "<unicode string>", line 20, column 1:
    {}
    ^ (line: 20)
could not find expected ':'
  in "<unicode string>", line 20, column 3:
    {}
      ^ (line: 20); 288)
[2025-11-28T23:59:26.675+0000] {local_task_job_runner.py:243} INFO - Task exited with return code 1
[2025-11-28T23:59:26.726+0000] {taskinstance.py:3503} INFO - 0 downstream tasks scheduled from follow-on schedule check
[2025-11-28T23:59:26.741+0000] {local_task_job_runner.py:222} INFO - ::endgroup::
