[2025-11-18T18:36:06.417+0000] {local_task_job_runner.py:120} INFO - ::group::Pre task execution logs
[2025-11-18T18:36:06.490+0000] {taskinstance.py:2076} INFO - Dependencies all met for dep_context=non-requeueable deps ti=<TaskInstance: job_ingestion_pipeline.validate scheduled__2025-11-18T18:34:00+00:00 [queued]>
[2025-11-18T18:36:06.507+0000] {taskinstance.py:2076} INFO - Dependencies all met for dep_context=requeueable deps ti=<TaskInstance: job_ingestion_pipeline.validate scheduled__2025-11-18T18:34:00+00:00 [queued]>
[2025-11-18T18:36:06.525+0000] {taskinstance.py:2306} INFO - Starting attempt 1 of 1
[2025-11-18T18:36:06.550+0000] {taskinstance.py:2330} INFO - Executing <Task(_PythonDecoratedOperator): validate> on 2025-11-18 18:34:00+00:00
[2025-11-18T18:36:06.586+0000] {logging_mixin.py:188} WARNING - /home/***/.local/lib/python3.12/site-packages/***/task/task_runner/standard_task_runner.py:62 DeprecationWarning: This process (pid=302) is multi-threaded, use of fork() may lead to deadlocks in the child.
[2025-11-18T18:36:06.583+0000] {standard_task_runner.py:90} INFO - Running: ['***', 'tasks', 'run', 'job_ingestion_pipeline', 'validate', 'scheduled__2025-11-18T18:34:00+00:00', '--job-id', '7', '--raw', '--subdir', 'DAGS_FOLDER/dag_ingestion.py', '--cfg-path', '/tmp/tmpf5_u89wi']
[2025-11-18T18:36:06.589+0000] {standard_task_runner.py:64} INFO - Started process 345 to run task
[2025-11-18T18:36:06.590+0000] {standard_task_runner.py:91} INFO - Job 7: Subtask validate
[2025-11-18T18:36:06.770+0000] {task_command.py:426} INFO - Running <TaskInstance: job_ingestion_pipeline.validate scheduled__2025-11-18T18:34:00+00:00 [running]> on host 0fb7a1f6e4fb
[2025-11-18T18:36:07.040+0000] {taskinstance.py:2648} INFO - Exporting env vars: AIRFLOW_CTX_DAG_OWNER='***' AIRFLOW_CTX_DAG_ID='job_ingestion_pipeline' AIRFLOW_CTX_TASK_ID='validate' AIRFLOW_CTX_EXECUTION_DATE='2025-11-18T18:34:00+00:00' AIRFLOW_CTX_TRY_NUMBER='1' AIRFLOW_CTX_DAG_RUN_ID='scheduled__2025-11-18T18:34:00+00:00'
[2025-11-18T18:36:07.043+0000] {taskinstance.py:430} INFO - ::endgroup::
[2025-11-18T18:36:07.105+0000] {file_data_context.py:218} INFO - FileDataContext loading fluent config
[2025-11-18T18:36:07.110+0000] {config.py:191} INFO - Loading 'datasources' ->
[]
[2025-11-18T18:36:07.332+0000] {taskinstance.py:441} INFO - ::group::Post task execution logs
[2025-11-18T18:36:07.333+0000] {taskinstance.py:2905} ERROR - Task failed with exception
Traceback (most recent call last):
  File "/home/airflow/.local/lib/python3.12/site-packages/airflow/models/taskinstance.py", line 465, in _execute_task
    result = _execute_callable(context=context, **execute_callable_kwargs)
             ^^^^^^^^^^^^^^^^^^^^^^^^^^^^^^^^^^^^^^^^^^^^^^^^^^^^^^^^^^^^^
  File "/home/airflow/.local/lib/python3.12/site-packages/airflow/models/taskinstance.py", line 432, in _execute_callable
    return execute_callable(context=context, **execute_callable_kwargs)
           ^^^^^^^^^^^^^^^^^^^^^^^^^^^^^^^^^^^^^^^^^^^^^^^^^^^^^^^^^^^^
  File "/home/airflow/.local/lib/python3.12/site-packages/airflow/models/baseoperator.py", line 401, in wrapper
    return func(self, *args, **kwargs)
           ^^^^^^^^^^^^^^^^^^^^^^^^^^^
  File "/home/airflow/.local/lib/python3.12/site-packages/airflow/decorators/base.py", line 265, in execute
    return_value = super().execute(context)
                   ^^^^^^^^^^^^^^^^^^^^^^^^
  File "/home/airflow/.local/lib/python3.12/site-packages/airflow/models/baseoperator.py", line 401, in wrapper
    return func(self, *args, **kwargs)
           ^^^^^^^^^^^^^^^^^^^^^^^^^^^
  File "/home/airflow/.local/lib/python3.12/site-packages/airflow/operators/python.py", line 235, in execute
    return_value = self.execute_callable()
                   ^^^^^^^^^^^^^^^^^^^^^^^
  File "/home/airflow/.local/lib/python3.12/site-packages/airflow/operators/python.py", line 252, in execute_callable
    return self.python_callable(*self.op_args, **self.op_kwargs)
           ^^^^^^^^^^^^^^^^^^^^^^^^^^^^^^^^^^^^^^^^^^^^^^^^^^^^^
  File "/opt/airflow/dags/dag_ingestion.py", line 55, in validate
    checkpoint = Checkpoint(
                 ^^^^^^^^^^^
  File "/home/airflow/.local/lib/python3.12/site-packages/pydantic/v1/main.py", line 341, in __init__
    raise validation_error
pydantic.v1.error_wrappers.ValidationError: 3 validation errors for Checkpoint
validation_definitions
  field required (type=value_error.missing)
data_context
  extra fields not permitted (type=value_error.extra)
validations
  extra fields not permitted (type=value_error.extra)
[2025-11-18T18:36:07.369+0000] {taskinstance.py:1206} INFO - Marking task as FAILED. dag_id=job_ingestion_pipeline, task_id=validate, run_id=scheduled__2025-11-18T18:34:00+00:00, execution_date=20251118T183400, start_date=20251118T183606, end_date=20251118T183607
[2025-11-18T18:36:07.396+0000] {standard_task_runner.py:110} ERROR - Failed to execute job 7 for task validate (3 validation errors for Checkpoint
validation_definitions
  field required (type=value_error.missing)
data_context
  extra fields not permitted (type=value_error.extra)
validations
  extra fields not permitted (type=value_error.extra); 345)
[2025-11-18T18:36:07.451+0000] {local_task_job_runner.py:243} INFO - Task exited with return code 1
[2025-11-18T18:36:07.501+0000] {taskinstance.py:3503} INFO - 0 downstream tasks scheduled from follow-on schedule check
[2025-11-18T18:36:07.512+0000] {local_task_job_runner.py:222} INFO - ::endgroup::
