[2025-11-26T10:39:54.999+0000] {local_task_job_runner.py:120} INFO - ::group::Pre task execution logs
[2025-11-26T10:39:55.079+0000] {taskinstance.py:2076} INFO - Dependencies all met for dep_context=non-requeueable deps ti=<TaskInstance: job_ingestion_pipeline.validate_data scheduled__2025-11-26T10:38:00+00:00 [queued]>
[2025-11-26T10:39:55.095+0000] {taskinstance.py:2076} INFO - Dependencies all met for dep_context=requeueable deps ti=<TaskInstance: job_ingestion_pipeline.validate_data scheduled__2025-11-26T10:38:00+00:00 [queued]>
[2025-11-26T10:39:55.097+0000] {taskinstance.py:2306} INFO - Starting attempt 1 of 1
[2025-11-26T10:39:55.122+0000] {taskinstance.py:2330} INFO - Executing <Task(_PythonDecoratedOperator): validate_data> on 2025-11-26 10:38:00+00:00
[2025-11-26T10:39:55.150+0000] {standard_task_runner.py:64} INFO - Started process 386 to run task
[2025-11-26T10:39:55.162+0000] {standard_task_runner.py:90} INFO - Running: ['***', 'tasks', 'run', 'job_ingestion_pipeline', 'validate_data', 'scheduled__2025-11-26T10:38:00+00:00', '--job-id', '6', '--raw', '--subdir', 'DAGS_FOLDER/dag_ingestion.py', '--cfg-path', '/tmp/tmpwlr1yxwr']
[2025-11-26T10:39:55.166+0000] {standard_task_runner.py:91} INFO - Job 6: Subtask validate_data
[2025-11-26T10:39:55.340+0000] {task_command.py:426} INFO - Running <TaskInstance: job_ingestion_pipeline.validate_data scheduled__2025-11-26T10:38:00+00:00 [running]> on host 97b560c2fa3e
[2025-11-26T10:39:55.623+0000] {taskinstance.py:2648} INFO - Exporting env vars: AIRFLOW_CTX_DAG_OWNER='***' AIRFLOW_CTX_DAG_ID='job_ingestion_pipeline' AIRFLOW_CTX_TASK_ID='validate_data' AIRFLOW_CTX_EXECUTION_DATE='2025-11-26T10:38:00+00:00' AIRFLOW_CTX_TRY_NUMBER='1' AIRFLOW_CTX_DAG_RUN_ID='scheduled__2025-11-26T10:38:00+00:00'
[2025-11-26T10:39:55.627+0000] {taskinstance.py:430} INFO - ::endgroup::
[2025-11-26T10:39:55.710+0000] {taskinstance.py:441} INFO - ::group::Post task execution logs
[2025-11-26T10:39:55.712+0000] {taskinstance.py:2905} ERROR - Task failed with exception
Traceback (most recent call last):
  File "/home/airflow/.local/lib/python3.10/site-packages/airflow/models/taskinstance.py", line 465, in _execute_task
    result = _execute_callable(context=context, **execute_callable_kwargs)
  File "/home/airflow/.local/lib/python3.10/site-packages/airflow/models/taskinstance.py", line 432, in _execute_callable
    return execute_callable(context=context, **execute_callable_kwargs)
  File "/home/airflow/.local/lib/python3.10/site-packages/airflow/models/baseoperator.py", line 401, in wrapper
    return func(self, *args, **kwargs)
  File "/home/airflow/.local/lib/python3.10/site-packages/airflow/decorators/base.py", line 265, in execute
    return_value = super().execute(context)
  File "/home/airflow/.local/lib/python3.10/site-packages/airflow/models/baseoperator.py", line 401, in wrapper
    return func(self, *args, **kwargs)
  File "/home/airflow/.local/lib/python3.10/site-packages/airflow/operators/python.py", line 235, in execute
    return_value = self.execute_callable()
  File "/home/airflow/.local/lib/python3.10/site-packages/airflow/operators/python.py", line 252, in execute_callable
    return self.python_callable(*self.op_args, **self.op_kwargs)
  File "/opt/airflow/dags/dag_ingestion.py", line 82, in validate_data
    res_cols = gx_df.expect_table_columns_to_contain_set(
  File "/home/airflow/.local/lib/python3.10/site-packages/pandas/core/generic.py", line 6204, in __getattr__
    return object.__getattribute__(self, name)
AttributeError: 'PandasDataset' object has no attribute 'expect_table_columns_to_contain_set'. Did you mean: 'expect_table_columns_to_match_set'?
[2025-11-26T10:39:55.827+0000] {taskinstance.py:1206} INFO - Marking task as FAILED. dag_id=job_ingestion_pipeline, task_id=validate_data, run_id=scheduled__2025-11-26T10:38:00+00:00, execution_date=20251126T103800, start_date=20251126T103955, end_date=20251126T103955
[2025-11-26T10:39:55.864+0000] {standard_task_runner.py:110} ERROR - Failed to execute job 6 for task validate_data ('PandasDataset' object has no attribute 'expect_table_columns_to_contain_set'; 386)
[2025-11-26T10:39:55.931+0000] {local_task_job_runner.py:243} INFO - Task exited with return code 1
[2025-11-26T10:39:55.990+0000] {taskinstance.py:3503} INFO - 0 downstream tasks scheduled from follow-on schedule check
[2025-11-26T10:39:56.237+0000] {local_task_job_runner.py:222} INFO - ::endgroup::
