[2025-11-18T20:23:08.025+0000] {local_task_job_runner.py:120} INFO - ::group::Pre task execution logs
[2025-11-18T20:23:08.054+0000] {taskinstance.py:2076} INFO - Dependencies all met for dep_context=non-requeueable deps ti=<TaskInstance: job_ingestion_pipeline.validate_file scheduled__2025-11-18T20:22:00+00:00 [queued]>
[2025-11-18T20:23:08.060+0000] {taskinstance.py:2076} INFO - Dependencies all met for dep_context=requeueable deps ti=<TaskInstance: job_ingestion_pipeline.validate_file scheduled__2025-11-18T20:22:00+00:00 [queued]>
[2025-11-18T20:23:08.061+0000] {taskinstance.py:2306} INFO - Starting attempt 1 of 1
[2025-11-18T20:23:08.073+0000] {taskinstance.py:2330} INFO - Executing <Task(_PythonDecoratedOperator): validate_file> on 2025-11-18 20:22:00+00:00
[2025-11-18T20:23:08.085+0000] {standard_task_runner.py:64} INFO - Started process 578 to run task
[2025-11-18T20:23:08.089+0000] {standard_task_runner.py:90} INFO - Running: ['***', 'tasks', 'run', 'job_ingestion_pipeline', 'validate_file', 'scheduled__2025-11-18T20:22:00+00:00', '--job-id', '18', '--raw', '--subdir', 'DAGS_FOLDER/dag_ingestion.py', '--cfg-path', '/tmp/tmp5osvifou']
[2025-11-18T20:23:08.093+0000] {standard_task_runner.py:91} INFO - Job 18: Subtask validate_file
[2025-11-18T20:23:08.173+0000] {task_command.py:426} INFO - Running <TaskInstance: job_ingestion_pipeline.validate_file scheduled__2025-11-18T20:22:00+00:00 [running]> on host b71b5b6aac20
[2025-11-18T20:23:08.286+0000] {taskinstance.py:2648} INFO - Exporting env vars: AIRFLOW_CTX_DAG_OWNER='***' AIRFLOW_CTX_DAG_ID='job_ingestion_pipeline' AIRFLOW_CTX_TASK_ID='validate_file' AIRFLOW_CTX_EXECUTION_DATE='2025-11-18T20:22:00+00:00' AIRFLOW_CTX_TRY_NUMBER='1' AIRFLOW_CTX_DAG_RUN_ID='scheduled__2025-11-18T20:22:00+00:00'
[2025-11-18T20:23:08.288+0000] {taskinstance.py:430} INFO - ::endgroup::
[2025-11-18T20:23:08.292+0000] {logging_mixin.py:188} WARNING - /home/***/.local/lib/python3.10/site-packages/great_expectations/data_context/data_context/serializable_data_context.py:156 UserWarning: Warning. An existing `great_expectations.yml` was found here: /opt/***/gx.
    - No action was taken.
[2025-11-18T20:23:08.293+0000] {logging_mixin.py:188} WARNING - /home/***/.local/lib/python3.10/site-packages/great_expectations/data_context/data_context/serializable_data_context.py:164 UserWarning: Warning. An existing `config_variables.yml` was found here:
            /opt/***/gx/uncommitted. - No action was taken.
[2025-11-18T20:23:08.294+0000] {taskinstance.py:441} INFO - ::group::Post task execution logs
[2025-11-18T20:23:08.295+0000] {taskinstance.py:2905} ERROR - Task failed with exception
Traceback (most recent call last):
  File "/home/airflow/.local/lib/python3.10/site-packages/great_expectations/data_context/data_context/file_data_context.py", line 185, in _load_file_backed_project_config
    with open(path_to_yml) as data:
FileNotFoundError: [Errno 2] No such file or directory: '/opt/airflow/great_expectations/great_expectations.yml'

During handling of the above exception, another exception occurred:

Traceback (most recent call last):
  File "/home/airflow/.local/lib/python3.10/site-packages/airflow/models/taskinstance.py", line 465, in _execute_task
    result = _execute_callable(context=context, **execute_callable_kwargs)
  File "/home/airflow/.local/lib/python3.10/site-packages/airflow/models/taskinstance.py", line 432, in _execute_callable
    return execute_callable(context=context, **execute_callable_kwargs)
  File "/home/airflow/.local/lib/python3.10/site-packages/airflow/models/baseoperator.py", line 401, in wrapper
    return func(self, *args, **kwargs)
  File "/home/airflow/.local/lib/python3.10/site-packages/airflow/decorators/base.py", line 265, in execute
    return_value = super().execute(context)
  File "/home/airflow/.local/lib/python3.10/site-packages/airflow/models/baseoperator.py", line 401, in wrapper
    return func(self, *args, **kwargs)
  File "/home/airflow/.local/lib/python3.10/site-packages/airflow/operators/python.py", line 235, in execute
    return_value = self.execute_callable()
  File "/home/airflow/.local/lib/python3.10/site-packages/airflow/operators/python.py", line 252, in execute_callable
    return self.python_callable(*self.op_args, **self.op_kwargs)
  File "/opt/airflow/dags/dag_ingestion.py", line 36, in validate_file
    context = FileDataContext(context_root_dir=GE_ROOT)
  File "/home/airflow/.local/lib/python3.10/site-packages/great_expectations/data_context/data_context/file_data_context.py", line 62, in __init__
    self._project_config = self._init_project_config(project_config)
  File "/home/airflow/.local/lib/python3.10/site-packages/great_expectations/data_context/data_context/file_data_context.py", line 105, in _init_project_config
    project_config = FileDataContext._load_file_backed_project_config(
  File "/home/airflow/.local/lib/python3.10/site-packages/great_expectations/data_context/data_context/file_data_context.py", line 197, in _load_file_backed_project_config
    raise gx_exceptions.ConfigNotFoundError()
great_expectations.exceptions.exceptions.ConfigNotFoundError: Error: No gx directory was found here!
    - Please check that you are in the correct directory or have specified the correct directory.
    - If you have never run Great Expectations in this project, please run `great_expectations init` to get started.

[2025-11-18T20:23:08.309+0000] {taskinstance.py:1206} INFO - Marking task as FAILED. dag_id=job_ingestion_pipeline, task_id=validate_file, run_id=scheduled__2025-11-18T20:22:00+00:00, execution_date=20251118T202200, start_date=20251118T202308, end_date=20251118T202308
[2025-11-18T20:23:08.323+0000] {standard_task_runner.py:110} ERROR - Failed to execute job 18 for task validate_file (Error: No gx directory was found here!
    - Please check that you are in the correct directory or have specified the correct directory.
    - If you have never run Great Expectations in this project, please run `great_expectations init` to get started.
; 578)
[2025-11-18T20:23:08.344+0000] {local_task_job_runner.py:243} INFO - Task exited with return code 1
[2025-11-18T20:23:08.368+0000] {taskinstance.py:3503} INFO - 0 downstream tasks scheduled from follow-on schedule check
[2025-11-18T20:23:08.374+0000] {local_task_job_runner.py:222} INFO - ::endgroup::
