[2025-11-26T11:25:25.590+0000] {local_task_job_runner.py:120} INFO - ::group::Pre task execution logs
[2025-11-26T11:25:25.662+0000] {taskinstance.py:2076} INFO - Dependencies all met for dep_context=non-requeueable deps ti=<TaskInstance: job_ingestion_pipeline.save_statistics scheduled__2025-11-26T11:24:00+00:00 [queued]>
[2025-11-26T11:25:25.681+0000] {taskinstance.py:2076} INFO - Dependencies all met for dep_context=requeueable deps ti=<TaskInstance: job_ingestion_pipeline.save_statistics scheduled__2025-11-26T11:24:00+00:00 [queued]>
[2025-11-26T11:25:25.683+0000] {taskinstance.py:2306} INFO - Starting attempt 1 of 1
[2025-11-26T11:25:25.718+0000] {taskinstance.py:2330} INFO - Executing <Task(_PythonDecoratedOperator): save_statistics> on 2025-11-26 11:24:00+00:00
[2025-11-26T11:25:25.746+0000] {standard_task_runner.py:64} INFO - Started process 870 to run task
[2025-11-26T11:25:25.757+0000] {standard_task_runner.py:90} INFO - Running: ['***', 'tasks', 'run', 'job_ingestion_pipeline', 'save_statistics', 'scheduled__2025-11-26T11:24:00+00:00', '--job-id', '79', '--raw', '--subdir', 'DAGS_FOLDER/dag_ingestion.py', '--cfg-path', '/tmp/tmp2clfpl__']
[2025-11-26T11:25:25.761+0000] {standard_task_runner.py:91} INFO - Job 79: Subtask save_statistics
[2025-11-26T11:25:25.943+0000] {task_command.py:426} INFO - Running <TaskInstance: job_ingestion_pipeline.save_statistics scheduled__2025-11-26T11:24:00+00:00 [running]> on host 97b560c2fa3e
[2025-11-26T11:25:26.213+0000] {taskinstance.py:2648} INFO - Exporting env vars: AIRFLOW_CTX_DAG_OWNER='***' AIRFLOW_CTX_DAG_ID='job_ingestion_pipeline' AIRFLOW_CTX_TASK_ID='save_statistics' AIRFLOW_CTX_EXECUTION_DATE='2025-11-26T11:24:00+00:00' AIRFLOW_CTX_TRY_NUMBER='1' AIRFLOW_CTX_DAG_RUN_ID='scheduled__2025-11-26T11:24:00+00:00'
[2025-11-26T11:25:26.215+0000] {taskinstance.py:430} INFO - ::endgroup::
[2025-11-26T11:25:26.249+0000] {taskinstance.py:441} INFO - ::group::Post task execution logs
[2025-11-26T11:25:26.251+0000] {taskinstance.py:2905} ERROR - Task failed with exception
Traceback (most recent call last):
  File "/home/airflow/.local/lib/python3.10/site-packages/sqlalchemy/engine/base.py", line 1910, in _execute_context
    self.dialect.do_execute(
  File "/home/airflow/.local/lib/python3.10/site-packages/sqlalchemy/engine/default.py", line 736, in do_execute
    cursor.execute(statement, parameters)
psycopg2.errors.UndefinedColumn: column "file_name" of relation "data_quality_stats" does not exist
LINE 3:                     (file_name, total_rows, valid_rows, inva...
                             ^


The above exception was the direct cause of the following exception:

Traceback (most recent call last):
  File "/home/airflow/.local/lib/python3.10/site-packages/airflow/models/taskinstance.py", line 465, in _execute_task
    result = _execute_callable(context=context, **execute_callable_kwargs)
  File "/home/airflow/.local/lib/python3.10/site-packages/airflow/models/taskinstance.py", line 432, in _execute_callable
    return execute_callable(context=context, **execute_callable_kwargs)
  File "/home/airflow/.local/lib/python3.10/site-packages/airflow/models/baseoperator.py", line 401, in wrapper
    return func(self, *args, **kwargs)
  File "/home/airflow/.local/lib/python3.10/site-packages/airflow/decorators/base.py", line 265, in execute
    return_value = super().execute(context)
  File "/home/airflow/.local/lib/python3.10/site-packages/airflow/models/baseoperator.py", line 401, in wrapper
    return func(self, *args, **kwargs)
  File "/home/airflow/.local/lib/python3.10/site-packages/airflow/operators/python.py", line 235, in execute
    return_value = self.execute_callable()
  File "/home/airflow/.local/lib/python3.10/site-packages/airflow/operators/python.py", line 252, in execute_callable
    return self.python_callable(*self.op_args, **self.op_kwargs)
  File "/opt/airflow/dags/dag_ingestion.py", line 244, in save_statistics
    conn.execute(
  File "/home/airflow/.local/lib/python3.10/site-packages/sqlalchemy/engine/base.py", line 1385, in execute
    return meth(self, multiparams, params, _EMPTY_EXECUTION_OPTS)
  File "/home/airflow/.local/lib/python3.10/site-packages/sqlalchemy/sql/elements.py", line 334, in _execute_on_connection
    return connection._execute_clauseelement(
  File "/home/airflow/.local/lib/python3.10/site-packages/sqlalchemy/engine/base.py", line 1577, in _execute_clauseelement
    ret = self._execute_context(
  File "/home/airflow/.local/lib/python3.10/site-packages/sqlalchemy/engine/base.py", line 1953, in _execute_context
    self._handle_dbapi_exception(
  File "/home/airflow/.local/lib/python3.10/site-packages/sqlalchemy/engine/base.py", line 2134, in _handle_dbapi_exception
    util.raise_(
  File "/home/airflow/.local/lib/python3.10/site-packages/sqlalchemy/util/compat.py", line 211, in raise_
    raise exception
  File "/home/airflow/.local/lib/python3.10/site-packages/sqlalchemy/engine/base.py", line 1910, in _execute_context
    self.dialect.do_execute(
  File "/home/airflow/.local/lib/python3.10/site-packages/sqlalchemy/engine/default.py", line 736, in do_execute
    cursor.execute(statement, parameters)
sqlalchemy.exc.ProgrammingError: (psycopg2.errors.UndefinedColumn) column "file_name" of relation "data_quality_stats" does not exist
LINE 3:                     (file_name, total_rows, valid_rows, inva...
                             ^

[SQL: 
                    INSERT INTO data_quality_stats
                    (file_name, total_rows, valid_rows, invalid_rows,
                     criticality, issues, report_path, created_at)
                    VALUES
                    (%(file_name)s, %(total_rows)s, %(valid_rows)s, %(invalid_rows)s,
                     %(criticality)s, CAST(%(issues)s AS jsonb), %(report_path)s, NOW())
                    ]
[parameters: {'file_name': 'job_part_0019.csv', 'total_rows': 982, 'valid_rows': 0, 'invalid_rows': 982, 'criticality': 'high', 'issues': '{"enrollee_id_not_null":24,"city_development_index_not_null":25,"training_hours_not_null":25,"target_valid":958}', 'report_path': '/opt/airflow/data/reports/report_job_part_0019.csv_20251126112516.html'}]
(Background on this error at: https://sqlalche.me/e/14/f405)
[2025-11-26T11:25:26.290+0000] {taskinstance.py:1206} INFO - Marking task as FAILED. dag_id=job_ingestion_pipeline, task_id=save_statistics, run_id=scheduled__2025-11-26T11:24:00+00:00, execution_date=20251126T112400, start_date=20251126T112525, end_date=20251126T112526
[2025-11-26T11:25:26.316+0000] {standard_task_runner.py:110} ERROR - Failed to execute job 79 for task save_statistics ((psycopg2.errors.UndefinedColumn) column "file_name" of relation "data_quality_stats" does not exist
LINE 3:                     (file_name, total_rows, valid_rows, inva...
                             ^

[SQL: 
                    INSERT INTO data_quality_stats
                    (file_name, total_rows, valid_rows, invalid_rows,
                     criticality, issues, report_path, created_at)
                    VALUES
                    (%(file_name)s, %(total_rows)s, %(valid_rows)s, %(invalid_rows)s,
                     %(criticality)s, CAST(%(issues)s AS jsonb), %(report_path)s, NOW())
                    ]
[parameters: {'file_name': 'job_part_0019.csv', 'total_rows': 982, 'valid_rows': 0, 'invalid_rows': 982, 'criticality': 'high', 'issues': '{"enrollee_id_not_null":24,"city_development_index_not_null":25,"training_hours_not_null":25,"target_valid":958}', 'report_path': '/opt/airflow/data/reports/report_job_part_0019.csv_20251126112516.html'}]
(Background on this error at: https://sqlalche.me/e/14/f405); 870)
[2025-11-26T11:25:26.392+0000] {local_task_job_runner.py:243} INFO - Task exited with return code 1
[2025-11-26T11:25:26.442+0000] {taskinstance.py:3503} INFO - 0 downstream tasks scheduled from follow-on schedule check
[2025-11-26T11:25:26.448+0000] {local_task_job_runner.py:222} INFO - ::endgroup::
