[2025-11-27T23:57:38.326+0000] {local_task_job_runner.py:120} INFO - ::group::Pre task execution logs
[2025-11-27T23:57:38.361+0000] {taskinstance.py:2076} INFO - Dependencies all met for dep_context=non-requeueable deps ti=<TaskInstance: job_ingestion_pipeline.validate_data manual__2025-11-27T23:57:23.929343+00:00 [queued]>
[2025-11-27T23:57:38.370+0000] {taskinstance.py:2076} INFO - Dependencies all met for dep_context=requeueable deps ti=<TaskInstance: job_ingestion_pipeline.validate_data manual__2025-11-27T23:57:23.929343+00:00 [queued]>
[2025-11-27T23:57:38.371+0000] {taskinstance.py:2306} INFO - Starting attempt 1 of 1
[2025-11-27T23:57:38.387+0000] {taskinstance.py:2330} INFO - Executing <Task(_PythonDecoratedOperator): validate_data> on 2025-11-27 23:57:23.929343+00:00
[2025-11-27T23:57:38.402+0000] {standard_task_runner.py:64} INFO - Started process 316 to run task
[2025-11-27T23:57:38.408+0000] {standard_task_runner.py:90} INFO - Running: ['***', 'tasks', 'run', 'job_ingestion_pipeline', 'validate_data', 'manual__2025-11-27T23:57:23.929343+00:00', '--job-id', '112', '--raw', '--subdir', 'DAGS_FOLDER/dag_ingestion.py', '--cfg-path', '/tmp/tmpuwct53ab']
[2025-11-27T23:57:38.410+0000] {standard_task_runner.py:91} INFO - Job 112: Subtask validate_data
[2025-11-27T23:57:38.504+0000] {task_command.py:426} INFO - Running <TaskInstance: job_ingestion_pipeline.validate_data manual__2025-11-27T23:57:23.929343+00:00 [running]> on host 9e1c9e9647a7
[2025-11-27T23:57:38.642+0000] {taskinstance.py:2648} INFO - Exporting env vars: AIRFLOW_CTX_DAG_OWNER='***' AIRFLOW_CTX_DAG_ID='job_ingestion_pipeline' AIRFLOW_CTX_TASK_ID='validate_data' AIRFLOW_CTX_EXECUTION_DATE='2025-11-27T23:57:23.929343+00:00' AIRFLOW_CTX_TRY_NUMBER='1' AIRFLOW_CTX_DAG_RUN_ID='manual__2025-11-27T23:57:23.929343+00:00'
[2025-11-27T23:57:38.643+0000] {taskinstance.py:430} INFO - ::endgroup::
[2025-11-27T23:57:38.728+0000] {file_data_context.py:224} INFO - FileDataContext loading fluent config
[2025-11-27T23:57:38.743+0000] {config.py:185} INFO - Loading 'datasources' ->
[]
[2025-11-27T23:57:39.095+0000] {warnings.py:109} WARNING - /home/***/.local/lib/python3.10/site-packages/great_expectations/data_context/data_context/abstract_data_context.py:2783: DeprecationWarning: create_expectation_suite is deprecated as of v0.15.48 and will be removed in v0.18. Please use add_expectation_suite or add_or_update_expectation_suite instead.
  warnings.warn(

[2025-11-27T23:57:39.104+0000] {taskinstance.py:441} INFO - ::group::Post task execution logs
[2025-11-27T23:57:39.105+0000] {taskinstance.py:2905} ERROR - Task failed with exception
Traceback (most recent call last):
  File "/home/airflow/.local/lib/python3.10/site-packages/great_expectations/data_context/store/expectations_store.py", line 194, in _add
    return super()._add(key=key, value=value, **kwargs)
  File "/home/airflow/.local/lib/python3.10/site-packages/great_expectations/data_context/store/store.py", line 243, in _add
    return self._store_backend.add(
  File "/home/airflow/.local/lib/python3.10/site-packages/great_expectations/data_context/store/_store_backend.py", line 143, in add
    return self._add(key=key, value=value, **kwargs)
  File "/home/airflow/.local/lib/python3.10/site-packages/great_expectations/data_context/store/_store_backend.py", line 147, in _add
    raise StoreBackendError(f"Store already has the following key: {key}.")
great_expectations.exceptions.exceptions.StoreBackendError: Store already has the following key: ('ingestion_suite',).

During handling of the above exception, another exception occurred:

Traceback (most recent call last):
  File "/home/airflow/.local/lib/python3.10/site-packages/airflow/models/taskinstance.py", line 465, in _execute_task
    result = _execute_callable(context=context, **execute_callable_kwargs)
  File "/home/airflow/.local/lib/python3.10/site-packages/airflow/models/taskinstance.py", line 432, in _execute_callable
    return execute_callable(context=context, **execute_callable_kwargs)
  File "/home/airflow/.local/lib/python3.10/site-packages/airflow/models/baseoperator.py", line 401, in wrapper
    return func(self, *args, **kwargs)
  File "/home/airflow/.local/lib/python3.10/site-packages/airflow/decorators/base.py", line 265, in execute
    return_value = super().execute(context)
  File "/home/airflow/.local/lib/python3.10/site-packages/airflow/models/baseoperator.py", line 401, in wrapper
    return func(self, *args, **kwargs)
  File "/home/airflow/.local/lib/python3.10/site-packages/airflow/operators/python.py", line 235, in execute
    return_value = self.execute_callable()
  File "/home/airflow/.local/lib/python3.10/site-packages/airflow/operators/python.py", line 252, in execute_callable
    return self.python_callable(*self.op_args, **self.op_kwargs)
  File "/opt/airflow/dags/dag_ingestion.py", line 136, in validate_data
    suite = context.create_expectation_suite(SUITE_NAME)
  File "/home/airflow/.local/lib/python3.10/site-packages/great_expectations/data_context/data_context/abstract_data_context.py", line 2788, in create_expectation_suite
    return self._add_expectation_suite(
  File "/home/airflow/.local/lib/python3.10/site-packages/great_expectations/data_context/data_context/abstract_data_context.py", line 2931, in _add_expectation_suite
    return self._persist_suite_with_store(
  File "/home/airflow/.local/lib/python3.10/site-packages/great_expectations/data_context/data_context/abstract_data_context.py", line 2953, in _persist_suite_with_store
    persistence_fn(key=key, value=expectation_suite, **kwargs)
  File "/home/airflow/.local/lib/python3.10/site-packages/great_expectations/data_context/store/store.py", line 239, in add
    return self._add(key=key, value=value, **kwargs)
  File "/home/airflow/.local/lib/python3.10/site-packages/great_expectations/data_context/store/expectations_store.py", line 196, in _add
    raise gx_exceptions.ExpectationSuiteError(
great_expectations.exceptions.exceptions.ExpectationSuiteError: An ExpectationSuite named ingestion_suite already exists.
[2025-11-27T23:57:39.129+0000] {taskinstance.py:1206} INFO - Marking task as FAILED. dag_id=job_ingestion_pipeline, task_id=validate_data, run_id=manual__2025-11-27T23:57:23.929343+00:00, execution_date=20251127T235723, start_date=20251127T235738, end_date=20251127T235739
[2025-11-27T23:57:39.146+0000] {standard_task_runner.py:110} ERROR - Failed to execute job 112 for task validate_data (An ExpectationSuite named ingestion_suite already exists.; 316)
[2025-11-27T23:57:39.208+0000] {local_task_job_runner.py:243} INFO - Task exited with return code 1
[2025-11-27T23:57:39.239+0000] {taskinstance.py:3503} INFO - 0 downstream tasks scheduled from follow-on schedule check
[2025-11-27T23:57:39.246+0000] {local_task_job_runner.py:222} INFO - ::endgroup::
