[2025-11-16T19:38:19.995+0000] {local_task_job_runner.py:120} INFO - ::group::Pre task execution logs
[2025-11-16T19:38:20.063+0000] {taskinstance.py:2076} INFO - Dependencies all met for dep_context=non-requeueable deps ti=<TaskInstance: job_ingestion_pipeline.split_and_save_data manual__2025-11-16T19:38:12.770729+00:00 [queued]>
[2025-11-16T19:38:20.086+0000] {taskinstance.py:2076} INFO - Dependencies all met for dep_context=requeueable deps ti=<TaskInstance: job_ingestion_pipeline.split_and_save_data manual__2025-11-16T19:38:12.770729+00:00 [queued]>
[2025-11-16T19:38:20.090+0000] {taskinstance.py:2306} INFO - Starting attempt 1 of 1
[2025-11-16T19:38:20.117+0000] {taskinstance.py:2330} INFO - Executing <Task(_PythonDecoratedOperator): split_and_save_data> on 2025-11-16 19:38:12.770729+00:00
[2025-11-16T19:38:20.138+0000] {standard_task_runner.py:90} INFO - Running: ['***', 'tasks', 'run', 'job_ingestion_pipeline', 'split_and_save_data', 'manual__2025-11-16T19:38:12.770729+00:00', '--job-id', '16', '--raw', '--subdir', 'DAGS_FOLDER/dag_ingestion.py', '--cfg-path', '/tmp/tmpfi8f3k_p']
[2025-11-16T19:38:20.143+0000] {standard_task_runner.py:91} INFO - Job 16: Subtask split_and_save_data
[2025-11-16T19:38:20.143+0000] {logging_mixin.py:188} WARNING - /home/***/.local/lib/python3.12/site-packages/***/task/task_runner/standard_task_runner.py:62 DeprecationWarning: This process (pid=329) is multi-threaded, use of fork() may lead to deadlocks in the child.
[2025-11-16T19:38:20.145+0000] {standard_task_runner.py:64} INFO - Started process 341 to run task
[2025-11-16T19:38:20.248+0000] {task_command.py:426} INFO - Running <TaskInstance: job_ingestion_pipeline.split_and_save_data manual__2025-11-16T19:38:12.770729+00:00 [running]> on host 8088341ffd4c
[2025-11-16T19:38:20.678+0000] {taskinstance.py:2648} INFO - Exporting env vars: AIRFLOW_CTX_DAG_OWNER='***' AIRFLOW_CTX_DAG_ID='job_ingestion_pipeline' AIRFLOW_CTX_TASK_ID='split_and_save_data' AIRFLOW_CTX_EXECUTION_DATE='2025-11-16T19:38:12.770729+00:00' AIRFLOW_CTX_TRY_NUMBER='1' AIRFLOW_CTX_DAG_RUN_ID='manual__2025-11-16T19:38:12.770729+00:00'
[2025-11-16T19:38:20.680+0000] {taskinstance.py:430} INFO - ::endgroup::
[2025-11-16T19:38:20.684+0000] {taskinstance.py:441} INFO - ::group::Post task execution logs
[2025-11-16T19:38:20.684+0000] {taskinstance.py:2905} ERROR - Task failed with exception
Traceback (most recent call last):
  File "/home/airflow/.local/lib/python3.12/site-packages/airflow/models/taskinstance.py", line 465, in _execute_task
    result = _execute_callable(context=context, **execute_callable_kwargs)
             ^^^^^^^^^^^^^^^^^^^^^^^^^^^^^^^^^^^^^^^^^^^^^^^^^^^^^^^^^^^^^
  File "/home/airflow/.local/lib/python3.12/site-packages/airflow/models/taskinstance.py", line 432, in _execute_callable
    return execute_callable(context=context, **execute_callable_kwargs)
           ^^^^^^^^^^^^^^^^^^^^^^^^^^^^^^^^^^^^^^^^^^^^^^^^^^^^^^^^^^^^
  File "/home/airflow/.local/lib/python3.12/site-packages/airflow/models/baseoperator.py", line 401, in wrapper
    return func(self, *args, **kwargs)
           ^^^^^^^^^^^^^^^^^^^^^^^^^^^
  File "/home/airflow/.local/lib/python3.12/site-packages/airflow/decorators/base.py", line 265, in execute
    return_value = super().execute(context)
                   ^^^^^^^^^^^^^^^^^^^^^^^^
  File "/home/airflow/.local/lib/python3.12/site-packages/airflow/models/baseoperator.py", line 401, in wrapper
    return func(self, *args, **kwargs)
           ^^^^^^^^^^^^^^^^^^^^^^^^^^^
  File "/home/airflow/.local/lib/python3.12/site-packages/airflow/operators/python.py", line 235, in execute
    return_value = self.execute_callable()
                   ^^^^^^^^^^^^^^^^^^^^^^^
  File "/home/airflow/.local/lib/python3.12/site-packages/airflow/operators/python.py", line 252, in execute_callable
    return self.python_callable(*self.op_args, **self.op_kwargs)
           ^^^^^^^^^^^^^^^^^^^^^^^^^^^^^^^^^^^^^^^^^^^^^^^^^^^^^
  File "/opt/airflow/dags/dag_ingestion.py", line 253, in split_and_save_data
    raise FileNotFoundError(f"[split_and_save_data] File not found: {path}")
FileNotFoundError: [split_and_save_data] File not found: /opt/***/data/raw_data/job_missingcol_gender.csv
[2025-11-16T19:38:20.705+0000] {taskinstance.py:1206} INFO - Marking task as FAILED. dag_id=job_ingestion_pipeline, task_id=split_and_save_data, run_id=manual__2025-11-16T19:38:12.770729+00:00, execution_date=20251116T193812, start_date=20251116T193820, end_date=20251116T193820
[2025-11-16T19:38:20.723+0000] {standard_task_runner.py:110} ERROR - Failed to execute job 16 for task split_and_save_data ([split_and_save_data] File not found: /opt/***/data/raw_data/job_missingcol_gender.csv; 341)
[2025-11-16T19:38:20.766+0000] {local_task_job_runner.py:243} INFO - Task exited with return code 1
[2025-11-16T19:38:20.782+0000] {local_task_job_runner.py:222} INFO - ::endgroup::
