[2025-11-16T19:21:15.686+0000] {local_task_job_runner.py:120} INFO - ::group::Pre task execution logs
[2025-11-16T19:21:15.780+0000] {taskinstance.py:2076} INFO - Dependencies all met for dep_context=non-requeueable deps ti=<TaskInstance: job_ingestion_pipeline.split_and_save_data scheduled__2025-11-16T19:20:00+00:00 [queued]>
[2025-11-16T19:21:15.801+0000] {taskinstance.py:2076} INFO - Dependencies all met for dep_context=requeueable deps ti=<TaskInstance: job_ingestion_pipeline.split_and_save_data scheduled__2025-11-16T19:20:00+00:00 [queued]>
[2025-11-16T19:21:15.802+0000] {taskinstance.py:2306} INFO - Starting attempt 1 of 1
[2025-11-16T19:21:15.837+0000] {taskinstance.py:2330} INFO - Executing <Task(_PythonDecoratedOperator): split_and_save_data> on 2025-11-16 19:20:00+00:00
[2025-11-16T19:21:15.860+0000] {logging_mixin.py:188} WARNING - /home/***/.local/lib/python3.12/site-packages/***/task/task_runner/standard_task_runner.py:62 DeprecationWarning: This process (pid=818) is multi-threaded, use of fork() may lead to deadlocks in the child.
[2025-11-16T19:21:15.864+0000] {standard_task_runner.py:64} INFO - Started process 825 to run task
[2025-11-16T19:21:15.860+0000] {standard_task_runner.py:90} INFO - Running: ['***', 'tasks', 'run', 'job_ingestion_pipeline', 'split_and_save_data', 'scheduled__2025-11-16T19:20:00+00:00', '--job-id', '65', '--raw', '--subdir', 'DAGS_FOLDER/dag_ingestion.py', '--cfg-path', '/tmp/tmpfrnuts8w']
[2025-11-16T19:21:15.866+0000] {standard_task_runner.py:91} INFO - Job 65: Subtask split_and_save_data
[2025-11-16T19:21:16.042+0000] {task_command.py:426} INFO - Running <TaskInstance: job_ingestion_pipeline.split_and_save_data scheduled__2025-11-16T19:20:00+00:00 [running]> on host 2446aed405f7
[2025-11-16T19:21:16.699+0000] {taskinstance.py:2648} INFO - Exporting env vars: AIRFLOW_CTX_DAG_OWNER='***' AIRFLOW_CTX_DAG_ID='job_ingestion_pipeline' AIRFLOW_CTX_TASK_ID='split_and_save_data' AIRFLOW_CTX_EXECUTION_DATE='2025-11-16T19:20:00+00:00' AIRFLOW_CTX_TRY_NUMBER='1' AIRFLOW_CTX_DAG_RUN_ID='scheduled__2025-11-16T19:20:00+00:00'
[2025-11-16T19:21:16.702+0000] {taskinstance.py:430} INFO - ::endgroup::
[2025-11-16T19:21:16.840+0000] {logging_mixin.py:188} INFO - âš  Splitting file into GOOD and BAD rows...
[2025-11-16T19:21:16.843+0000] {taskinstance.py:441} INFO - ::group::Post task execution logs
[2025-11-16T19:21:16.844+0000] {taskinstance.py:2905} ERROR - Task failed with exception
Traceback (most recent call last):
  File "/home/airflow/.local/lib/python3.12/site-packages/airflow/models/taskinstance.py", line 465, in _execute_task
    result = _execute_callable(context=context, **execute_callable_kwargs)
             ^^^^^^^^^^^^^^^^^^^^^^^^^^^^^^^^^^^^^^^^^^^^^^^^^^^^^^^^^^^^^
  File "/home/airflow/.local/lib/python3.12/site-packages/airflow/models/taskinstance.py", line 432, in _execute_callable
    return execute_callable(context=context, **execute_callable_kwargs)
           ^^^^^^^^^^^^^^^^^^^^^^^^^^^^^^^^^^^^^^^^^^^^^^^^^^^^^^^^^^^^
  File "/home/airflow/.local/lib/python3.12/site-packages/airflow/models/baseoperator.py", line 401, in wrapper
    return func(self, *args, **kwargs)
           ^^^^^^^^^^^^^^^^^^^^^^^^^^^
  File "/home/airflow/.local/lib/python3.12/site-packages/airflow/decorators/base.py", line 265, in execute
    return_value = super().execute(context)
                   ^^^^^^^^^^^^^^^^^^^^^^^^
  File "/home/airflow/.local/lib/python3.12/site-packages/airflow/models/baseoperator.py", line 401, in wrapper
    return func(self, *args, **kwargs)
           ^^^^^^^^^^^^^^^^^^^^^^^^^^^
  File "/home/airflow/.local/lib/python3.12/site-packages/airflow/operators/python.py", line 235, in execute
    return_value = self.execute_callable()
                   ^^^^^^^^^^^^^^^^^^^^^^^
  File "/home/airflow/.local/lib/python3.12/site-packages/airflow/operators/python.py", line 252, in execute_callable
    return self.python_callable(*self.op_args, **self.op_kwargs)
           ^^^^^^^^^^^^^^^^^^^^^^^^^^^^^^^^^^^^^^^^^^^^^^^^^^^^^
  File "/opt/airflow/dags/dag_ingestion.py", line 171, in split_and_save_data
    valid_mask = df[required_cols].notna().all(axis=1)
                 ~~^^^^^^^^^^^^^^^
  File "/home/airflow/.local/lib/python3.12/site-packages/pandas/core/frame.py", line 3899, in __getitem__
    indexer = self.columns._get_indexer_strict(key, "columns")[1]
              ^^^^^^^^^^^^^^^^^^^^^^^^^^^^^^^^^^^^^^^^^^^^^^^^
  File "/home/airflow/.local/lib/python3.12/site-packages/pandas/core/indexes/base.py", line 6115, in _get_indexer_strict
    self._raise_if_missing(keyarr, indexer, axis_name)
  File "/home/airflow/.local/lib/python3.12/site-packages/pandas/core/indexes/base.py", line 6179, in _raise_if_missing
    raise KeyError(f"{not_found} not in index")
KeyError: "['age', 'gender', 'salary'] not in index"
[2025-11-16T19:21:16.886+0000] {taskinstance.py:1206} INFO - Marking task as FAILED. dag_id=job_ingestion_pipeline, task_id=split_and_save_data, run_id=scheduled__2025-11-16T19:20:00+00:00, execution_date=20251116T192000, start_date=20251116T192115, end_date=20251116T192116
[2025-11-16T19:21:16.910+0000] {standard_task_runner.py:110} ERROR - Failed to execute job 65 for task split_and_save_data ("['age', 'gender', 'salary'] not in index"; 825)
[2025-11-16T19:21:16.990+0000] {local_task_job_runner.py:243} INFO - Task exited with return code 1
[2025-11-16T19:21:17.030+0000] {taskinstance.py:3503} INFO - 0 downstream tasks scheduled from follow-on schedule check
[2025-11-16T19:21:17.037+0000] {local_task_job_runner.py:222} INFO - ::endgroup::
