[2025-11-29T00:04:08.132+0000] {local_task_job_runner.py:120} INFO - ::group::Pre task execution logs
[2025-11-29T00:04:08.195+0000] {taskinstance.py:2076} INFO - Dependencies all met for dep_context=non-requeueable deps ti=<TaskInstance: job_ingestion_pipeline.validate_data scheduled__2025-11-29T00:02:00+00:00 [queued]>
[2025-11-29T00:04:08.211+0000] {taskinstance.py:2076} INFO - Dependencies all met for dep_context=requeueable deps ti=<TaskInstance: job_ingestion_pipeline.validate_data scheduled__2025-11-29T00:02:00+00:00 [queued]>
[2025-11-29T00:04:08.230+0000] {taskinstance.py:2306} INFO - Starting attempt 1 of 1
[2025-11-29T00:04:08.257+0000] {taskinstance.py:2330} INFO - Executing <Task(_PythonDecoratedOperator): validate_data> on 2025-11-29 00:02:00+00:00
[2025-11-29T00:04:08.289+0000] {standard_task_runner.py:64} INFO - Started process 333 to run task
[2025-11-29T00:04:08.299+0000] {standard_task_runner.py:90} INFO - Running: ['***', 'tasks', 'run', 'job_ingestion_pipeline', 'validate_data', 'scheduled__2025-11-29T00:02:00+00:00', '--job-id', '381', '--raw', '--subdir', 'DAGS_FOLDER/dag_ingestion.py', '--cfg-path', '/tmp/tmpbcwg5n0d']
[2025-11-29T00:04:08.303+0000] {standard_task_runner.py:91} INFO - Job 381: Subtask validate_data
[2025-11-29T00:04:08.472+0000] {task_command.py:426} INFO - Running <TaskInstance: job_ingestion_pipeline.validate_data scheduled__2025-11-29T00:02:00+00:00 [running]> on host 9e1c9e9647a7
[2025-11-29T00:04:08.735+0000] {taskinstance.py:2648} INFO - Exporting env vars: AIRFLOW_CTX_DAG_OWNER='***' AIRFLOW_CTX_DAG_ID='job_ingestion_pipeline' AIRFLOW_CTX_TASK_ID='validate_data' AIRFLOW_CTX_EXECUTION_DATE='2025-11-29T00:02:00+00:00' AIRFLOW_CTX_TRY_NUMBER='1' AIRFLOW_CTX_DAG_RUN_ID='scheduled__2025-11-29T00:02:00+00:00'
[2025-11-29T00:04:08.738+0000] {taskinstance.py:430} INFO - ::endgroup::
[2025-11-29T00:04:08.851+0000] {warnings.py:109} WARNING - /home/***/.local/lib/python3.10/site-packages/great_expectations/data_context/data_context/base_data_context.py:158: DeprecationWarning: DataContext and BaseDataContext are deprecated as of v0.17.10 and will be removed in v0.20. Please use gx.get_context instead.
  warnings.warn(

[2025-11-29T00:04:08.930+0000] {file_data_context.py:224} INFO - FileDataContext loading fluent config
[2025-11-29T00:04:08.959+0000] {config.py:185} INFO - Loading 'datasources' ->
[]
[2025-11-29T00:04:09.392+0000] {taskinstance.py:441} INFO - ::group::Post task execution logs
[2025-11-29T00:04:09.393+0000] {taskinstance.py:2905} ERROR - Task failed with exception
Traceback (most recent call last):
  File "/home/airflow/.local/lib/python3.10/site-packages/airflow/models/taskinstance.py", line 465, in _execute_task
    result = _execute_callable(context=context, **execute_callable_kwargs)
  File "/home/airflow/.local/lib/python3.10/site-packages/airflow/models/taskinstance.py", line 432, in _execute_callable
    return execute_callable(context=context, **execute_callable_kwargs)
  File "/home/airflow/.local/lib/python3.10/site-packages/airflow/models/baseoperator.py", line 401, in wrapper
    return func(self, *args, **kwargs)
  File "/home/airflow/.local/lib/python3.10/site-packages/airflow/decorators/base.py", line 265, in execute
    return_value = super().execute(context)
  File "/home/airflow/.local/lib/python3.10/site-packages/airflow/models/baseoperator.py", line 401, in wrapper
    return func(self, *args, **kwargs)
  File "/home/airflow/.local/lib/python3.10/site-packages/airflow/operators/python.py", line 235, in execute
    return_value = self.execute_callable()
  File "/home/airflow/.local/lib/python3.10/site-packages/airflow/operators/python.py", line 252, in execute_callable
    return self.python_callable(*self.op_args, **self.op_kwargs)
  File "/opt/airflow/dags/dag_ingestion.py", line 85, in validate_data
    context = DataContext(GE_ROOT)
  File "/home/airflow/.local/lib/python3.10/site-packages/great_expectations/data_context/data_context/data_context.py", line 133, in DataContext
    context = BaseDataContext(
  File "/home/airflow/.local/lib/python3.10/site-packages/great_expectations/data_context/data_context/base_data_context.py", line 181, in BaseDataContext
    return get_context(
  File "/home/airflow/.local/lib/python3.10/site-packages/great_expectations/data_context/data_context/context_factory.py", line 248, in get_context
    context = _get_context(**kwargs)
  File "/home/airflow/.local/lib/python3.10/site-packages/great_expectations/data_context/data_context/context_factory.py", line 287, in _get_context
    file_context = _get_file_context(
  File "/home/airflow/.local/lib/python3.10/site-packages/great_expectations/data_context/data_context/context_factory.py", line 368, in _get_file_context
    return FileDataContext(
  File "/home/airflow/.local/lib/python3.10/site-packages/great_expectations/data_context/data_context/file_data_context.py", line 67, in __init__
    super().__init__(
  File "/home/airflow/.local/lib/python3.10/site-packages/great_expectations/data_context/data_context/serializable_data_context.py", line 69, in __init__
    super().__init__(runtime_environment=runtime_environment)
  File "/home/airflow/.local/lib/python3.10/site-packages/great_expectations/core/usage_statistics/usage_statistics.py", line 260, in usage_statistics_wrapped_method
    result = func(*args, **kwargs)
  File "/home/airflow/.local/lib/python3.10/site-packages/great_expectations/data_context/data_context/abstract_data_context.py", line 310, in __init__
    self._data_context_id = self._construct_data_context_id()
  File "/home/airflow/.local/lib/python3.10/site-packages/great_expectations/data_context/data_context/abstract_data_context.py", line 4882, in _construct_data_context_id
    expectations_store = self.stores[self.expectations_store_name]
KeyError: None
[2025-11-29T00:04:09.436+0000] {taskinstance.py:1206} INFO - Marking task as FAILED. dag_id=job_ingestion_pipeline, task_id=validate_data, run_id=scheduled__2025-11-29T00:02:00+00:00, execution_date=20251129T000200, start_date=20251129T000408, end_date=20251129T000409
[2025-11-29T00:04:09.587+0000] {standard_task_runner.py:110} ERROR - Failed to execute job 381 for task validate_data (None; 333)
[2025-11-29T00:04:09.648+0000] {local_task_job_runner.py:243} INFO - Task exited with return code 1
[2025-11-29T00:04:09.704+0000] {taskinstance.py:3503} INFO - 0 downstream tasks scheduled from follow-on schedule check
[2025-11-29T00:04:09.831+0000] {local_task_job_runner.py:222} INFO - ::endgroup::
