[2025-11-27T13:10:22.669+0000] {local_task_job_runner.py:120} INFO - ::group::Pre task execution logs
[2025-11-27T13:10:22.700+0000] {taskinstance.py:2076} INFO - Dependencies all met for dep_context=non-requeueable deps ti=<TaskInstance: job_ingestion_pipeline.split_and_save_data scheduled__2025-11-27T13:09:00+00:00 [queued]>
[2025-11-27T13:10:22.707+0000] {taskinstance.py:2076} INFO - Dependencies all met for dep_context=requeueable deps ti=<TaskInstance: job_ingestion_pipeline.split_and_save_data scheduled__2025-11-27T13:09:00+00:00 [queued]>
[2025-11-27T13:10:22.708+0000] {taskinstance.py:2306} INFO - Starting attempt 1 of 1
[2025-11-27T13:10:22.720+0000] {taskinstance.py:2330} INFO - Executing <Task(_PythonDecoratedOperator): split_and_save_data> on 2025-11-27 13:09:00+00:00
[2025-11-27T13:10:22.733+0000] {standard_task_runner.py:64} INFO - Started process 507 to run task
[2025-11-27T13:10:22.737+0000] {standard_task_runner.py:90} INFO - Running: ['***', 'tasks', 'run', 'job_ingestion_pipeline', 'split_and_save_data', 'scheduled__2025-11-27T13:09:00+00:00', '--job-id', '16', '--raw', '--subdir', 'DAGS_FOLDER/dag_ingestion.py', '--cfg-path', '/tmp/tmplsuwlyzb']
[2025-11-27T13:10:22.738+0000] {standard_task_runner.py:91} INFO - Job 16: Subtask split_and_save_data
[2025-11-27T13:10:22.812+0000] {task_command.py:426} INFO - Running <TaskInstance: job_ingestion_pipeline.split_and_save_data scheduled__2025-11-27T13:09:00+00:00 [running]> on host f93813318543
[2025-11-27T13:10:22.931+0000] {taskinstance.py:2648} INFO - Exporting env vars: AIRFLOW_CTX_DAG_OWNER='***' AIRFLOW_CTX_DAG_ID='job_ingestion_pipeline' AIRFLOW_CTX_TASK_ID='split_and_save_data' AIRFLOW_CTX_EXECUTION_DATE='2025-11-27T13:09:00+00:00' AIRFLOW_CTX_TRY_NUMBER='1' AIRFLOW_CTX_DAG_RUN_ID='scheduled__2025-11-27T13:09:00+00:00'
[2025-11-27T13:10:22.933+0000] {taskinstance.py:430} INFO - ::endgroup::
[2025-11-27T13:10:22.937+0000] {taskinstance.py:441} INFO - ::group::Post task execution logs
[2025-11-27T13:10:22.938+0000] {taskinstance.py:2905} ERROR - Task failed with exception
Traceback (most recent call last):
  File "/home/airflow/.local/lib/python3.10/site-packages/airflow/models/taskinstance.py", line 465, in _execute_task
    result = _execute_callable(context=context, **execute_callable_kwargs)
  File "/home/airflow/.local/lib/python3.10/site-packages/airflow/models/taskinstance.py", line 432, in _execute_callable
    return execute_callable(context=context, **execute_callable_kwargs)
  File "/home/airflow/.local/lib/python3.10/site-packages/airflow/models/baseoperator.py", line 401, in wrapper
    return func(self, *args, **kwargs)
  File "/home/airflow/.local/lib/python3.10/site-packages/airflow/decorators/base.py", line 265, in execute
    return_value = super().execute(context)
  File "/home/airflow/.local/lib/python3.10/site-packages/airflow/models/baseoperator.py", line 401, in wrapper
    return func(self, *args, **kwargs)
  File "/home/airflow/.local/lib/python3.10/site-packages/airflow/operators/python.py", line 235, in execute
    return_value = self.execute_callable()
  File "/home/airflow/.local/lib/python3.10/site-packages/airflow/operators/python.py", line 252, in execute_callable
    return self.python_callable(*self.op_args, **self.op_kwargs)
  File "/opt/airflow/dags/dag_ingestion.py", line 211, in split_and_save_data
    df = pd.read_csv(info["file_path"])
  File "/home/airflow/.local/lib/python3.10/site-packages/pandas/io/parsers/readers.py", line 948, in read_csv
    return _read(filepath_or_buffer, kwds)
  File "/home/airflow/.local/lib/python3.10/site-packages/pandas/io/parsers/readers.py", line 611, in _read
    parser = TextFileReader(filepath_or_buffer, **kwds)
  File "/home/airflow/.local/lib/python3.10/site-packages/pandas/io/parsers/readers.py", line 1448, in __init__
    self._engine = self._make_engine(f, self.engine)
  File "/home/airflow/.local/lib/python3.10/site-packages/pandas/io/parsers/readers.py", line 1705, in _make_engine
    self.handles = get_handle(
  File "/home/airflow/.local/lib/python3.10/site-packages/pandas/io/common.py", line 863, in get_handle
    handle = open(
FileNotFoundError: [Errno 2] No such file or directory: '/opt/airflow/data/raw_data/job_part_0004.csv'
[2025-11-27T13:10:22.952+0000] {taskinstance.py:1206} INFO - Marking task as FAILED. dag_id=job_ingestion_pipeline, task_id=split_and_save_data, run_id=scheduled__2025-11-27T13:09:00+00:00, execution_date=20251127T130900, start_date=20251127T131022, end_date=20251127T131022
[2025-11-27T13:10:22.966+0000] {standard_task_runner.py:110} ERROR - Failed to execute job 16 for task split_and_save_data ([Errno 2] No such file or directory: '/opt/airflow/data/raw_data/job_part_0004.csv'; 507)
[2025-11-27T13:10:22.997+0000] {local_task_job_runner.py:243} INFO - Task exited with return code 1
[2025-11-27T13:10:23.017+0000] {taskinstance.py:3503} INFO - 0 downstream tasks scheduled from follow-on schedule check
[2025-11-27T13:10:23.022+0000] {local_task_job_runner.py:222} INFO - ::endgroup::
