[2025-11-27T17:46:00.485+0000] {local_task_job_runner.py:120} INFO - ::group::Pre task execution logs
[2025-11-27T17:46:00.520+0000] {taskinstance.py:2076} INFO - Dependencies all met for dep_context=non-requeueable deps ti=<TaskInstance: job_ingestion_pipeline.validate_data scheduled__2025-11-27T17:44:00+00:00 [queued]>
[2025-11-27T17:46:00.527+0000] {taskinstance.py:2076} INFO - Dependencies all met for dep_context=requeueable deps ti=<TaskInstance: job_ingestion_pipeline.validate_data scheduled__2025-11-27T17:44:00+00:00 [queued]>
[2025-11-27T17:46:00.529+0000] {taskinstance.py:2306} INFO - Starting attempt 1 of 1
[2025-11-27T17:46:00.542+0000] {taskinstance.py:2330} INFO - Executing <Task(_PythonDecoratedOperator): validate_data> on 2025-11-27 17:44:00+00:00
[2025-11-27T17:46:00.556+0000] {standard_task_runner.py:64} INFO - Started process 318 to run task
[2025-11-27T17:46:00.560+0000] {standard_task_runner.py:90} INFO - Running: ['***', 'tasks', 'run', 'job_ingestion_pipeline', 'validate_data', 'scheduled__2025-11-27T17:44:00+00:00', '--job-id', '5', '--raw', '--subdir', 'DAGS_FOLDER/dag_ingestion.py', '--cfg-path', '/tmp/tmphc0za0ex']
[2025-11-27T17:46:00.561+0000] {standard_task_runner.py:91} INFO - Job 5: Subtask validate_data
[2025-11-27T17:46:00.637+0000] {task_command.py:426} INFO - Running <TaskInstance: job_ingestion_pipeline.validate_data scheduled__2025-11-27T17:44:00+00:00 [running]> on host f9d8db926255
[2025-11-27T17:46:00.749+0000] {taskinstance.py:2648} INFO - Exporting env vars: AIRFLOW_CTX_DAG_OWNER='***' AIRFLOW_CTX_DAG_ID='job_ingestion_pipeline' AIRFLOW_CTX_TASK_ID='validate_data' AIRFLOW_CTX_EXECUTION_DATE='2025-11-27T17:44:00+00:00' AIRFLOW_CTX_TRY_NUMBER='1' AIRFLOW_CTX_DAG_RUN_ID='scheduled__2025-11-27T17:44:00+00:00'
[2025-11-27T17:46:00.751+0000] {taskinstance.py:430} INFO - ::endgroup::
[2025-11-27T17:46:00.771+0000] {taskinstance.py:441} INFO - ::group::Post task execution logs
[2025-11-27T17:46:00.772+0000] {taskinstance.py:2905} ERROR - Task failed with exception
Traceback (most recent call last):
  File "/home/airflow/.local/lib/python3.10/site-packages/airflow/models/taskinstance.py", line 465, in _execute_task
    result = _execute_callable(context=context, **execute_callable_kwargs)
  File "/home/airflow/.local/lib/python3.10/site-packages/airflow/models/taskinstance.py", line 432, in _execute_callable
    return execute_callable(context=context, **execute_callable_kwargs)
  File "/home/airflow/.local/lib/python3.10/site-packages/airflow/models/baseoperator.py", line 401, in wrapper
    return func(self, *args, **kwargs)
  File "/home/airflow/.local/lib/python3.10/site-packages/airflow/decorators/base.py", line 265, in execute
    return_value = super().execute(context)
  File "/home/airflow/.local/lib/python3.10/site-packages/airflow/models/baseoperator.py", line 401, in wrapper
    return func(self, *args, **kwargs)
  File "/home/airflow/.local/lib/python3.10/site-packages/airflow/operators/python.py", line 235, in execute
    return_value = self.execute_callable()
  File "/home/airflow/.local/lib/python3.10/site-packages/airflow/operators/python.py", line 252, in execute_callable
    return self.python_callable(*self.op_args, **self.op_kwargs)
  File "/opt/airflow/dags/dag_ingestion.py", line 90, in validate_data
    invalid_mask |= df["training_hours"] < 0
  File "/home/airflow/.local/lib/python3.10/site-packages/pandas/core/ops/common.py", line 76, in new_method
    return method(self, other)
  File "/home/airflow/.local/lib/python3.10/site-packages/pandas/core/arraylike.py", line 48, in __lt__
    return self._cmp_method(other, operator.lt)
  File "/home/airflow/.local/lib/python3.10/site-packages/pandas/core/series.py", line 5803, in _cmp_method
    res_values = ops.comparison_op(lvalues, rvalues, op)
  File "/home/airflow/.local/lib/python3.10/site-packages/pandas/core/ops/array_ops.py", line 346, in comparison_op
    res_values = comp_method_OBJECT_ARRAY(op, lvalues, rvalues)
  File "/home/airflow/.local/lib/python3.10/site-packages/pandas/core/ops/array_ops.py", line 131, in comp_method_OBJECT_ARRAY
    result = libops.scalar_compare(x.ravel(), y, op)
  File "ops.pyx", line 107, in pandas._libs.ops.scalar_compare
TypeError: '<' not supported between instances of 'str' and 'int'
[2025-11-27T17:46:00.787+0000] {taskinstance.py:1206} INFO - Marking task as FAILED. dag_id=job_ingestion_pipeline, task_id=validate_data, run_id=scheduled__2025-11-27T17:44:00+00:00, execution_date=20251127T174400, start_date=20251127T174600, end_date=20251127T174600
[2025-11-27T17:46:00.801+0000] {standard_task_runner.py:110} ERROR - Failed to execute job 5 for task validate_data ('<' not supported between instances of 'str' and 'int'; 318)
[2025-11-27T17:46:00.864+0000] {local_task_job_runner.py:243} INFO - Task exited with return code 1
[2025-11-27T17:46:00.894+0000] {taskinstance.py:3503} INFO - 0 downstream tasks scheduled from follow-on schedule check
[2025-11-27T17:46:00.901+0000] {local_task_job_runner.py:222} INFO - ::endgroup::
