[2025-11-17T15:37:26.206+0000] {local_task_job_runner.py:120} INFO - ::group::Pre task execution logs
[2025-11-17T15:37:26.315+0000] {taskinstance.py:2076} INFO - Dependencies all met for dep_context=non-requeueable deps ti=<TaskInstance: job_ingestion_pipeline.validate_data scheduled__2025-11-17T15:20:00+00:00 map_index=9 [queued]>
[2025-11-17T15:37:26.339+0000] {taskinstance.py:2076} INFO - Dependencies all met for dep_context=requeueable deps ti=<TaskInstance: job_ingestion_pipeline.validate_data scheduled__2025-11-17T15:20:00+00:00 map_index=9 [queued]>
[2025-11-17T15:37:26.341+0000] {taskinstance.py:2306} INFO - Starting attempt 2 of 2
[2025-11-17T15:37:26.617+0000] {taskinstance.py:2330} INFO - Executing <Mapped(_PythonDecoratedOperator): validate_data> on 2025-11-17 15:20:00+00:00
[2025-11-17T15:37:26.665+0000] {logging_mixin.py:188} WARNING - /home/***/.local/lib/python3.12/site-packages/***/task/task_runner/standard_task_runner.py:62 DeprecationWarning: This process (pid=1065) is multi-threaded, use of fork() may lead to deadlocks in the child.
[2025-11-17T15:37:26.668+0000] {standard_task_runner.py:64} INFO - Started process 1259 to run task
[2025-11-17T15:37:26.667+0000] {standard_task_runner.py:90} INFO - Running: ['***', 'tasks', 'run', 'job_ingestion_pipeline', 'validate_data', 'scheduled__2025-11-17T15:20:00+00:00', '--job-id', '65', '--raw', '--subdir', 'DAGS_FOLDER/dag_ingestion.py', '--cfg-path', '/tmp/tmpq7k86qdg', '--map-index', '9']
[2025-11-17T15:37:26.673+0000] {standard_task_runner.py:91} INFO - Job 65: Subtask validate_data
[2025-11-17T15:37:26.859+0000] {task_command.py:426} INFO - Running <TaskInstance: job_ingestion_pipeline.validate_data scheduled__2025-11-17T15:20:00+00:00 map_index=9 [running]> on host 2921dde74235
[2025-11-17T15:37:27.111+0000] {taskinstance.py:2648} INFO - Exporting env vars: AIRFLOW_CTX_DAG_OWNER='***' AIRFLOW_CTX_DAG_ID='job_ingestion_pipeline' AIRFLOW_CTX_TASK_ID='validate_data' AIRFLOW_CTX_EXECUTION_DATE='2025-11-17T15:20:00+00:00' AIRFLOW_CTX_TRY_NUMBER='2' AIRFLOW_CTX_DAG_RUN_ID='scheduled__2025-11-17T15:20:00+00:00'
[2025-11-17T15:37:27.114+0000] {taskinstance.py:430} INFO - ::endgroup::
[2025-11-17T15:37:27.117+0000] {logging_mixin.py:188} INFO - üîç Validating file: /opt/***/data/raw_data/job_part_009.csv
[2025-11-17T15:37:27.222+0000] {taskinstance.py:441} INFO - ::group::Post task execution logs
[2025-11-17T15:37:27.223+0000] {taskinstance.py:2905} ERROR - Task failed with exception
Traceback (most recent call last):
  File "/home/airflow/.local/lib/python3.12/site-packages/airflow/models/taskinstance.py", line 465, in _execute_task
    result = _execute_callable(context=context, **execute_callable_kwargs)
             ^^^^^^^^^^^^^^^^^^^^^^^^^^^^^^^^^^^^^^^^^^^^^^^^^^^^^^^^^^^^^
  File "/home/airflow/.local/lib/python3.12/site-packages/airflow/models/taskinstance.py", line 432, in _execute_callable
    return execute_callable(context=context, **execute_callable_kwargs)
           ^^^^^^^^^^^^^^^^^^^^^^^^^^^^^^^^^^^^^^^^^^^^^^^^^^^^^^^^^^^^
  File "/home/airflow/.local/lib/python3.12/site-packages/airflow/models/baseoperator.py", line 401, in wrapper
    return func(self, *args, **kwargs)
           ^^^^^^^^^^^^^^^^^^^^^^^^^^^
  File "/home/airflow/.local/lib/python3.12/site-packages/airflow/decorators/base.py", line 265, in execute
    return_value = super().execute(context)
                   ^^^^^^^^^^^^^^^^^^^^^^^^
  File "/home/airflow/.local/lib/python3.12/site-packages/airflow/models/baseoperator.py", line 401, in wrapper
    return func(self, *args, **kwargs)
           ^^^^^^^^^^^^^^^^^^^^^^^^^^^
  File "/home/airflow/.local/lib/python3.12/site-packages/airflow/operators/python.py", line 235, in execute
    return_value = self.execute_callable()
                   ^^^^^^^^^^^^^^^^^^^^^^^
  File "/home/airflow/.local/lib/python3.12/site-packages/airflow/operators/python.py", line 252, in execute_callable
    return self.python_callable(*self.op_args, **self.op_kwargs)
           ^^^^^^^^^^^^^^^^^^^^^^^^^^^^^^^^^^^^^^^^^^^^^^^^^^^^^
  File "/opt/airflow/dags/dag_ingestion.py", line 72, in validate_data
    ge_df = ge.dataset.PandasDataset(df)
            ^^^^^^^^^^
AttributeError: module 'great_expectations' has no attribute 'dataset'
[2025-11-17T15:37:27.251+0000] {taskinstance.py:1206} INFO - Marking task as FAILED. dag_id=job_ingestion_pipeline, task_id=validate_data, run_id=scheduled__2025-11-17T15:20:00+00:00, map_index=9, execution_date=20251117T152000, start_date=20251117T153726, end_date=20251117T153727
[2025-11-17T15:37:27.274+0000] {standard_task_runner.py:110} ERROR - Failed to execute job 65 for task validate_data (module 'great_expectations' has no attribute 'dataset'; 1259)
[2025-11-17T15:37:27.338+0000] {local_task_job_runner.py:243} INFO - Task exited with return code 1
[2025-11-17T15:37:27.379+0000] {taskinstance.py:3503} INFO - 0 downstream tasks scheduled from follow-on schedule check
[2025-11-17T15:37:27.387+0000] {local_task_job_runner.py:222} INFO - ::endgroup::
