[2025-11-28T00:00:48.590+0000] {local_task_job_runner.py:120} INFO - ::group::Pre task execution logs
[2025-11-28T00:00:48.621+0000] {taskinstance.py:2076} INFO - Dependencies all met for dep_context=non-requeueable deps ti=<TaskInstance: job_ingestion_pipeline.validate_data manual__2025-11-28T00:00:30.802039+00:00 [queued]>
[2025-11-28T00:00:48.629+0000] {taskinstance.py:2076} INFO - Dependencies all met for dep_context=requeueable deps ti=<TaskInstance: job_ingestion_pipeline.validate_data manual__2025-11-28T00:00:30.802039+00:00 [queued]>
[2025-11-28T00:00:48.630+0000] {taskinstance.py:2306} INFO - Starting attempt 1 of 1
[2025-11-28T00:00:48.643+0000] {taskinstance.py:2330} INFO - Executing <Task(_PythonDecoratedOperator): validate_data> on 2025-11-28 00:00:30.802039+00:00
[2025-11-28T00:00:48.656+0000] {standard_task_runner.py:64} INFO - Started process 334 to run task
[2025-11-28T00:00:48.661+0000] {standard_task_runner.py:90} INFO - Running: ['***', 'tasks', 'run', 'job_ingestion_pipeline', 'validate_data', 'manual__2025-11-28T00:00:30.802039+00:00', '--job-id', '117', '--raw', '--subdir', 'DAGS_FOLDER/dag_ingestion.py', '--cfg-path', '/tmp/tmpr5lp9bku']
[2025-11-28T00:00:48.663+0000] {standard_task_runner.py:91} INFO - Job 117: Subtask validate_data
[2025-11-28T00:00:48.740+0000] {task_command.py:426} INFO - Running <TaskInstance: job_ingestion_pipeline.validate_data manual__2025-11-28T00:00:30.802039+00:00 [running]> on host 9e1c9e9647a7
[2025-11-28T00:00:48.862+0000] {taskinstance.py:2648} INFO - Exporting env vars: AIRFLOW_CTX_DAG_OWNER='***' AIRFLOW_CTX_DAG_ID='job_ingestion_pipeline' AIRFLOW_CTX_TASK_ID='validate_data' AIRFLOW_CTX_EXECUTION_DATE='2025-11-28T00:00:30.802039+00:00' AIRFLOW_CTX_TRY_NUMBER='1' AIRFLOW_CTX_DAG_RUN_ID='manual__2025-11-28T00:00:30.802039+00:00'
[2025-11-28T00:00:48.863+0000] {taskinstance.py:430} INFO - ::endgroup::
[2025-11-28T00:00:48.935+0000] {file_data_context.py:224} INFO - FileDataContext loading fluent config
[2025-11-28T00:00:48.948+0000] {config.py:185} INFO - Loading 'datasources' ->
[]
[2025-11-28T00:00:49.202+0000] {taskinstance.py:441} INFO - ::group::Post task execution logs
[2025-11-28T00:00:49.202+0000] {taskinstance.py:2905} ERROR - Task failed with exception
Traceback (most recent call last):
  File "/home/airflow/.local/lib/python3.10/site-packages/airflow/models/taskinstance.py", line 465, in _execute_task
    result = _execute_callable(context=context, **execute_callable_kwargs)
  File "/home/airflow/.local/lib/python3.10/site-packages/airflow/models/taskinstance.py", line 432, in _execute_callable
    return execute_callable(context=context, **execute_callable_kwargs)
  File "/home/airflow/.local/lib/python3.10/site-packages/airflow/models/baseoperator.py", line 401, in wrapper
    return func(self, *args, **kwargs)
  File "/home/airflow/.local/lib/python3.10/site-packages/airflow/decorators/base.py", line 265, in execute
    return_value = super().execute(context)
  File "/home/airflow/.local/lib/python3.10/site-packages/airflow/models/baseoperator.py", line 401, in wrapper
    return func(self, *args, **kwargs)
  File "/home/airflow/.local/lib/python3.10/site-packages/airflow/operators/python.py", line 235, in execute
    return_value = self.execute_callable()
  File "/home/airflow/.local/lib/python3.10/site-packages/airflow/operators/python.py", line 252, in execute_callable
    return self.python_callable(*self.op_args, **self.op_kwargs)
  File "/opt/airflow/dags/dag_ingestion.py", line 131, in validate_data
    ge_results = ge_df.validate(expectation_suite_name=SUITE_NAME)
TypeError: DataAsset.validate() got an unexpected keyword argument 'expectation_suite_name'
[2025-11-28T00:00:49.219+0000] {taskinstance.py:1206} INFO - Marking task as FAILED. dag_id=job_ingestion_pipeline, task_id=validate_data, run_id=manual__2025-11-28T00:00:30.802039+00:00, execution_date=20251128T000030, start_date=20251128T000048, end_date=20251128T000049
[2025-11-28T00:00:49.233+0000] {standard_task_runner.py:110} ERROR - Failed to execute job 117 for task validate_data (DataAsset.validate() got an unexpected keyword argument 'expectation_suite_name'; 334)
[2025-11-28T00:00:49.263+0000] {local_task_job_runner.py:243} INFO - Task exited with return code 1
[2025-11-28T00:00:49.291+0000] {taskinstance.py:3503} INFO - 0 downstream tasks scheduled from follow-on schedule check
[2025-11-28T00:00:49.298+0000] {local_task_job_runner.py:222} INFO - ::endgroup::
