[2025-11-18T20:38:42.542+0000] {local_task_job_runner.py:120} INFO - ::group::Pre task execution logs
[2025-11-18T20:38:42.624+0000] {taskinstance.py:2076} INFO - Dependencies all met for dep_context=non-requeueable deps ti=<TaskInstance: job_ingestion_pipeline.validate_file scheduled__2025-11-18T20:36:00+00:00 [queued]>
[2025-11-18T20:38:42.643+0000] {taskinstance.py:2076} INFO - Dependencies all met for dep_context=requeueable deps ti=<TaskInstance: job_ingestion_pipeline.validate_file scheduled__2025-11-18T20:36:00+00:00 [queued]>
[2025-11-18T20:38:42.645+0000] {taskinstance.py:2306} INFO - Starting attempt 1 of 1
[2025-11-18T20:38:42.685+0000] {taskinstance.py:2330} INFO - Executing <Task(_PythonDecoratedOperator): validate_file> on 2025-11-18 20:36:00+00:00
[2025-11-18T20:38:42.737+0000] {standard_task_runner.py:64} INFO - Started process 353 to run task
[2025-11-18T20:38:42.756+0000] {standard_task_runner.py:90} INFO - Running: ['***', 'tasks', 'run', 'job_ingestion_pipeline', 'validate_file', 'scheduled__2025-11-18T20:36:00+00:00', '--job-id', '5', '--raw', '--subdir', 'DAGS_FOLDER/dag_ingestion.py', '--cfg-path', '/tmp/tmpj6a7k_sk']
[2025-11-18T20:38:42.772+0000] {standard_task_runner.py:91} INFO - Job 5: Subtask validate_file
[2025-11-18T20:38:43.035+0000] {task_command.py:426} INFO - Running <TaskInstance: job_ingestion_pipeline.validate_file scheduled__2025-11-18T20:36:00+00:00 [running]> on host 73762f180510
[2025-11-18T20:38:43.459+0000] {taskinstance.py:2648} INFO - Exporting env vars: AIRFLOW_CTX_DAG_OWNER='***' AIRFLOW_CTX_DAG_ID='job_ingestion_pipeline' AIRFLOW_CTX_TASK_ID='validate_file' AIRFLOW_CTX_EXECUTION_DATE='2025-11-18T20:36:00+00:00' AIRFLOW_CTX_TRY_NUMBER='1' AIRFLOW_CTX_DAG_RUN_ID='scheduled__2025-11-18T20:36:00+00:00'
[2025-11-18T20:38:43.462+0000] {taskinstance.py:430} INFO - ::endgroup::
[2025-11-18T20:38:43.538+0000] {file_data_context.py:209} INFO - FileDataContext loading fluent config
[2025-11-18T20:38:43.544+0000] {config.py:191} INFO - Loading 'datasources' ->
[]
[2025-11-18T20:38:43.624+0000] {taskinstance.py:441} INFO - ::group::Post task execution logs
[2025-11-18T20:38:43.626+0000] {taskinstance.py:2905} ERROR - Task failed with exception
Traceback (most recent call last):
  File "/home/airflow/.local/lib/python3.10/site-packages/airflow/models/taskinstance.py", line 465, in _execute_task
    result = _execute_callable(context=context, **execute_callable_kwargs)
  File "/home/airflow/.local/lib/python3.10/site-packages/airflow/models/taskinstance.py", line 432, in _execute_callable
    return execute_callable(context=context, **execute_callable_kwargs)
  File "/home/airflow/.local/lib/python3.10/site-packages/airflow/models/baseoperator.py", line 401, in wrapper
    return func(self, *args, **kwargs)
  File "/home/airflow/.local/lib/python3.10/site-packages/airflow/decorators/base.py", line 265, in execute
    return_value = super().execute(context)
  File "/home/airflow/.local/lib/python3.10/site-packages/airflow/models/baseoperator.py", line 401, in wrapper
    return func(self, *args, **kwargs)
  File "/home/airflow/.local/lib/python3.10/site-packages/airflow/operators/python.py", line 235, in execute
    return_value = self.execute_callable()
  File "/home/airflow/.local/lib/python3.10/site-packages/airflow/operators/python.py", line 252, in execute_callable
    return self.python_callable(*self.op_args, **self.op_kwargs)
  File "/opt/airflow/dags/dag_ingestion.py", line 56, in validate_file
    validator = context.get_validator(
  File "/home/airflow/.local/lib/python3.10/site-packages/great_expectations/data_context/data_context/abstract_data_context.py", line 1092, in get_validator
    expectation_suite = self._get_expectation_suite_from_inputs(
  File "/home/airflow/.local/lib/python3.10/site-packages/great_expectations/data_context/data_context/abstract_data_context.py", line 1253, in _get_expectation_suite_from_inputs
    expectation_suite = self.suites.get(
  File "/home/airflow/.local/lib/python3.10/site-packages/great_expectations/core/factory/suite_factory.py", line 100, in get
    raise DataContextError(f"ExpectationSuite with name {name} was not found.")  # noqa: TRY003
great_expectations.exceptions.exceptions.DataContextError: ExpectationSuite with name default_expectation_suite_name was not found.
[2025-11-18T20:38:43.666+0000] {taskinstance.py:1206} INFO - Marking task as FAILED. dag_id=job_ingestion_pipeline, task_id=validate_file, run_id=scheduled__2025-11-18T20:36:00+00:00, execution_date=20251118T203600, start_date=20251118T203842, end_date=20251118T203843
[2025-11-18T20:38:43.690+0000] {standard_task_runner.py:110} ERROR - Failed to execute job 5 for task validate_file (ExpectationSuite with name default_expectation_suite_name was not found.; 353)
[2025-11-18T20:38:43.741+0000] {local_task_job_runner.py:243} INFO - Task exited with return code 1
[2025-11-18T20:38:43.798+0000] {taskinstance.py:3503} INFO - 0 downstream tasks scheduled from follow-on schedule check
[2025-11-18T20:38:43.809+0000] {local_task_job_runner.py:222} INFO - ::endgroup::
