[2025-11-18T19:58:44.236+0000] {local_task_job_runner.py:120} INFO - ::group::Pre task execution logs
[2025-11-18T19:58:44.269+0000] {taskinstance.py:2076} INFO - Dependencies all met for dep_context=non-requeueable deps ti=<TaskInstance: job_ingestion_pipeline.validate_file scheduled__2025-11-18T19:57:00+00:00 [queued]>
[2025-11-18T19:58:44.278+0000] {taskinstance.py:2076} INFO - Dependencies all met for dep_context=requeueable deps ti=<TaskInstance: job_ingestion_pipeline.validate_file scheduled__2025-11-18T19:57:00+00:00 [queued]>
[2025-11-18T19:58:44.279+0000] {taskinstance.py:2306} INFO - Starting attempt 1 of 1
[2025-11-18T19:58:44.293+0000] {taskinstance.py:2330} INFO - Executing <Task(_PythonDecoratedOperator): validate_file> on 2025-11-18 19:57:00+00:00
[2025-11-18T19:58:44.307+0000] {standard_task_runner.py:64} INFO - Started process 331 to run task
[2025-11-18T19:58:44.311+0000] {standard_task_runner.py:90} INFO - Running: ['***', 'tasks', 'run', 'job_ingestion_pipeline', 'validate_file', 'scheduled__2025-11-18T19:57:00+00:00', '--job-id', '4', '--raw', '--subdir', 'DAGS_FOLDER/dag_ingestion.py', '--cfg-path', '/tmp/tmp_tswr3ye']
[2025-11-18T19:58:44.315+0000] {standard_task_runner.py:91} INFO - Job 4: Subtask validate_file
[2025-11-18T19:58:44.391+0000] {task_command.py:426} INFO - Running <TaskInstance: job_ingestion_pipeline.validate_file scheduled__2025-11-18T19:57:00+00:00 [running]> on host 06e39761809c
[2025-11-18T19:58:44.505+0000] {taskinstance.py:2648} INFO - Exporting env vars: AIRFLOW_CTX_DAG_OWNER='***' AIRFLOW_CTX_DAG_ID='job_ingestion_pipeline' AIRFLOW_CTX_TASK_ID='validate_file' AIRFLOW_CTX_EXECUTION_DATE='2025-11-18T19:57:00+00:00' AIRFLOW_CTX_TRY_NUMBER='1' AIRFLOW_CTX_DAG_RUN_ID='scheduled__2025-11-18T19:57:00+00:00'
[2025-11-18T19:58:44.507+0000] {taskinstance.py:430} INFO - ::endgroup::
[2025-11-18T19:58:44.549+0000] {base.py:1148} ERROR - Error while processing DataContextConfig: datasources anonymous_usage_statistics
[2025-11-18T19:58:44.550+0000] {base.py:133} ERROR - Encountered errors during loading config.  See ValidationError for more details.
[2025-11-18T19:58:44.550+0000] {taskinstance.py:441} INFO - ::group::Post task execution logs
[2025-11-18T19:58:44.550+0000] {taskinstance.py:2905} ERROR - Task failed with exception
Traceback (most recent call last):
  File "/home/airflow/.local/lib/python3.10/site-packages/airflow/models/taskinstance.py", line 465, in _execute_task
    result = _execute_callable(context=context, **execute_callable_kwargs)
  File "/home/airflow/.local/lib/python3.10/site-packages/airflow/models/taskinstance.py", line 432, in _execute_callable
    return execute_callable(context=context, **execute_callable_kwargs)
  File "/home/airflow/.local/lib/python3.10/site-packages/airflow/models/baseoperator.py", line 401, in wrapper
    return func(self, *args, **kwargs)
  File "/home/airflow/.local/lib/python3.10/site-packages/airflow/decorators/base.py", line 265, in execute
    return_value = super().execute(context)
  File "/home/airflow/.local/lib/python3.10/site-packages/airflow/models/baseoperator.py", line 401, in wrapper
    return func(self, *args, **kwargs)
  File "/home/airflow/.local/lib/python3.10/site-packages/airflow/operators/python.py", line 235, in execute
    return_value = self.execute_callable()
  File "/home/airflow/.local/lib/python3.10/site-packages/airflow/operators/python.py", line 252, in execute_callable
    return self.python_callable(*self.op_args, **self.op_kwargs)
  File "/opt/airflow/dags/dag_ingestion.py", line 36, in validate_file
    context = FileDataContext(context_root_dir=GE_ROOT)
  File "/home/airflow/.local/lib/python3.10/site-packages/great_expectations/data_context/data_context/file_data_context.py", line 62, in __init__
    self._project_config = self._init_project_config(project_config)
  File "/home/airflow/.local/lib/python3.10/site-packages/great_expectations/data_context/data_context/file_data_context.py", line 105, in _init_project_config
    project_config = FileDataContext._load_file_backed_project_config(
  File "/home/airflow/.local/lib/python3.10/site-packages/great_expectations/data_context/data_context/file_data_context.py", line 200, in _load_file_backed_project_config
    return DataContextConfig.from_commented_map(
  File "/home/airflow/.local/lib/python3.10/site-packages/great_expectations/data_context/types/base.py", line 127, in from_commented_map
    config: Union[dict, BYC] = schema_instance.load(commented_map)
  File "/home/airflow/.local/lib/python3.10/site-packages/marshmallow/schema.py", line 722, in load
    return self._do_load(
  File "/home/airflow/.local/lib/python3.10/site-packages/marshmallow/schema.py", line 908, in _do_load
    self.handle_error(exc, data, many=many, partial=partial)
  File "/home/airflow/.local/lib/python3.10/site-packages/great_expectations/data_context/types/base.py", line 1149, in handle_error
    raise gx_exceptions.InvalidDataContextConfigError(
great_expectations.exceptions.exceptions.InvalidDataContextConfigError: Error while processing DataContextConfig: datasources anonymous_usage_statistics
[2025-11-18T19:58:44.569+0000] {taskinstance.py:1206} INFO - Marking task as FAILED. dag_id=job_ingestion_pipeline, task_id=validate_file, run_id=scheduled__2025-11-18T19:57:00+00:00, execution_date=20251118T195700, start_date=20251118T195844, end_date=20251118T195844
[2025-11-18T19:58:44.584+0000] {standard_task_runner.py:110} ERROR - Failed to execute job 4 for task validate_file (Error while processing DataContextConfig: datasources anonymous_usage_statistics; 331)
[2025-11-18T19:58:44.605+0000] {local_task_job_runner.py:243} INFO - Task exited with return code 1
[2025-11-18T19:58:44.633+0000] {taskinstance.py:3503} INFO - 0 downstream tasks scheduled from follow-on schedule check
[2025-11-18T19:58:44.640+0000] {local_task_job_runner.py:222} INFO - ::endgroup::
