[2025-11-14T15:04:44.878+0000] {local_task_job_runner.py:120} INFO - ::group::Pre task execution logs
[2025-11-14T15:04:44.910+0000] {taskinstance.py:2076} INFO - Dependencies all met for dep_context=non-requeueable deps ti=<TaskInstance: job_ingestion_pipeline.validate_data scheduled__2025-11-14T15:03:00+00:00 [queued]>
[2025-11-14T15:04:44.917+0000] {taskinstance.py:2076} INFO - Dependencies all met for dep_context=requeueable deps ti=<TaskInstance: job_ingestion_pipeline.validate_data scheduled__2025-11-14T15:03:00+00:00 [queued]>
[2025-11-14T15:04:44.917+0000] {taskinstance.py:2306} INFO - Starting attempt 1 of 1
[2025-11-14T15:04:44.931+0000] {taskinstance.py:2330} INFO - Executing <Task(_PythonDecoratedOperator): validate_data> on 2025-11-14 15:03:00+00:00
[2025-11-14T15:04:44.947+0000] {standard_task_runner.py:90} INFO - Running: ['***', 'tasks', 'run', 'job_ingestion_pipeline', 'validate_data', 'scheduled__2025-11-14T15:03:00+00:00', '--job-id', '4', '--raw', '--subdir', 'DAGS_FOLDER/dag_ingestion.py', '--cfg-path', '/tmp/tmp0w9ligng']
[2025-11-14T15:04:44.950+0000] {standard_task_runner.py:91} INFO - Job 4: Subtask validate_data
[2025-11-14T15:04:44.950+0000] {logging_mixin.py:188} WARNING - /home/***/.local/lib/python3.12/site-packages/***/task/task_runner/standard_task_runner.py:62 DeprecationWarning: This process (pid=283) is multi-threaded, use of fork() may lead to deadlocks in the child.
[2025-11-14T15:04:44.952+0000] {standard_task_runner.py:64} INFO - Started process 314 to run task
[2025-11-14T15:04:45.029+0000] {task_command.py:426} INFO - Running <TaskInstance: job_ingestion_pipeline.validate_data scheduled__2025-11-14T15:03:00+00:00 [running]> on host b269b0935019
[2025-11-14T15:04:45.132+0000] {taskinstance.py:2648} INFO - Exporting env vars: AIRFLOW_CTX_DAG_OWNER='***' AIRFLOW_CTX_DAG_ID='job_ingestion_pipeline' AIRFLOW_CTX_TASK_ID='validate_data' AIRFLOW_CTX_EXECUTION_DATE='2025-11-14T15:03:00+00:00' AIRFLOW_CTX_TRY_NUMBER='1' AIRFLOW_CTX_DAG_RUN_ID='scheduled__2025-11-14T15:03:00+00:00'
[2025-11-14T15:04:45.134+0000] {taskinstance.py:430} INFO - ::endgroup::
[2025-11-14T15:04:45.187+0000] {taskinstance.py:441} INFO - ::group::Post task execution logs
[2025-11-14T15:04:45.188+0000] {taskinstance.py:2905} ERROR - Task failed with exception
Traceback (most recent call last):
  File "/home/airflow/.local/lib/python3.12/site-packages/airflow/models/taskinstance.py", line 465, in _execute_task
    result = _execute_callable(context=context, **execute_callable_kwargs)
             ^^^^^^^^^^^^^^^^^^^^^^^^^^^^^^^^^^^^^^^^^^^^^^^^^^^^^^^^^^^^^
  File "/home/airflow/.local/lib/python3.12/site-packages/airflow/models/taskinstance.py", line 432, in _execute_callable
    return execute_callable(context=context, **execute_callable_kwargs)
           ^^^^^^^^^^^^^^^^^^^^^^^^^^^^^^^^^^^^^^^^^^^^^^^^^^^^^^^^^^^^
  File "/home/airflow/.local/lib/python3.12/site-packages/airflow/models/baseoperator.py", line 401, in wrapper
    return func(self, *args, **kwargs)
           ^^^^^^^^^^^^^^^^^^^^^^^^^^^
  File "/home/airflow/.local/lib/python3.12/site-packages/airflow/decorators/base.py", line 265, in execute
    return_value = super().execute(context)
                   ^^^^^^^^^^^^^^^^^^^^^^^^
  File "/home/airflow/.local/lib/python3.12/site-packages/airflow/models/baseoperator.py", line 401, in wrapper
    return func(self, *args, **kwargs)
           ^^^^^^^^^^^^^^^^^^^^^^^^^^^
  File "/home/airflow/.local/lib/python3.12/site-packages/airflow/operators/python.py", line 235, in execute
    return_value = self.execute_callable()
                   ^^^^^^^^^^^^^^^^^^^^^^^
  File "/home/airflow/.local/lib/python3.12/site-packages/airflow/operators/python.py", line 252, in execute_callable
    return self.python_callable(*self.op_args, **self.op_kwargs)
           ^^^^^^^^^^^^^^^^^^^^^^^^^^^^^^^^^^^^^^^^^^^^^^^^^^^^^
  File "/opt/airflow/dags/dag_ingestion.py", line 52, in validate_data
    gdf = _build_expectations(df)
          ^^^^^^^^^^^^^^^^^^^^^^^
  File "/opt/airflow/dags/dag_ingestion.py", line 15, in _build_expectations
    gdf = ge.from_pandas(df)
          ^^^^^^^^^^^^^^
AttributeError: module 'great_expectations' has no attribute 'from_pandas'
[2025-11-14T15:04:45.205+0000] {taskinstance.py:1206} INFO - Marking task as FAILED. dag_id=job_ingestion_pipeline, task_id=validate_data, run_id=scheduled__2025-11-14T15:03:00+00:00, execution_date=20251114T150300, start_date=20251114T150444, end_date=20251114T150445
[2025-11-14T15:04:45.218+0000] {standard_task_runner.py:110} ERROR - Failed to execute job 4 for task validate_data (module 'great_expectations' has no attribute 'from_pandas'; 314)
[2025-11-14T15:04:45.246+0000] {local_task_job_runner.py:243} INFO - Task exited with return code 1
[2025-11-14T15:04:45.270+0000] {taskinstance.py:3503} INFO - 0 downstream tasks scheduled from follow-on schedule check
[2025-11-14T15:04:45.276+0000] {local_task_job_runner.py:222} INFO - ::endgroup::
