[2025-11-17T13:59:02.695+0000] {local_task_job_runner.py:120} INFO - ::group::Pre task execution logs
[2025-11-17T13:59:02.769+0000] {taskinstance.py:2076} INFO - Dependencies all met for dep_context=non-requeueable deps ti=<TaskInstance: job_ingestion_pipeline.save_statistics manual__2025-11-17T13:58:52.773368+00:00 [queued]>
[2025-11-17T13:59:02.786+0000] {taskinstance.py:2076} INFO - Dependencies all met for dep_context=requeueable deps ti=<TaskInstance: job_ingestion_pipeline.save_statistics manual__2025-11-17T13:58:52.773368+00:00 [queued]>
[2025-11-17T13:59:02.806+0000] {taskinstance.py:2306} INFO - Starting attempt 1 of 1
[2025-11-17T13:59:02.834+0000] {taskinstance.py:2330} INFO - Executing <Task(_PythonDecoratedOperator): save_statistics> on 2025-11-17 13:58:52.773368+00:00
[2025-11-17T13:59:02.861+0000] {standard_task_runner.py:90} INFO - Running: ['***', 'tasks', 'run', 'job_ingestion_pipeline', 'save_statistics', 'manual__2025-11-17T13:58:52.773368+00:00', '--job-id', '7', '--raw', '--subdir', 'DAGS_FOLDER/dag_ingestion.py', '--cfg-path', '/tmp/tmpgsddqwmq']
[2025-11-17T13:59:02.870+0000] {standard_task_runner.py:91} INFO - Job 7: Subtask save_statistics
[2025-11-17T13:59:02.872+0000] {logging_mixin.py:188} WARNING - /home/***/.local/lib/python3.12/site-packages/***/task/task_runner/standard_task_runner.py:62 DeprecationWarning: This process (pid=263) is multi-threaded, use of fork() may lead to deadlocks in the child.
[2025-11-17T13:59:02.874+0000] {standard_task_runner.py:64} INFO - Started process 265 to run task
[2025-11-17T13:59:03.033+0000] {task_command.py:426} INFO - Running <TaskInstance: job_ingestion_pipeline.save_statistics manual__2025-11-17T13:58:52.773368+00:00 [running]> on host 8083c64722dc
[2025-11-17T13:59:03.555+0000] {taskinstance.py:2648} INFO - Exporting env vars: AIRFLOW_CTX_DAG_OWNER='***' AIRFLOW_CTX_DAG_ID='job_ingestion_pipeline' AIRFLOW_CTX_TASK_ID='save_statistics' AIRFLOW_CTX_EXECUTION_DATE='2025-11-17T13:58:52.773368+00:00' AIRFLOW_CTX_TRY_NUMBER='1' AIRFLOW_CTX_DAG_RUN_ID='manual__2025-11-17T13:58:52.773368+00:00'
[2025-11-17T13:59:03.557+0000] {taskinstance.py:430} INFO - ::endgroup::
[2025-11-17T13:59:03.594+0000] {taskinstance.py:441} INFO - ::group::Post task execution logs
[2025-11-17T13:59:03.595+0000] {taskinstance.py:2905} ERROR - Task failed with exception
Traceback (most recent call last):
  File "/home/airflow/.local/lib/python3.12/site-packages/sqlalchemy/engine/base.py", line 1910, in _execute_context
    self.dialect.do_execute(
  File "/home/airflow/.local/lib/python3.12/site-packages/sqlalchemy/engine/default.py", line 736, in do_execute
    cursor.execute(statement, parameters)
psycopg2.errors.UndefinedColumn: column "n_rows" of relation "data_quality_stats" does not exist
LINE 3:                         (filename, n_rows, n_valid_rows, n_i...
                                           ^


The above exception was the direct cause of the following exception:

Traceback (most recent call last):
  File "/home/airflow/.local/lib/python3.12/site-packages/airflow/models/taskinstance.py", line 465, in _execute_task
    result = _execute_callable(context=context, **execute_callable_kwargs)
             ^^^^^^^^^^^^^^^^^^^^^^^^^^^^^^^^^^^^^^^^^^^^^^^^^^^^^^^^^^^^^
  File "/home/airflow/.local/lib/python3.12/site-packages/airflow/models/taskinstance.py", line 432, in _execute_callable
    return execute_callable(context=context, **execute_callable_kwargs)
           ^^^^^^^^^^^^^^^^^^^^^^^^^^^^^^^^^^^^^^^^^^^^^^^^^^^^^^^^^^^^
  File "/home/airflow/.local/lib/python3.12/site-packages/airflow/models/baseoperator.py", line 401, in wrapper
    return func(self, *args, **kwargs)
           ^^^^^^^^^^^^^^^^^^^^^^^^^^^
  File "/home/airflow/.local/lib/python3.12/site-packages/airflow/decorators/base.py", line 265, in execute
    return_value = super().execute(context)
                   ^^^^^^^^^^^^^^^^^^^^^^^^
  File "/home/airflow/.local/lib/python3.12/site-packages/airflow/models/baseoperator.py", line 401, in wrapper
    return func(self, *args, **kwargs)
           ^^^^^^^^^^^^^^^^^^^^^^^^^^^
  File "/home/airflow/.local/lib/python3.12/site-packages/airflow/operators/python.py", line 235, in execute
    return_value = self.execute_callable()
                   ^^^^^^^^^^^^^^^^^^^^^^^
  File "/home/airflow/.local/lib/python3.12/site-packages/airflow/operators/python.py", line 252, in execute_callable
    return self.python_callable(*self.op_args, **self.op_kwargs)
           ^^^^^^^^^^^^^^^^^^^^^^^^^^^^^^^^^^^^^^^^^^^^^^^^^^^^^
  File "/opt/airflow/dags/dag_ingestion.py", line 126, in save_statistics
    conn.execute(
  File "/home/airflow/.local/lib/python3.12/site-packages/sqlalchemy/future/engine.py", line 286, in execute
    return self._execute_20(
           ^^^^^^^^^^^^^^^^^
  File "/home/airflow/.local/lib/python3.12/site-packages/sqlalchemy/engine/base.py", line 1710, in _execute_20
    return meth(self, args_10style, kwargs_10style, execution_options)
           ^^^^^^^^^^^^^^^^^^^^^^^^^^^^^^^^^^^^^^^^^^^^^^^^^^^^^^^^^^^
  File "/home/airflow/.local/lib/python3.12/site-packages/sqlalchemy/sql/elements.py", line 334, in _execute_on_connection
    return connection._execute_clauseelement(
           ^^^^^^^^^^^^^^^^^^^^^^^^^^^^^^^^^^
  File "/home/airflow/.local/lib/python3.12/site-packages/sqlalchemy/engine/base.py", line 1577, in _execute_clauseelement
    ret = self._execute_context(
          ^^^^^^^^^^^^^^^^^^^^^^
  File "/home/airflow/.local/lib/python3.12/site-packages/sqlalchemy/engine/base.py", line 1953, in _execute_context
    self._handle_dbapi_exception(
  File "/home/airflow/.local/lib/python3.12/site-packages/sqlalchemy/engine/base.py", line 2134, in _handle_dbapi_exception
    util.raise_(
  File "/home/airflow/.local/lib/python3.12/site-packages/sqlalchemy/util/compat.py", line 211, in raise_
    raise exception
  File "/home/airflow/.local/lib/python3.12/site-packages/sqlalchemy/engine/base.py", line 1910, in _execute_context
    self.dialect.do_execute(
  File "/home/airflow/.local/lib/python3.12/site-packages/sqlalchemy/engine/default.py", line 736, in do_execute
    cursor.execute(statement, parameters)
sqlalchemy.exc.ProgrammingError: (psycopg2.errors.UndefinedColumn) column "n_rows" of relation "data_quality_stats" does not exist
LINE 3:                         (filename, n_rows, n_valid_rows, n_i...
                                           ^

[SQL: 
                    INSERT INTO data_quality_stats
                        (filename, n_rows, n_valid_rows, n_invalid_rows, error_summary, criticality)
                    VALUES (%(f)s, %(n)s, %(v)s, %(i)s, %(e)s, %(c)s)
                    ON CONFLICT (filename) DO UPDATE SET
                        n_rows        = EXCLUDED.n_rows,
                        n_valid_rows  = EXCLUDED.n_valid_rows,
                        n_invalid_rows= EXCLUDED.n_invalid_rows,
                        error_summary = EXCLUDED.error_summary,
                        criticality   = EXCLUDED.criticality
                    ]
[parameters: {'f': 'job_part_002.csv', 'n': 14177, 'v': 10537, 'i': 3640, 'e': '{"missing_values": {"gender": 3471, "city": 127, "experience": 176}, "invalid_training_hours": 169}', 'c': 'medium'}]
(Background on this error at: https://sqlalche.me/e/14/f405)
[2025-11-17T13:59:03.636+0000] {taskinstance.py:1206} INFO - Marking task as FAILED. dag_id=job_ingestion_pipeline, task_id=save_statistics, run_id=manual__2025-11-17T13:58:52.773368+00:00, execution_date=20251117T135852, start_date=20251117T135902, end_date=20251117T135903
[2025-11-17T13:59:03.764+0000] {standard_task_runner.py:110} ERROR - Failed to execute job 7 for task save_statistics ((psycopg2.errors.UndefinedColumn) column "n_rows" of relation "data_quality_stats" does not exist
LINE 3:                         (filename, n_rows, n_valid_rows, n_i...
                                           ^

[SQL: 
                    INSERT INTO data_quality_stats
                        (filename, n_rows, n_valid_rows, n_invalid_rows, error_summary, criticality)
                    VALUES (%(f)s, %(n)s, %(v)s, %(i)s, %(e)s, %(c)s)
                    ON CONFLICT (filename) DO UPDATE SET
                        n_rows        = EXCLUDED.n_rows,
                        n_valid_rows  = EXCLUDED.n_valid_rows,
                        n_invalid_rows= EXCLUDED.n_invalid_rows,
                        error_summary = EXCLUDED.error_summary,
                        criticality   = EXCLUDED.criticality
                    ]
[parameters: {'f': 'job_part_002.csv', 'n': 14177, 'v': 10537, 'i': 3640, 'e': '{"missing_values": {"gender": 3471, "city": 127, "experience": 176}, "invalid_training_hours": 169}', 'c': 'medium'}]
(Background on this error at: https://sqlalche.me/e/14/f405); 265)
[2025-11-17T13:59:03.838+0000] {local_task_job_runner.py:243} INFO - Task exited with return code 1
[2025-11-17T13:59:03.888+0000] {taskinstance.py:3503} INFO - 0 downstream tasks scheduled from follow-on schedule check
[2025-11-17T13:59:03.899+0000] {local_task_job_runner.py:222} INFO - ::endgroup::
