[2025-11-16T18:29:15.636+0000] {local_task_job_runner.py:120} INFO - ::group::Pre task execution logs
[2025-11-16T18:29:15.714+0000] {taskinstance.py:2076} INFO - Dependencies all met for dep_context=non-requeueable deps ti=<TaskInstance: job_ingestion_pipeline.validate_data scheduled__2025-11-16T18:27:00+00:00 [queued]>
[2025-11-16T18:29:15.732+0000] {taskinstance.py:2076} INFO - Dependencies all met for dep_context=requeueable deps ti=<TaskInstance: job_ingestion_pipeline.validate_data scheduled__2025-11-16T18:27:00+00:00 [queued]>
[2025-11-16T18:29:15.734+0000] {taskinstance.py:2306} INFO - Starting attempt 1 of 1
[2025-11-16T18:29:15.804+0000] {taskinstance.py:2330} INFO - Executing <Task(_PythonDecoratedOperator): validate_data> on 2025-11-16 18:27:00+00:00
[2025-11-16T18:29:15.837+0000] {standard_task_runner.py:90} INFO - Running: ['***', 'tasks', 'run', 'job_ingestion_pipeline', 'validate_data', 'scheduled__2025-11-16T18:27:00+00:00', '--job-id', '145', '--raw', '--subdir', 'DAGS_FOLDER/dag_ingestion.py', '--cfg-path', '/tmp/tmpxjsmv8zt']
[2025-11-16T18:29:15.844+0000] {standard_task_runner.py:91} INFO - Job 145: Subtask validate_data
[2025-11-16T18:29:15.845+0000] {logging_mixin.py:188} WARNING - /home/***/.local/lib/python3.12/site-packages/***/task/task_runner/standard_task_runner.py:62 DeprecationWarning: This process (pid=337) is multi-threaded, use of fork() may lead to deadlocks in the child.
[2025-11-16T18:29:15.848+0000] {standard_task_runner.py:64} INFO - Started process 384 to run task
[2025-11-16T18:29:16.020+0000] {task_command.py:426} INFO - Running <TaskInstance: job_ingestion_pipeline.validate_data scheduled__2025-11-16T18:27:00+00:00 [running]> on host fe918a9811ce
[2025-11-16T18:29:16.357+0000] {taskinstance.py:2648} INFO - Exporting env vars: AIRFLOW_CTX_DAG_OWNER='***' AIRFLOW_CTX_DAG_ID='job_ingestion_pipeline' AIRFLOW_CTX_TASK_ID='validate_data' AIRFLOW_CTX_EXECUTION_DATE='2025-11-16T18:27:00+00:00' AIRFLOW_CTX_TRY_NUMBER='1' AIRFLOW_CTX_DAG_RUN_ID='scheduled__2025-11-16T18:27:00+00:00'
[2025-11-16T18:29:16.359+0000] {taskinstance.py:430} INFO - ::endgroup::
[2025-11-16T18:29:16.538+0000] {taskinstance.py:441} INFO - ::group::Post task execution logs
[2025-11-16T18:29:16.540+0000] {taskinstance.py:2905} ERROR - Task failed with exception
Traceback (most recent call last):
  File "/home/airflow/.local/lib/python3.12/site-packages/airflow/models/taskinstance.py", line 465, in _execute_task
    result = _execute_callable(context=context, **execute_callable_kwargs)
             ^^^^^^^^^^^^^^^^^^^^^^^^^^^^^^^^^^^^^^^^^^^^^^^^^^^^^^^^^^^^^
  File "/home/airflow/.local/lib/python3.12/site-packages/airflow/models/taskinstance.py", line 432, in _execute_callable
    return execute_callable(context=context, **execute_callable_kwargs)
           ^^^^^^^^^^^^^^^^^^^^^^^^^^^^^^^^^^^^^^^^^^^^^^^^^^^^^^^^^^^^
  File "/home/airflow/.local/lib/python3.12/site-packages/airflow/models/baseoperator.py", line 401, in wrapper
    return func(self, *args, **kwargs)
           ^^^^^^^^^^^^^^^^^^^^^^^^^^^
  File "/home/airflow/.local/lib/python3.12/site-packages/airflow/decorators/base.py", line 265, in execute
    return_value = super().execute(context)
                   ^^^^^^^^^^^^^^^^^^^^^^^^
  File "/home/airflow/.local/lib/python3.12/site-packages/airflow/models/baseoperator.py", line 401, in wrapper
    return func(self, *args, **kwargs)
           ^^^^^^^^^^^^^^^^^^^^^^^^^^^
  File "/home/airflow/.local/lib/python3.12/site-packages/airflow/operators/python.py", line 235, in execute
    return_value = self.execute_callable()
                   ^^^^^^^^^^^^^^^^^^^^^^^
  File "/home/airflow/.local/lib/python3.12/site-packages/airflow/operators/python.py", line 252, in execute_callable
    return self.python_callable(*self.op_args, **self.op_kwargs)
           ^^^^^^^^^^^^^^^^^^^^^^^^^^^^^^^^^^^^^^^^^^^^^^^^^^^^^
  File "/opt/airflow/dags/dag_ingestion.py", line 127, in validate_data
    ge_df = ge.from_pandas(df)
            ^^^^^^^^^^^^^^
AttributeError: module 'great_expectations' has no attribute 'from_pandas'
[2025-11-16T18:29:16.579+0000] {taskinstance.py:1206} INFO - Marking task as FAILED. dag_id=job_ingestion_pipeline, task_id=validate_data, run_id=scheduled__2025-11-16T18:27:00+00:00, execution_date=20251116T182700, start_date=20251116T182915, end_date=20251116T182916
[2025-11-16T18:29:16.618+0000] {standard_task_runner.py:110} ERROR - Failed to execute job 145 for task validate_data (module 'great_expectations' has no attribute 'from_pandas'; 384)
[2025-11-16T18:29:16.705+0000] {local_task_job_runner.py:243} INFO - Task exited with return code 1
[2025-11-16T18:29:16.765+0000] {taskinstance.py:3503} INFO - 0 downstream tasks scheduled from follow-on schedule check
[2025-11-16T18:29:16.802+0000] {local_task_job_runner.py:222} INFO - ::endgroup::
