[2025-11-16T19:14:13.966+0000] {local_task_job_runner.py:120} INFO - ::group::Pre task execution logs
[2025-11-16T19:14:14.084+0000] {taskinstance.py:2076} INFO - Dependencies all met for dep_context=non-requeueable deps ti=<TaskInstance: job_ingestion_pipeline.save_statistics scheduled__2025-11-16T19:13:00+00:00 [queued]>
[2025-11-16T19:14:14.109+0000] {taskinstance.py:2076} INFO - Dependencies all met for dep_context=requeueable deps ti=<TaskInstance: job_ingestion_pipeline.save_statistics scheduled__2025-11-16T19:13:00+00:00 [queued]>
[2025-11-16T19:14:14.111+0000] {taskinstance.py:2306} INFO - Starting attempt 1 of 1
[2025-11-16T19:14:14.174+0000] {taskinstance.py:2330} INFO - Executing <Task(_PythonDecoratedOperator): save_statistics> on 2025-11-16 19:13:00+00:00
[2025-11-16T19:14:14.209+0000] {standard_task_runner.py:90} INFO - Running: ['***', 'tasks', 'run', 'job_ingestion_pipeline', 'save_statistics', 'scheduled__2025-11-16T19:13:00+00:00', '--job-id', '31', '--raw', '--subdir', 'DAGS_FOLDER/dag_ingestion.py', '--cfg-path', '/tmp/tmpqm54gv1v']
[2025-11-16T19:14:14.222+0000] {logging_mixin.py:188} WARNING - /home/***/.local/lib/python3.12/site-packages/***/task/task_runner/standard_task_runner.py:62 DeprecationWarning: This process (pid=473) is multi-threaded, use of fork() may lead to deadlocks in the child.
[2025-11-16T19:14:14.223+0000] {standard_task_runner.py:91} INFO - Job 31: Subtask save_statistics
[2025-11-16T19:14:14.224+0000] {standard_task_runner.py:64} INFO - Started process 481 to run task
[2025-11-16T19:14:14.427+0000] {task_command.py:426} INFO - Running <TaskInstance: job_ingestion_pipeline.save_statistics scheduled__2025-11-16T19:13:00+00:00 [running]> on host 2446aed405f7
[2025-11-16T19:14:15.140+0000] {taskinstance.py:2648} INFO - Exporting env vars: AIRFLOW_CTX_DAG_OWNER='***' AIRFLOW_CTX_DAG_ID='job_ingestion_pipeline' AIRFLOW_CTX_TASK_ID='save_statistics' AIRFLOW_CTX_EXECUTION_DATE='2025-11-16T19:13:00+00:00' AIRFLOW_CTX_TRY_NUMBER='1' AIRFLOW_CTX_DAG_RUN_ID='scheduled__2025-11-16T19:13:00+00:00'
[2025-11-16T19:14:15.142+0000] {taskinstance.py:430} INFO - ::endgroup::
[2025-11-16T19:14:15.145+0000] {logging_mixin.py:188} INFO - ðŸ“Š Saving ingestion statistics to DB...
[2025-11-16T19:14:15.165+0000] {taskinstance.py:441} INFO - ::group::Post task execution logs
[2025-11-16T19:14:15.167+0000] {taskinstance.py:2905} ERROR - Task failed with exception
Traceback (most recent call last):
  File "/home/airflow/.local/lib/python3.12/site-packages/airflow/models/taskinstance.py", line 465, in _execute_task
    result = _execute_callable(context=context, **execute_callable_kwargs)
             ^^^^^^^^^^^^^^^^^^^^^^^^^^^^^^^^^^^^^^^^^^^^^^^^^^^^^^^^^^^^^
  File "/home/airflow/.local/lib/python3.12/site-packages/airflow/models/taskinstance.py", line 432, in _execute_callable
    return execute_callable(context=context, **execute_callable_kwargs)
           ^^^^^^^^^^^^^^^^^^^^^^^^^^^^^^^^^^^^^^^^^^^^^^^^^^^^^^^^^^^^
  File "/home/airflow/.local/lib/python3.12/site-packages/airflow/models/baseoperator.py", line 401, in wrapper
    return func(self, *args, **kwargs)
           ^^^^^^^^^^^^^^^^^^^^^^^^^^^
  File "/home/airflow/.local/lib/python3.12/site-packages/airflow/decorators/base.py", line 265, in execute
    return_value = super().execute(context)
                   ^^^^^^^^^^^^^^^^^^^^^^^^
  File "/home/airflow/.local/lib/python3.12/site-packages/airflow/models/baseoperator.py", line 401, in wrapper
    return func(self, *args, **kwargs)
           ^^^^^^^^^^^^^^^^^^^^^^^^^^^
  File "/home/airflow/.local/lib/python3.12/site-packages/airflow/operators/python.py", line 235, in execute
    return_value = self.execute_callable()
                   ^^^^^^^^^^^^^^^^^^^^^^^
  File "/home/airflow/.local/lib/python3.12/site-packages/airflow/operators/python.py", line 252, in execute_callable
    return self.python_callable(*self.op_args, **self.op_kwargs)
           ^^^^^^^^^^^^^^^^^^^^^^^^^^^^^^^^^^^^^^^^^^^^^^^^^^^^^
  File "/opt/airflow/dags/dag_ingestion.py", line 129, in save_statistics
    cur.execute("""
psycopg2.errors.UndefinedColumn: column "file_path" of relation "data_quality_stats" does not exist
LINE 2:             INSERT INTO data_quality_stats (file_path, num_e...
                                                    ^

[2025-11-16T19:14:15.207+0000] {taskinstance.py:1206} INFO - Marking task as FAILED. dag_id=job_ingestion_pipeline, task_id=save_statistics, run_id=scheduled__2025-11-16T19:13:00+00:00, execution_date=20251116T191300, start_date=20251116T191414, end_date=20251116T191415
[2025-11-16T19:14:15.230+0000] {standard_task_runner.py:110} ERROR - Failed to execute job 31 for task save_statistics (column "file_path" of relation "data_quality_stats" does not exist
LINE 2:             INSERT INTO data_quality_stats (file_path, num_e...
                                                    ^
; 481)
[2025-11-16T19:14:15.325+0000] {local_task_job_runner.py:243} INFO - Task exited with return code 1
[2025-11-16T19:14:15.370+0000] {taskinstance.py:3503} INFO - 0 downstream tasks scheduled from follow-on schedule check
[2025-11-16T19:14:15.375+0000] {local_task_job_runner.py:222} INFO - ::endgroup::
