[2025-11-18T19:58:47.682+0000] {local_task_job_runner.py:120} INFO - ::group::Pre task execution logs
[2025-11-18T19:58:47.713+0000] {taskinstance.py:2076} INFO - Dependencies all met for dep_context=non-requeueable deps ti=<TaskInstance: job_ingestion_pipeline.validate_file manual__2025-11-18T19:58:39.110007+00:00 [queued]>
[2025-11-18T19:58:47.720+0000] {taskinstance.py:2076} INFO - Dependencies all met for dep_context=requeueable deps ti=<TaskInstance: job_ingestion_pipeline.validate_file manual__2025-11-18T19:58:39.110007+00:00 [queued]>
[2025-11-18T19:58:47.721+0000] {taskinstance.py:2306} INFO - Starting attempt 1 of 1
[2025-11-18T19:58:47.734+0000] {taskinstance.py:2330} INFO - Executing <Task(_PythonDecoratedOperator): validate_file> on 2025-11-18 19:58:39.110007+00:00
[2025-11-18T19:58:47.747+0000] {standard_task_runner.py:64} INFO - Started process 352 to run task
[2025-11-18T19:58:47.752+0000] {standard_task_runner.py:90} INFO - Running: ['***', 'tasks', 'run', 'job_ingestion_pipeline', 'validate_file', 'manual__2025-11-18T19:58:39.110007+00:00', '--job-id', '5', '--raw', '--subdir', 'DAGS_FOLDER/dag_ingestion.py', '--cfg-path', '/tmp/tmpznxjve2u']
[2025-11-18T19:58:47.755+0000] {standard_task_runner.py:91} INFO - Job 5: Subtask validate_file
[2025-11-18T19:58:47.828+0000] {task_command.py:426} INFO - Running <TaskInstance: job_ingestion_pipeline.validate_file manual__2025-11-18T19:58:39.110007+00:00 [running]> on host 06e39761809c
[2025-11-18T19:58:47.941+0000] {taskinstance.py:2648} INFO - Exporting env vars: AIRFLOW_CTX_DAG_OWNER='***' AIRFLOW_CTX_DAG_ID='job_ingestion_pipeline' AIRFLOW_CTX_TASK_ID='validate_file' AIRFLOW_CTX_EXECUTION_DATE='2025-11-18T19:58:39.110007+00:00' AIRFLOW_CTX_TRY_NUMBER='1' AIRFLOW_CTX_DAG_RUN_ID='manual__2025-11-18T19:58:39.110007+00:00'
[2025-11-18T19:58:47.942+0000] {taskinstance.py:430} INFO - ::endgroup::
[2025-11-18T19:58:47.960+0000] {logging_mixin.py:188} WARNING - /home/***/.local/lib/python3.10/site-packages/great_expectations/data_context/data_context/serializable_data_context.py:156 UserWarning: Warning. An existing `great_expectations.yml` was found here: /opt/***/gx.
    - No action was taken.
[2025-11-18T19:58:47.962+0000] {logging_mixin.py:188} WARNING - /home/***/.local/lib/python3.10/site-packages/great_expectations/data_context/data_context/serializable_data_context.py:164 UserWarning: Warning. An existing `config_variables.yml` was found here:
            /opt/***/gx/uncommitted. - No action was taken.
[2025-11-18T19:58:47.974+0000] {base.py:1148} ERROR - Error while processing DataContextConfig: datasources anonymous_usage_statistics
[2025-11-18T19:58:47.975+0000] {base.py:133} ERROR - Encountered errors during loading config.  See ValidationError for more details.
[2025-11-18T19:58:47.975+0000] {taskinstance.py:441} INFO - ::group::Post task execution logs
[2025-11-18T19:58:47.976+0000] {taskinstance.py:2905} ERROR - Task failed with exception
Traceback (most recent call last):
  File "/home/airflow/.local/lib/python3.10/site-packages/airflow/models/taskinstance.py", line 465, in _execute_task
    result = _execute_callable(context=context, **execute_callable_kwargs)
  File "/home/airflow/.local/lib/python3.10/site-packages/airflow/models/taskinstance.py", line 432, in _execute_callable
    return execute_callable(context=context, **execute_callable_kwargs)
  File "/home/airflow/.local/lib/python3.10/site-packages/airflow/models/baseoperator.py", line 401, in wrapper
    return func(self, *args, **kwargs)
  File "/home/airflow/.local/lib/python3.10/site-packages/airflow/decorators/base.py", line 265, in execute
    return_value = super().execute(context)
  File "/home/airflow/.local/lib/python3.10/site-packages/airflow/models/baseoperator.py", line 401, in wrapper
    return func(self, *args, **kwargs)
  File "/home/airflow/.local/lib/python3.10/site-packages/airflow/operators/python.py", line 235, in execute
    return_value = self.execute_callable()
  File "/home/airflow/.local/lib/python3.10/site-packages/airflow/operators/python.py", line 252, in execute_callable
    return self.python_callable(*self.op_args, **self.op_kwargs)
  File "/opt/airflow/dags/dag_ingestion.py", line 36, in validate_file
    context = FileDataContext(context_root_dir=GE_ROOT)
  File "/home/airflow/.local/lib/python3.10/site-packages/great_expectations/data_context/data_context/file_data_context.py", line 62, in __init__
    self._project_config = self._init_project_config(project_config)
  File "/home/airflow/.local/lib/python3.10/site-packages/great_expectations/data_context/data_context/file_data_context.py", line 105, in _init_project_config
    project_config = FileDataContext._load_file_backed_project_config(
  File "/home/airflow/.local/lib/python3.10/site-packages/great_expectations/data_context/data_context/file_data_context.py", line 200, in _load_file_backed_project_config
    return DataContextConfig.from_commented_map(
  File "/home/airflow/.local/lib/python3.10/site-packages/great_expectations/data_context/types/base.py", line 127, in from_commented_map
    config: Union[dict, BYC] = schema_instance.load(commented_map)
  File "/home/airflow/.local/lib/python3.10/site-packages/marshmallow/schema.py", line 722, in load
    return self._do_load(
  File "/home/airflow/.local/lib/python3.10/site-packages/marshmallow/schema.py", line 908, in _do_load
    self.handle_error(exc, data, many=many, partial=partial)
  File "/home/airflow/.local/lib/python3.10/site-packages/great_expectations/data_context/types/base.py", line 1149, in handle_error
    raise gx_exceptions.InvalidDataContextConfigError(
great_expectations.exceptions.exceptions.InvalidDataContextConfigError: Error while processing DataContextConfig: datasources anonymous_usage_statistics
[2025-11-18T19:58:47.993+0000] {taskinstance.py:1206} INFO - Marking task as FAILED. dag_id=job_ingestion_pipeline, task_id=validate_file, run_id=manual__2025-11-18T19:58:39.110007+00:00, execution_date=20251118T195839, start_date=20251118T195847, end_date=20251118T195847
[2025-11-18T19:58:48.006+0000] {standard_task_runner.py:110} ERROR - Failed to execute job 5 for task validate_file (Error while processing DataContextConfig: datasources anonymous_usage_statistics; 352)
[2025-11-18T19:58:48.046+0000] {local_task_job_runner.py:243} INFO - Task exited with return code 1
[2025-11-18T19:58:48.074+0000] {taskinstance.py:3503} INFO - 0 downstream tasks scheduled from follow-on schedule check
[2025-11-18T19:58:48.082+0000] {local_task_job_runner.py:222} INFO - ::endgroup::
