[2025-11-16T18:29:19.948+0000] {local_task_job_runner.py:120} INFO - ::group::Pre task execution logs
[2025-11-16T18:29:20.034+0000] {taskinstance.py:2076} INFO - Dependencies all met for dep_context=non-requeueable deps ti=<TaskInstance: job_ingestion_pipeline.validate_data manual__2025-11-16T18:28:55.329039+00:00 [queued]>
[2025-11-16T18:29:20.056+0000] {taskinstance.py:2076} INFO - Dependencies all met for dep_context=requeueable deps ti=<TaskInstance: job_ingestion_pipeline.validate_data manual__2025-11-16T18:28:55.329039+00:00 [queued]>
[2025-11-16T18:29:20.058+0000] {taskinstance.py:2306} INFO - Starting attempt 1 of 1
[2025-11-16T18:29:20.087+0000] {taskinstance.py:2330} INFO - Executing <Task(_PythonDecoratedOperator): validate_data> on 2025-11-16 18:28:55.329039+00:00
[2025-11-16T18:29:20.121+0000] {standard_task_runner.py:90} INFO - Running: ['***', 'tasks', 'run', 'job_ingestion_pipeline', 'validate_data', 'manual__2025-11-16T18:28:55.329039+00:00', '--job-id', '146', '--raw', '--subdir', 'DAGS_FOLDER/dag_ingestion.py', '--cfg-path', '/tmp/tmptz9vyzye']
[2025-11-16T18:29:20.128+0000] {standard_task_runner.py:91} INFO - Job 146: Subtask validate_data
[2025-11-16T18:29:20.134+0000] {logging_mixin.py:188} WARNING - /home/***/.local/lib/python3.12/site-packages/***/task/task_runner/standard_task_runner.py:62 DeprecationWarning: This process (pid=353) is multi-threaded, use of fork() may lead to deadlocks in the child.
[2025-11-16T18:29:20.137+0000] {standard_task_runner.py:64} INFO - Started process 390 to run task
[2025-11-16T18:29:20.288+0000] {task_command.py:426} INFO - Running <TaskInstance: job_ingestion_pipeline.validate_data manual__2025-11-16T18:28:55.329039+00:00 [running]> on host fe918a9811ce
[2025-11-16T18:29:20.574+0000] {taskinstance.py:2648} INFO - Exporting env vars: AIRFLOW_CTX_DAG_OWNER='***' AIRFLOW_CTX_DAG_ID='job_ingestion_pipeline' AIRFLOW_CTX_TASK_ID='validate_data' AIRFLOW_CTX_EXECUTION_DATE='2025-11-16T18:28:55.329039+00:00' AIRFLOW_CTX_TRY_NUMBER='1' AIRFLOW_CTX_DAG_RUN_ID='manual__2025-11-16T18:28:55.329039+00:00'
[2025-11-16T18:29:20.577+0000] {taskinstance.py:430} INFO - ::endgroup::
[2025-11-16T18:29:20.760+0000] {taskinstance.py:441} INFO - ::group::Post task execution logs
[2025-11-16T18:29:20.762+0000] {taskinstance.py:2905} ERROR - Task failed with exception
Traceback (most recent call last):
  File "/home/airflow/.local/lib/python3.12/site-packages/airflow/models/taskinstance.py", line 465, in _execute_task
    result = _execute_callable(context=context, **execute_callable_kwargs)
             ^^^^^^^^^^^^^^^^^^^^^^^^^^^^^^^^^^^^^^^^^^^^^^^^^^^^^^^^^^^^^
  File "/home/airflow/.local/lib/python3.12/site-packages/airflow/models/taskinstance.py", line 432, in _execute_callable
    return execute_callable(context=context, **execute_callable_kwargs)
           ^^^^^^^^^^^^^^^^^^^^^^^^^^^^^^^^^^^^^^^^^^^^^^^^^^^^^^^^^^^^
  File "/home/airflow/.local/lib/python3.12/site-packages/airflow/models/baseoperator.py", line 401, in wrapper
    return func(self, *args, **kwargs)
           ^^^^^^^^^^^^^^^^^^^^^^^^^^^
  File "/home/airflow/.local/lib/python3.12/site-packages/airflow/decorators/base.py", line 265, in execute
    return_value = super().execute(context)
                   ^^^^^^^^^^^^^^^^^^^^^^^^
  File "/home/airflow/.local/lib/python3.12/site-packages/airflow/models/baseoperator.py", line 401, in wrapper
    return func(self, *args, **kwargs)
           ^^^^^^^^^^^^^^^^^^^^^^^^^^^
  File "/home/airflow/.local/lib/python3.12/site-packages/airflow/operators/python.py", line 235, in execute
    return_value = self.execute_callable()
                   ^^^^^^^^^^^^^^^^^^^^^^^
  File "/home/airflow/.local/lib/python3.12/site-packages/airflow/operators/python.py", line 252, in execute_callable
    return self.python_callable(*self.op_args, **self.op_kwargs)
           ^^^^^^^^^^^^^^^^^^^^^^^^^^^^^^^^^^^^^^^^^^^^^^^^^^^^^
  File "/opt/airflow/dags/dag_ingestion.py", line 127, in validate_data
    ge_df = ge.from_pandas(df)
            ^^^^^^^^^^^^^^
AttributeError: module 'great_expectations' has no attribute 'from_pandas'
[2025-11-16T18:29:20.803+0000] {taskinstance.py:1206} INFO - Marking task as FAILED. dag_id=job_ingestion_pipeline, task_id=validate_data, run_id=manual__2025-11-16T18:28:55.329039+00:00, execution_date=20251116T182855, start_date=20251116T182920, end_date=20251116T182920
[2025-11-16T18:29:20.830+0000] {standard_task_runner.py:110} ERROR - Failed to execute job 146 for task validate_data (module 'great_expectations' has no attribute 'from_pandas'; 390)
[2025-11-16T18:29:20.901+0000] {local_task_job_runner.py:243} INFO - Task exited with return code 1
[2025-11-16T18:29:20.951+0000] {taskinstance.py:3503} INFO - 0 downstream tasks scheduled from follow-on schedule check
[2025-11-16T18:29:20.957+0000] {local_task_job_runner.py:222} INFO - ::endgroup::
