[2025-11-17T15:37:25.045+0000] {local_task_job_runner.py:120} INFO - ::group::Pre task execution logs
[2025-11-17T15:37:25.153+0000] {taskinstance.py:2076} INFO - Dependencies all met for dep_context=non-requeueable deps ti=<TaskInstance: job_ingestion_pipeline.validate_data scheduled__2025-11-17T15:20:00+00:00 map_index=3 [queued]>
[2025-11-17T15:37:25.183+0000] {taskinstance.py:2076} INFO - Dependencies all met for dep_context=requeueable deps ti=<TaskInstance: job_ingestion_pipeline.validate_data scheduled__2025-11-17T15:20:00+00:00 map_index=3 [queued]>
[2025-11-17T15:37:25.188+0000] {taskinstance.py:2306} INFO - Starting attempt 2 of 2
[2025-11-17T15:37:25.231+0000] {taskinstance.py:2330} INFO - Executing <Mapped(_PythonDecoratedOperator): validate_data> on 2025-11-17 15:20:00+00:00
[2025-11-17T15:37:25.287+0000] {logging_mixin.py:188} WARNING - /home/***/.local/lib/python3.12/site-packages/***/task/task_runner/standard_task_runner.py:62 DeprecationWarning: This process (pid=1045) is multi-threaded, use of fork() may lead to deadlocks in the child.
[2025-11-17T15:37:25.293+0000] {standard_task_runner.py:64} INFO - Started process 1250 to run task
[2025-11-17T15:37:25.295+0000] {standard_task_runner.py:90} INFO - Running: ['***', 'tasks', 'run', 'job_ingestion_pipeline', 'validate_data', 'scheduled__2025-11-17T15:20:00+00:00', '--job-id', '60', '--raw', '--subdir', 'DAGS_FOLDER/dag_ingestion.py', '--cfg-path', '/tmp/tmp_ystn3gj', '--map-index', '3']
[2025-11-17T15:37:25.305+0000] {standard_task_runner.py:91} INFO - Job 60: Subtask validate_data
[2025-11-17T15:37:25.524+0000] {task_command.py:426} INFO - Running <TaskInstance: job_ingestion_pipeline.validate_data scheduled__2025-11-17T15:20:00+00:00 map_index=3 [running]> on host 2921dde74235
[2025-11-17T15:37:25.936+0000] {taskinstance.py:2648} INFO - Exporting env vars: AIRFLOW_CTX_DAG_OWNER='***' AIRFLOW_CTX_DAG_ID='job_ingestion_pipeline' AIRFLOW_CTX_TASK_ID='validate_data' AIRFLOW_CTX_EXECUTION_DATE='2025-11-17T15:20:00+00:00' AIRFLOW_CTX_TRY_NUMBER='2' AIRFLOW_CTX_DAG_RUN_ID='scheduled__2025-11-17T15:20:00+00:00'
[2025-11-17T15:37:25.939+0000] {taskinstance.py:430} INFO - ::endgroup::
[2025-11-17T15:37:25.940+0000] {logging_mixin.py:188} INFO - üîç Validating file: /opt/***/data/raw_data/job_part_002.csv
[2025-11-17T15:37:26.123+0000] {taskinstance.py:441} INFO - ::group::Post task execution logs
[2025-11-17T15:37:26.124+0000] {taskinstance.py:2905} ERROR - Task failed with exception
Traceback (most recent call last):
  File "/home/airflow/.local/lib/python3.12/site-packages/airflow/models/taskinstance.py", line 465, in _execute_task
    result = _execute_callable(context=context, **execute_callable_kwargs)
             ^^^^^^^^^^^^^^^^^^^^^^^^^^^^^^^^^^^^^^^^^^^^^^^^^^^^^^^^^^^^^
  File "/home/airflow/.local/lib/python3.12/site-packages/airflow/models/taskinstance.py", line 432, in _execute_callable
    return execute_callable(context=context, **execute_callable_kwargs)
           ^^^^^^^^^^^^^^^^^^^^^^^^^^^^^^^^^^^^^^^^^^^^^^^^^^^^^^^^^^^^
  File "/home/airflow/.local/lib/python3.12/site-packages/airflow/models/baseoperator.py", line 401, in wrapper
    return func(self, *args, **kwargs)
           ^^^^^^^^^^^^^^^^^^^^^^^^^^^
  File "/home/airflow/.local/lib/python3.12/site-packages/airflow/decorators/base.py", line 265, in execute
    return_value = super().execute(context)
                   ^^^^^^^^^^^^^^^^^^^^^^^^
  File "/home/airflow/.local/lib/python3.12/site-packages/airflow/models/baseoperator.py", line 401, in wrapper
    return func(self, *args, **kwargs)
           ^^^^^^^^^^^^^^^^^^^^^^^^^^^
  File "/home/airflow/.local/lib/python3.12/site-packages/airflow/operators/python.py", line 235, in execute
    return_value = self.execute_callable()
                   ^^^^^^^^^^^^^^^^^^^^^^^
  File "/home/airflow/.local/lib/python3.12/site-packages/airflow/operators/python.py", line 252, in execute_callable
    return self.python_callable(*self.op_args, **self.op_kwargs)
           ^^^^^^^^^^^^^^^^^^^^^^^^^^^^^^^^^^^^^^^^^^^^^^^^^^^^^
  File "/opt/airflow/dags/dag_ingestion.py", line 72, in validate_data
    ge_df = ge.dataset.PandasDataset(df)
            ^^^^^^^^^^
AttributeError: module 'great_expectations' has no attribute 'dataset'
[2025-11-17T15:37:26.203+0000] {taskinstance.py:1206} INFO - Marking task as FAILED. dag_id=job_ingestion_pipeline, task_id=validate_data, run_id=scheduled__2025-11-17T15:20:00+00:00, map_index=3, execution_date=20251117T152000, start_date=20251117T153725, end_date=20251117T153726
[2025-11-17T15:37:26.232+0000] {standard_task_runner.py:110} ERROR - Failed to execute job 60 for task validate_data (module 'great_expectations' has no attribute 'dataset'; 1250)
[2025-11-17T15:37:26.338+0000] {local_task_job_runner.py:243} INFO - Task exited with return code 1
[2025-11-17T15:37:26.371+0000] {local_task_job_runner.py:222} INFO - ::endgroup::
